<!DOCTYPE html>
<html>
  <head>
    <meta charset="utf-8"/>
    <title id="head-title">report.html</title>
      <link href="assets/style.css" rel="stylesheet" type="text/css"/>
  </head>
  <body>
    <h1 id="title">report.html</h1>
    <p>Report generated on 30-Dec-2024 at 16:02:53 by <a href="https://pypi.python.org/pypi/pytest-html">pytest-html</a>
        v4.1.1</p>
    <div id="environment-header">
      <h2>Environment</h2>
    </div>
    <table id="environment"></table>
    <!-- TEMPLATES -->
      <template id="template_environment_row">
      <tr>
        <td></td>
        <td></td>
      </tr>
    </template>
    <template id="template_results-table__body--empty">
      <tbody class="results-table-row">
        <tr id="not-found-message">
          <td colspan="6">No results found. Check the filters.</th>
        </tr>
    </template>
    <template id="template_results-table__tbody">
      <tbody class="results-table-row">
        <tr class="collapsible">
        </tr>
        <tr class="extras-row">
          <td class="extra" colspan="6">
            <div class="extraHTML"></div>
            <div class="media">
              <div class="media-container">
                  <div class="media-container__nav--left"><</div>
                  <div class="media-container__viewport">
                    <img src="" />
                    <video controls>
                      <source src="" type="video/mp4">
                    </video>
                  </div>
                  <div class="media-container__nav--right">></div>
                </div>
                <div class="media__name"></div>
                <div class="media__counter"></div>
            </div>
            <div class="logwrapper">
              <div class="logexpander"></div>
              <div class="log"></div>
            </div>
          </td>
        </tr>
      </tbody>
    </template>
    <!-- END TEMPLATES -->
    <div class="summary">
      <div class="summary__data">
        <h2>Summary</h2>
        <div class="additional-summary prefix">
        </div>
        <p class="run-count">84 tests took 872 ms.</p>
        <p class="filter">(Un)check the boxes to filter the results.</p>
        <div class="summary__reload">
          <div class="summary__reload__button hidden" onclick="location.reload()">
            <div>There are still tests running. <br />Reload this page to get the latest results!</div>
          </div>
        </div>
        <div class="summary__spacer"></div>
        <div class="controls">
          <div class="filters">
            <input checked="true" class="filter" name="filter_checkbox" type="checkbox" data-test-result="failed" disabled/>
            <span class="failed">0 Failed,</span>
            <input checked="true" class="filter" name="filter_checkbox" type="checkbox" data-test-result="passed" />
            <span class="passed">84 Passed,</span>
            <input checked="true" class="filter" name="filter_checkbox" type="checkbox" data-test-result="skipped" />
            <span class="skipped">13 Skipped,</span>
            <input checked="true" class="filter" name="filter_checkbox" type="checkbox" data-test-result="xfailed" disabled/>
            <span class="xfailed">0 Expected failures,</span>
            <input checked="true" class="filter" name="filter_checkbox" type="checkbox" data-test-result="xpassed" disabled/>
            <span class="xpassed">0 Unexpected passes,</span>
            <input checked="true" class="filter" name="filter_checkbox" type="checkbox" data-test-result="error" disabled/>
            <span class="error">0 Errors,</span>
            <input checked="true" class="filter" name="filter_checkbox" type="checkbox" data-test-result="rerun" disabled/>
            <span class="rerun">0 Reruns</span>
          </div>
          <div class="collapse">
            <button id="show_all_details">Show all details</button>&nbsp;/&nbsp;<button id="hide_all_details">Hide all details</button>
          </div>
        </div>
      </div>
      <div class="additional-summary summary">
      </div>
      <div class="additional-summary postfix">
      </div>
    </div>
    <table id="results-table">
      <thead id="results-table-head">
        <tr>
          <th class="sortable" data-column-type="result">Result</th>
          <th class="sortable">Parametrization ID</th>
          <th class="sortable" data-column-type="testId">Test</th>
          <th>Desciption</th>
          <th class="sortable" data-column-type="duration">Duration</th>
          <th>Links</th>
        </tr>
      </thead>
    </table>
  </body>
  <footer>
    <div id="data-container" data-jsonblob="{&#34;environment&#34;: {&#34;Python&#34;: &#34;3.11.3&#34;, &#34;Platform&#34;: &#34;macOS-15.1.1-arm64-arm-64bit&#34;, &#34;Packages&#34;: {&#34;pytest&#34;: &#34;8.3.4&#34;, &#34;pluggy&#34;: &#34;1.5.0&#34;}, &#34;Plugins&#34;: {&#34;html&#34;: &#34;4.1.1&#34;, &#34;metadata&#34;: &#34;3.1.1&#34;, &#34;baseline&#34;: &#34;0.1.0&#34;}, &#34;Environment&#34;: &#34;DEFAULT&#34;, &#34;Invoking Command&#34;: &#34;pytest tests --html reports/report.html&#34;, &#34;Start Time&#34;: &#34;2024-12-30T16:02:52&#34;}, &#34;tests&#34;: {&#34;tests/helpers/test_file_io.py::test_generate_csv_file&#34;: [{&#34;extras&#34;: [], &#34;result&#34;: &#34;Skipped&#34;, &#34;testId&#34;: &#34;tests/helpers/test_file_io.py::test_generate_csv_file::setup&#34;, &#34;duration&#34;: &#34;0 ms&#34;, &#34;resultsTableRow&#34;: [&#34;&lt;td class=\&#34;col-result\&#34;&gt;Skipped&lt;/td&gt;&#34;, &#34;&lt;td&gt;not a parametrized test&lt;/td&gt;&#34;, &#34;&lt;td class=\&#34;col-testId\&#34;&gt;tests/helpers/test_file_io.py::test_generate_csv_file::setup&lt;/td&gt;&#34;, &#34;&lt;td&gt;No Description&lt;/td&gt;&#34;, &#34;&lt;td class=\&#34;col-duration\&#34;&gt;0 ms&lt;/td&gt;&#34;, &#34;&lt;td class=\&#34;col-links\&#34;&gt;&lt;/td&gt;&#34;], &#34;log&#34;: &#34;(&amp;#x27;/Users/keith/dev/build/gh/pytest-baseline/tests/helpers/test_file_io.py&amp;#x27;, 4, &amp;#x27;Skipped: Test not written yet&amp;#x27;)\n&#34;}], &#34;tests/helpers/test_framework.py::test_fixture_print_wrapper&#34;: [{&#34;extras&#34;: [], &#34;result&#34;: &#34;Skipped&#34;, &#34;testId&#34;: &#34;tests/helpers/test_framework.py::test_fixture_print_wrapper::setup&#34;, &#34;duration&#34;: &#34;0 ms&#34;, &#34;resultsTableRow&#34;: [&#34;&lt;td class=\&#34;col-result\&#34;&gt;Skipped&lt;/td&gt;&#34;, &#34;&lt;td&gt;not a parametrized test&lt;/td&gt;&#34;, &#34;&lt;td class=\&#34;col-testId\&#34;&gt;tests/helpers/test_framework.py::test_fixture_print_wrapper::setup&lt;/td&gt;&#34;, &#34;&lt;td&gt;No Description&lt;/td&gt;&#34;, &#34;&lt;td class=\&#34;col-duration\&#34;&gt;0 ms&lt;/td&gt;&#34;, &#34;&lt;td class=\&#34;col-links\&#34;&gt;&lt;/td&gt;&#34;], &#34;log&#34;: &#34;(&amp;#x27;/Users/keith/dev/build/gh/pytest-baseline/tests/helpers/test_framework.py&amp;#x27;, 4, &amp;#x27;Skipped: Test not written yet&amp;#x27;)\n&#34;}], &#34;tests/helpers/test_framework.py::test_check_duplicate_keys_list_of_dict&#34;: [{&#34;extras&#34;: [], &#34;result&#34;: &#34;Skipped&#34;, &#34;testId&#34;: &#34;tests/helpers/test_framework.py::test_check_duplicate_keys_list_of_dict::setup&#34;, &#34;duration&#34;: &#34;0 ms&#34;, &#34;resultsTableRow&#34;: [&#34;&lt;td class=\&#34;col-result\&#34;&gt;Skipped&lt;/td&gt;&#34;, &#34;&lt;td&gt;not a parametrized test&lt;/td&gt;&#34;, &#34;&lt;td class=\&#34;col-testId\&#34;&gt;tests/helpers/test_framework.py::test_check_duplicate_keys_list_of_dict::setup&lt;/td&gt;&#34;, &#34;&lt;td&gt;No Description&lt;/td&gt;&#34;, &#34;&lt;td class=\&#34;col-duration\&#34;&gt;0 ms&lt;/td&gt;&#34;, &#34;&lt;td class=\&#34;col-links\&#34;&gt;&lt;/td&gt;&#34;], &#34;log&#34;: &#34;(&amp;#x27;/Users/keith/dev/build/gh/pytest-baseline/tests/helpers/test_framework.py&amp;#x27;, 9, &amp;#x27;Skipped: Test not written yet&amp;#x27;)\n&#34;}], &#34;tests/helpers/test_framework.py::test_get_module_defined_configuration&#34;: [{&#34;extras&#34;: [], &#34;result&#34;: &#34;Skipped&#34;, &#34;testId&#34;: &#34;tests/helpers/test_framework.py::test_get_module_defined_configuration::setup&#34;, &#34;duration&#34;: &#34;0 ms&#34;, &#34;resultsTableRow&#34;: [&#34;&lt;td class=\&#34;col-result\&#34;&gt;Skipped&lt;/td&gt;&#34;, &#34;&lt;td&gt;not a parametrized test&lt;/td&gt;&#34;, &#34;&lt;td class=\&#34;col-testId\&#34;&gt;tests/helpers/test_framework.py::test_get_module_defined_configuration::setup&lt;/td&gt;&#34;, &#34;&lt;td&gt;No Description&lt;/td&gt;&#34;, &#34;&lt;td class=\&#34;col-duration\&#34;&gt;0 ms&lt;/td&gt;&#34;, &#34;&lt;td class=\&#34;col-links\&#34;&gt;&lt;/td&gt;&#34;], &#34;log&#34;: &#34;(&amp;#x27;/Users/keith/dev/build/gh/pytest-baseline/tests/helpers/test_framework.py&amp;#x27;, 14, &amp;#x27;Skipped: Test not written yet&amp;#x27;)\n&#34;}], &#34;tests/helpers/test_framework.py::test_is_iterable&#34;: [{&#34;extras&#34;: [], &#34;result&#34;: &#34;Skipped&#34;, &#34;testId&#34;: &#34;tests/helpers/test_framework.py::test_is_iterable::setup&#34;, &#34;duration&#34;: &#34;0 ms&#34;, &#34;resultsTableRow&#34;: [&#34;&lt;td class=\&#34;col-result\&#34;&gt;Skipped&lt;/td&gt;&#34;, &#34;&lt;td&gt;not a parametrized test&lt;/td&gt;&#34;, &#34;&lt;td class=\&#34;col-testId\&#34;&gt;tests/helpers/test_framework.py::test_is_iterable::setup&lt;/td&gt;&#34;, &#34;&lt;td&gt;No Description&lt;/td&gt;&#34;, &#34;&lt;td class=\&#34;col-duration\&#34;&gt;0 ms&lt;/td&gt;&#34;, &#34;&lt;td class=\&#34;col-links\&#34;&gt;&lt;/td&gt;&#34;], &#34;log&#34;: &#34;(&amp;#x27;/Users/keith/dev/build/gh/pytest-baseline/tests/helpers/test_framework.py&amp;#x27;, 19, &amp;#x27;Skipped: Test not written yet&amp;#x27;)\n&#34;}], &#34;tests/helpers/test_framework.py::test_construct_parametrized_args_from_module_variable&#34;: [{&#34;extras&#34;: [], &#34;result&#34;: &#34;Skipped&#34;, &#34;testId&#34;: &#34;tests/helpers/test_framework.py::test_construct_parametrized_args_from_module_variable::setup&#34;, &#34;duration&#34;: &#34;0 ms&#34;, &#34;resultsTableRow&#34;: [&#34;&lt;td class=\&#34;col-result\&#34;&gt;Skipped&lt;/td&gt;&#34;, &#34;&lt;td&gt;not a parametrized test&lt;/td&gt;&#34;, &#34;&lt;td class=\&#34;col-testId\&#34;&gt;tests/helpers/test_framework.py::test_construct_parametrized_args_from_module_variable::setup&lt;/td&gt;&#34;, &#34;&lt;td&gt;No Description&lt;/td&gt;&#34;, &#34;&lt;td class=\&#34;col-duration\&#34;&gt;0 ms&lt;/td&gt;&#34;, &#34;&lt;td class=\&#34;col-links\&#34;&gt;&lt;/td&gt;&#34;], &#34;log&#34;: &#34;(&amp;#x27;/Users/keith/dev/build/gh/pytest-baseline/tests/helpers/test_framework.py&amp;#x27;, 24, &amp;#x27;Skipped: Test not written yet&amp;#x27;)\n&#34;}], &#34;tests/helpers/test_framework.py::test_get_fixtures_of_type&#34;: [{&#34;extras&#34;: [], &#34;result&#34;: &#34;Skipped&#34;, &#34;testId&#34;: &#34;tests/helpers/test_framework.py::test_get_fixtures_of_type::setup&#34;, &#34;duration&#34;: &#34;0 ms&#34;, &#34;resultsTableRow&#34;: [&#34;&lt;td class=\&#34;col-result\&#34;&gt;Skipped&lt;/td&gt;&#34;, &#34;&lt;td&gt;not a parametrized test&lt;/td&gt;&#34;, &#34;&lt;td class=\&#34;col-testId\&#34;&gt;tests/helpers/test_framework.py::test_get_fixtures_of_type::setup&lt;/td&gt;&#34;, &#34;&lt;td&gt;No Description&lt;/td&gt;&#34;, &#34;&lt;td class=\&#34;col-duration\&#34;&gt;0 ms&lt;/td&gt;&#34;, &#34;&lt;td class=\&#34;col-links\&#34;&gt;&lt;/td&gt;&#34;], &#34;log&#34;: &#34;(&amp;#x27;/Users/keith/dev/build/gh/pytest-baseline/tests/helpers/test_framework.py&amp;#x27;, 29, &amp;#x27;Skipped: Test not written yet&amp;#x27;)\n&#34;}], &#34;tests/helpers/test_framework.py::test_get_items_to_mark&#34;: [{&#34;extras&#34;: [], &#34;result&#34;: &#34;Skipped&#34;, &#34;testId&#34;: &#34;tests/helpers/test_framework.py::test_get_items_to_mark::setup&#34;, &#34;duration&#34;: &#34;0 ms&#34;, &#34;resultsTableRow&#34;: [&#34;&lt;td class=\&#34;col-result\&#34;&gt;Skipped&lt;/td&gt;&#34;, &#34;&lt;td&gt;not a parametrized test&lt;/td&gt;&#34;, &#34;&lt;td class=\&#34;col-testId\&#34;&gt;tests/helpers/test_framework.py::test_get_items_to_mark::setup&lt;/td&gt;&#34;, &#34;&lt;td&gt;No Description&lt;/td&gt;&#34;, &#34;&lt;td class=\&#34;col-duration\&#34;&gt;0 ms&lt;/td&gt;&#34;, &#34;&lt;td class=\&#34;col-links\&#34;&gt;&lt;/td&gt;&#34;], &#34;log&#34;: &#34;(&amp;#x27;/Users/keith/dev/build/gh/pytest-baseline/tests/helpers/test_framework.py&amp;#x27;, 34, &amp;#x27;Skipped: Test not written yet&amp;#x27;)\n&#34;}], &#34;tests/helpers/test_framework.py::test_FixtureExtra&#34;: [{&#34;extras&#34;: [], &#34;result&#34;: &#34;Skipped&#34;, &#34;testId&#34;: &#34;tests/helpers/test_framework.py::test_FixtureExtra::setup&#34;, &#34;duration&#34;: &#34;0 ms&#34;, &#34;resultsTableRow&#34;: [&#34;&lt;td class=\&#34;col-result\&#34;&gt;Skipped&lt;/td&gt;&#34;, &#34;&lt;td&gt;not a parametrized test&lt;/td&gt;&#34;, &#34;&lt;td class=\&#34;col-testId\&#34;&gt;tests/helpers/test_framework.py::test_FixtureExtra::setup&lt;/td&gt;&#34;, &#34;&lt;td&gt;No Description&lt;/td&gt;&#34;, &#34;&lt;td class=\&#34;col-duration\&#34;&gt;0 ms&lt;/td&gt;&#34;, &#34;&lt;td class=\&#34;col-links\&#34;&gt;&lt;/td&gt;&#34;], &#34;log&#34;: &#34;(&amp;#x27;/Users/keith/dev/build/gh/pytest-baseline/tests/helpers/test_framework.py&amp;#x27;, 39, &amp;#x27;Skipped: Test not written yet&amp;#x27;)\n&#34;}], &#34;tests/helpers/test_framework.py::test_FixtureExtraList&#34;: [{&#34;extras&#34;: [], &#34;result&#34;: &#34;Skipped&#34;, &#34;testId&#34;: &#34;tests/helpers/test_framework.py::test_FixtureExtraList::setup&#34;, &#34;duration&#34;: &#34;0 ms&#34;, &#34;resultsTableRow&#34;: [&#34;&lt;td class=\&#34;col-result\&#34;&gt;Skipped&lt;/td&gt;&#34;, &#34;&lt;td&gt;not a parametrized test&lt;/td&gt;&#34;, &#34;&lt;td class=\&#34;col-testId\&#34;&gt;tests/helpers/test_framework.py::test_FixtureExtraList::setup&lt;/td&gt;&#34;, &#34;&lt;td&gt;No Description&lt;/td&gt;&#34;, &#34;&lt;td class=\&#34;col-duration\&#34;&gt;0 ms&lt;/td&gt;&#34;, &#34;&lt;td class=\&#34;col-links\&#34;&gt;&lt;/td&gt;&#34;], &#34;log&#34;: &#34;(&amp;#x27;/Users/keith/dev/build/gh/pytest-baseline/tests/helpers/test_framework.py&amp;#x27;, 44, &amp;#x27;Skipped: Test not written yet&amp;#x27;)\n&#34;}], &#34;tests/helpers/test_printing.py::test_dir_str_of_object_default&#34;: [{&#34;extras&#34;: [], &#34;result&#34;: &#34;Passed&#34;, &#34;testId&#34;: &#34;tests/helpers/test_printing.py::test_dir_str_of_object_default&#34;, &#34;duration&#34;: &#34;1 ms&#34;, &#34;resultsTableRow&#34;: [&#34;&lt;td class=\&#34;col-result\&#34;&gt;Passed&lt;/td&gt;&#34;, &#34;&lt;td&gt;not a parametrized test&lt;/td&gt;&#34;, &#34;&lt;td class=\&#34;col-testId\&#34;&gt;tests/helpers/test_printing.py::test_dir_str_of_object_default&lt;/td&gt;&#34;, &#34;&lt;td&gt;Ensure the default use of the function, private attributes and methods\n    are return but magic methods are not, the keys and values are spaced to\n    line up, fill_char is `.`, correct type is used for header\n    &lt;/td&gt;&#34;, &#34;&lt;td class=\&#34;col-duration\&#34;&gt;1 ms&lt;/td&gt;&#34;, &#34;&lt;td class=\&#34;col-links\&#34;&gt;&lt;/td&gt;&#34;], &#34;log&#34;: &#34;----------------------------- Captured stdout call -----------------------------\n\n&amp;lt;class &amp;#x27;test_printing.DirStrObj&amp;#x27;&amp;gt;:\n..._private_attribute : this is my private attribute\n......_private_method : &amp;lt;bound method DirStrObj._private_method of &amp;lt;test_printing.DirStrObj object at 0x106040c10&amp;gt;&amp;gt;\n......class_attribute : this is my class attribute\n...........class_dict : {&amp;#x27;this&amp;#x27;: &amp;#x27;is&amp;#x27;, &amp;#x27;a&amp;#x27;: &amp;#x27;dict&amp;#x27;}\n.........class_method : &amp;lt;bound method DirStrObj.class_method of &amp;lt;class &amp;#x27;test_printing.DirStrObj&amp;#x27;&amp;gt;&amp;gt;\n.multi_line_attribute : This\n                        attribute\n                        contains\n                        newline\n                        characters\n........public_method : &amp;lt;bound method DirStrObj.public_method of &amp;lt;test_printing.DirStrObj object at 0x106040c10&amp;gt;&amp;gt;\n........static_method : &amp;lt;function DirStrObj.static_method at 0x10600f7e0&amp;gt;\n\n&#34;}], &#34;tests/helpers/test_printing.py::test_dir_str_of_object_print_dbl_underscore&#34;: [{&#34;extras&#34;: [], &#34;result&#34;: &#34;Passed&#34;, &#34;testId&#34;: &#34;tests/helpers/test_printing.py::test_dir_str_of_object_print_dbl_underscore&#34;, &#34;duration&#34;: &#34;1 ms&#34;, &#34;resultsTableRow&#34;: [&#34;&lt;td class=\&#34;col-result\&#34;&gt;Passed&lt;/td&gt;&#34;, &#34;&lt;td&gt;not a parametrized test&lt;/td&gt;&#34;, &#34;&lt;td class=\&#34;col-testId\&#34;&gt;tests/helpers/test_printing.py::test_dir_str_of_object_print_dbl_underscore&lt;/td&gt;&#34;, &#34;&lt;td&gt;Ensure `filter__` parameter is honored&lt;/td&gt;&#34;, &#34;&lt;td class=\&#34;col-duration\&#34;&gt;1 ms&lt;/td&gt;&#34;, &#34;&lt;td class=\&#34;col-links\&#34;&gt;&lt;/td&gt;&#34;], &#34;log&#34;: &#34;----------------------------- Captured stdout call -----------------------------\n\n&amp;lt;class &amp;#x27;test_printing.DirStrObj&amp;#x27;&amp;gt;:\n............__class__ : &amp;lt;class &amp;#x27;test_printing.DirStrObj&amp;#x27;&amp;gt;\n..........__delattr__ : &amp;lt;method-wrapper &amp;#x27;__delattr__&amp;#x27; of DirStrObj object at 0x106040090&amp;gt;\n.............__dict__ : {&amp;#x27;multi_line_attribute&amp;#x27;: &amp;#x27;This\\nattribute\\ncontains\\nnewline\\ncharacters&amp;#x27;}\n..............__dir__ : &amp;lt;built-in method __dir__ of DirStrObj object at 0x106040090&amp;gt;\n..............__doc__ : None\n...............__eq__ : &amp;lt;method-wrapper &amp;#x27;__eq__&amp;#x27; of DirStrObj object at 0x106040090&amp;gt;\n...........__format__ : &amp;lt;built-in method __format__ of DirStrObj object at 0x106040090&amp;gt;\n...............__ge__ : &amp;lt;method-wrapper &amp;#x27;__ge__&amp;#x27; of DirStrObj object at 0x106040090&amp;gt;\n.....__getattribute__ : &amp;lt;method-wrapper &amp;#x27;__getattribute__&amp;#x27; of DirStrObj object at 0x106040090&amp;gt;\n.........__getstate__ : &amp;lt;built-in method __getstate__ of DirStrObj object at 0x106040090&amp;gt;\n...............__gt__ : &amp;lt;method-wrapper &amp;#x27;__gt__&amp;#x27; of DirStrObj object at 0x106040090&amp;gt;\n.............__hash__ : &amp;lt;method-wrapper &amp;#x27;__hash__&amp;#x27; of DirStrObj object at 0x106040090&amp;gt;\n.............__init__ : &amp;lt;bound method DirStrObj.__init__ of &amp;lt;test_printing.DirStrObj object at 0x106040090&amp;gt;&amp;gt;\n....__init_subclass__ : &amp;lt;built-in method __init_subclass__ of type object at 0x134f98000&amp;gt;\n...............__le__ : &amp;lt;method-wrapper &amp;#x27;__le__&amp;#x27; of DirStrObj object at 0x106040090&amp;gt;\n...............__lt__ : &amp;lt;method-wrapper &amp;#x27;__lt__&amp;#x27; of DirStrObj object at 0x106040090&amp;gt;\n...........__module__ : test_printing\n...............__ne__ : &amp;lt;method-wrapper &amp;#x27;__ne__&amp;#x27; of DirStrObj object at 0x106040090&amp;gt;\n..............__new__ : &amp;lt;built-in method __new__ of type object at 0x1051f7c78&amp;gt;\n...........__reduce__ : &amp;lt;built-in method __reduce__ of DirStrObj object at 0x106040090&amp;gt;\n........__reduce_ex__ : &amp;lt;built-in method __reduce_ex__ of DirStrObj object at 0x106040090&amp;gt;\n.............__repr__ : &amp;lt;method-wrapper &amp;#x27;__repr__&amp;#x27; of DirStrObj object at 0x106040090&amp;gt;\n..........__setattr__ : &amp;lt;method-wrapper &amp;#x27;__setattr__&amp;#x27; of DirStrObj object at 0x106040090&amp;gt;\n...........__sizeof__ : &amp;lt;built-in method __sizeof__ of DirStrObj object at 0x106040090&amp;gt;\n..............__str__ : &amp;lt;method-wrapper &amp;#x27;__str__&amp;#x27; of DirStrObj object at 0x106040090&amp;gt;\n.....__subclasshook__ : &amp;lt;built-in method __subclasshook__ of type object at 0x134f98000&amp;gt;\n..........__weakref__ : None\n..._private_attribute : this is my private attribute\n......_private_method : &amp;lt;bound method DirStrObj._private_method of &amp;lt;test_printing.DirStrObj object at 0x106040090&amp;gt;&amp;gt;\n......class_attribute : this is my class attribute\n...........class_dict : {&amp;#x27;this&amp;#x27;: &amp;#x27;is&amp;#x27;, &amp;#x27;a&amp;#x27;: &amp;#x27;dict&amp;#x27;}\n.........class_method : &amp;lt;bound method DirStrObj.class_method of &amp;lt;class &amp;#x27;test_printing.DirStrObj&amp;#x27;&amp;gt;&amp;gt;\n.multi_line_attribute : This\n                        attribute\n                        contains\n                        newline\n                        characters\n........public_method : &amp;lt;bound method DirStrObj.public_method of &amp;lt;test_printing.DirStrObj object at 0x106040090&amp;gt;&amp;gt;\n........static_method : &amp;lt;function DirStrObj.static_method at 0x10600f7e0&amp;gt;\n\n&#34;}], &#34;tests/helpers/test_printing.py::test_dir_str_of_object_print_dbl_underscore_no_single&#34;: [{&#34;extras&#34;: [], &#34;result&#34;: &#34;Passed&#34;, &#34;testId&#34;: &#34;tests/helpers/test_printing.py::test_dir_str_of_object_print_dbl_underscore_no_single&#34;, &#34;duration&#34;: &#34;0 ms&#34;, &#34;resultsTableRow&#34;: [&#34;&lt;td class=\&#34;col-result\&#34;&gt;Passed&lt;/td&gt;&#34;, &#34;&lt;td&gt;not a parametrized test&lt;/td&gt;&#34;, &#34;&lt;td class=\&#34;col-testId\&#34;&gt;tests/helpers/test_printing.py::test_dir_str_of_object_print_dbl_underscore_no_single&lt;/td&gt;&#34;, &#34;&lt;td&gt;Ensure both `filter__` and `filter_` parameters are honored together\n    correctly\n    &lt;/td&gt;&#34;, &#34;&lt;td class=\&#34;col-duration\&#34;&gt;0 ms&lt;/td&gt;&#34;, &#34;&lt;td class=\&#34;col-links\&#34;&gt;&lt;/td&gt;&#34;], &#34;log&#34;: &#34;----------------------------- Captured stdout call -----------------------------\n\n&amp;lt;class &amp;#x27;test_printing.DirStrObj&amp;#x27;&amp;gt;:\n............__class__ : &amp;lt;class &amp;#x27;test_printing.DirStrObj&amp;#x27;&amp;gt;\n..........__delattr__ : &amp;lt;method-wrapper &amp;#x27;__delattr__&amp;#x27; of DirStrObj object at 0x106041310&amp;gt;\n.............__dict__ : {&amp;#x27;multi_line_attribute&amp;#x27;: &amp;#x27;This\\nattribute\\ncontains\\nnewline\\ncharacters&amp;#x27;}\n..............__dir__ : &amp;lt;built-in method __dir__ of DirStrObj object at 0x106041310&amp;gt;\n..............__doc__ : None\n...............__eq__ : &amp;lt;method-wrapper &amp;#x27;__eq__&amp;#x27; of DirStrObj object at 0x106041310&amp;gt;\n...........__format__ : &amp;lt;built-in method __format__ of DirStrObj object at 0x106041310&amp;gt;\n...............__ge__ : &amp;lt;method-wrapper &amp;#x27;__ge__&amp;#x27; of DirStrObj object at 0x106041310&amp;gt;\n.....__getattribute__ : &amp;lt;method-wrapper &amp;#x27;__getattribute__&amp;#x27; of DirStrObj object at 0x106041310&amp;gt;\n.........__getstate__ : &amp;lt;built-in method __getstate__ of DirStrObj object at 0x106041310&amp;gt;\n...............__gt__ : &amp;lt;method-wrapper &amp;#x27;__gt__&amp;#x27; of DirStrObj object at 0x106041310&amp;gt;\n.............__hash__ : &amp;lt;method-wrapper &amp;#x27;__hash__&amp;#x27; of DirStrObj object at 0x106041310&amp;gt;\n.............__init__ : &amp;lt;bound method DirStrObj.__init__ of &amp;lt;test_printing.DirStrObj object at 0x106041310&amp;gt;&amp;gt;\n....__init_subclass__ : &amp;lt;built-in method __init_subclass__ of type object at 0x134f98000&amp;gt;\n...............__le__ : &amp;lt;method-wrapper &amp;#x27;__le__&amp;#x27; of DirStrObj object at 0x106041310&amp;gt;\n...............__lt__ : &amp;lt;method-wrapper &amp;#x27;__lt__&amp;#x27; of DirStrObj object at 0x106041310&amp;gt;\n...........__module__ : test_printing\n...............__ne__ : &amp;lt;method-wrapper &amp;#x27;__ne__&amp;#x27; of DirStrObj object at 0x106041310&amp;gt;\n..............__new__ : &amp;lt;built-in method __new__ of type object at 0x1051f7c78&amp;gt;\n...........__reduce__ : &amp;lt;built-in method __reduce__ of DirStrObj object at 0x106041310&amp;gt;\n........__reduce_ex__ : &amp;lt;built-in method __reduce_ex__ of DirStrObj object at 0x106041310&amp;gt;\n.............__repr__ : &amp;lt;method-wrapper &amp;#x27;__repr__&amp;#x27; of DirStrObj object at 0x106041310&amp;gt;\n..........__setattr__ : &amp;lt;method-wrapper &amp;#x27;__setattr__&amp;#x27; of DirStrObj object at 0x106041310&amp;gt;\n...........__sizeof__ : &amp;lt;built-in method __sizeof__ of DirStrObj object at 0x106041310&amp;gt;\n..............__str__ : &amp;lt;method-wrapper &amp;#x27;__str__&amp;#x27; of DirStrObj object at 0x106041310&amp;gt;\n.....__subclasshook__ : &amp;lt;built-in method __subclasshook__ of type object at 0x134f98000&amp;gt;\n..........__weakref__ : None\n......class_attribute : this is my class attribute\n...........class_dict : {&amp;#x27;this&amp;#x27;: &amp;#x27;is&amp;#x27;, &amp;#x27;a&amp;#x27;: &amp;#x27;dict&amp;#x27;}\n.........class_method : &amp;lt;bound method DirStrObj.class_method of &amp;lt;class &amp;#x27;test_printing.DirStrObj&amp;#x27;&amp;gt;&amp;gt;\n.multi_line_attribute : This\n                        attribute\n                        contains\n                        newline\n                        characters\n........public_method : &amp;lt;bound method DirStrObj.public_method of &amp;lt;test_printing.DirStrObj object at 0x106041310&amp;gt;&amp;gt;\n........static_method : &amp;lt;function DirStrObj.static_method at 0x10600f7e0&amp;gt;\n\n&#34;}], &#34;tests/helpers/test_printing.py::test_dir_str_of_object_no_init&#34;: [{&#34;extras&#34;: [], &#34;result&#34;: &#34;Passed&#34;, &#34;testId&#34;: &#34;tests/helpers/test_printing.py::test_dir_str_of_object_no_init&#34;, &#34;duration&#34;: &#34;0 ms&#34;, &#34;resultsTableRow&#34;: [&#34;&lt;td class=\&#34;col-result\&#34;&gt;Passed&lt;/td&gt;&#34;, &#34;&lt;td&gt;not a parametrized test&lt;/td&gt;&#34;, &#34;&lt;td class=\&#34;col-testId\&#34;&gt;tests/helpers/test_printing.py::test_dir_str_of_object_no_init&lt;/td&gt;&#34;, &#34;&lt;td&gt;Just a slight difference for the basic usage for an object that has not\n    been initialized\n    &lt;/td&gt;&#34;, &#34;&lt;td class=\&#34;col-duration\&#34;&gt;0 ms&lt;/td&gt;&#34;, &#34;&lt;td class=\&#34;col-links\&#34;&gt;&lt;/td&gt;&#34;], &#34;log&#34;: &#34;----------------------------- Captured stdout call -----------------------------\n\n&amp;lt;class &amp;#x27;type&amp;#x27;&amp;gt;:\n._private_attribute : this is my private attribute\n...._private_method : &amp;lt;function DirStrObj._private_method at 0x10600e0c0&amp;gt;\n....class_attribute : this is my class attribute\n.........class_dict : {&amp;#x27;this&amp;#x27;: &amp;#x27;is&amp;#x27;, &amp;#x27;a&amp;#x27;: &amp;#x27;dict&amp;#x27;}\n.......class_method : &amp;lt;bound method DirStrObj.class_method of &amp;lt;class &amp;#x27;test_printing.DirStrObj&amp;#x27;&amp;gt;&amp;gt;\n......public_method : &amp;lt;function DirStrObj.public_method at 0x10600f740&amp;gt;\n......static_method : &amp;lt;function DirStrObj.static_method at 0x10600f7e0&amp;gt;\n\n&#34;}], &#34;tests/helpers/test_printing.py::test_dir_str_of_object_max_len&#34;: [{&#34;extras&#34;: [], &#34;result&#34;: &#34;Passed&#34;, &#34;testId&#34;: &#34;tests/helpers/test_printing.py::test_dir_str_of_object_max_len&#34;, &#34;duration&#34;: &#34;0 ms&#34;, &#34;resultsTableRow&#34;: [&#34;&lt;td class=\&#34;col-result\&#34;&gt;Passed&lt;/td&gt;&#34;, &#34;&lt;td&gt;not a parametrized test&lt;/td&gt;&#34;, &#34;&lt;td class=\&#34;col-testId\&#34;&gt;tests/helpers/test_printing.py::test_dir_str_of_object_max_len&lt;/td&gt;&#34;, &#34;&lt;td&gt;Ensure that the max_len parameter is honored&lt;/td&gt;&#34;, &#34;&lt;td class=\&#34;col-duration\&#34;&gt;0 ms&lt;/td&gt;&#34;, &#34;&lt;td class=\&#34;col-links\&#34;&gt;&lt;/td&gt;&#34;], &#34;log&#34;: &#34;----------------------------- Captured stdout call -----------------------------\n\n&amp;lt;class &amp;#x27;test_printing.DirStrObj&amp;#x27;&amp;gt;:\n..._private_attribute : this\n......_private_method : &amp;lt;bou\n......class_attribute : this\n...........class_dict : {&amp;#x27;th\n.........class_method : &amp;lt;bou\n.multi_line_attribute : This\n........public_method : &amp;lt;bou\n........static_method : &amp;lt;fun\n\n&#34;}], &#34;tests/helpers/test_printing.py::test_dir_str_of_object_filter_keys&#34;: [{&#34;extras&#34;: [], &#34;result&#34;: &#34;Passed&#34;, &#34;testId&#34;: &#34;tests/helpers/test_printing.py::test_dir_str_of_object_filter_keys&#34;, &#34;duration&#34;: &#34;0 ms&#34;, &#34;resultsTableRow&#34;: [&#34;&lt;td class=\&#34;col-result\&#34;&gt;Passed&lt;/td&gt;&#34;, &#34;&lt;td&gt;not a parametrized test&lt;/td&gt;&#34;, &#34;&lt;td class=\&#34;col-testId\&#34;&gt;tests/helpers/test_printing.py::test_dir_str_of_object_filter_keys&lt;/td&gt;&#34;, &#34;&lt;td&gt;Ensure that any keys passed in filter_keys do not appear in return&lt;/td&gt;&#34;, &#34;&lt;td class=\&#34;col-duration\&#34;&gt;0 ms&lt;/td&gt;&#34;, &#34;&lt;td class=\&#34;col-links\&#34;&gt;&lt;/td&gt;&#34;], &#34;log&#34;: &#34;----------------------------- Captured stdout call -----------------------------\n\n&amp;lt;class &amp;#x27;test_printing.DirStrObj&amp;#x27;&amp;gt;:\n..._private_attribute : this is my private attribute\n......class_attribute : this is my class attribute\n...........class_dict : {&amp;#x27;this&amp;#x27;: &amp;#x27;is&amp;#x27;, &amp;#x27;a&amp;#x27;: &amp;#x27;dict&amp;#x27;}\n.........class_method : &amp;lt;bound method DirStrObj.class_method of &amp;lt;class &amp;#x27;test_printing.DirStrObj&amp;#x27;&amp;gt;&amp;gt;\n.multi_line_attribute : This\n                        attribute\n                        contains\n                        newline\n                        characters\n........public_method : &amp;lt;bound method DirStrObj.public_method of &amp;lt;test_printing.DirStrObj object at 0x106042890&amp;gt;&amp;gt;\n........static_method : &amp;lt;function DirStrObj.static_method at 0x10600f7e0&amp;gt;\n\n&#34;}], &#34;tests/helpers/test_printing.py::test_dir_str_of_object_fill_char&#34;: [{&#34;extras&#34;: [], &#34;result&#34;: &#34;Passed&#34;, &#34;testId&#34;: &#34;tests/helpers/test_printing.py::test_dir_str_of_object_fill_char&#34;, &#34;duration&#34;: &#34;0 ms&#34;, &#34;resultsTableRow&#34;: [&#34;&lt;td class=\&#34;col-result\&#34;&gt;Passed&lt;/td&gt;&#34;, &#34;&lt;td&gt;not a parametrized test&lt;/td&gt;&#34;, &#34;&lt;td class=\&#34;col-testId\&#34;&gt;tests/helpers/test_printing.py::test_dir_str_of_object_fill_char&lt;/td&gt;&#34;, &#34;&lt;td&gt;Ensures the fill_char parameter is used properly&lt;/td&gt;&#34;, &#34;&lt;td class=\&#34;col-duration\&#34;&gt;0 ms&lt;/td&gt;&#34;, &#34;&lt;td class=\&#34;col-links\&#34;&gt;&lt;/td&gt;&#34;], &#34;log&#34;: &#34;----------------------------- Captured stdout call -----------------------------\n\n&amp;lt;class &amp;#x27;type&amp;#x27;&amp;gt;:\n#_private_attribute : this is my private attribute\n####_private_method : &amp;lt;function DirStrObj._private_method at 0x10600e0c0&amp;gt;\n####class_attribute : this is my class attribute\n#########class_dict : {&amp;#x27;this&amp;#x27;: &amp;#x27;is&amp;#x27;, &amp;#x27;a&amp;#x27;: &amp;#x27;dict&amp;#x27;}\n#######class_method : &amp;lt;bound method DirStrObj.class_method of &amp;lt;class &amp;#x27;test_printing.DirStrObj&amp;#x27;&amp;gt;&amp;gt;\n######public_method : &amp;lt;function DirStrObj.public_method at 0x10600f740&amp;gt;\n######static_method : &amp;lt;function DirStrObj.static_method at 0x10600f7e0&amp;gt;\n\n&#34;}], &#34;tests/helpers/test_printing.py::test_dir_str_of_object_new_line&#34;: [{&#34;extras&#34;: [], &#34;result&#34;: &#34;Passed&#34;, &#34;testId&#34;: &#34;tests/helpers/test_printing.py::test_dir_str_of_object_new_line&#34;, &#34;duration&#34;: &#34;0 ms&#34;, &#34;resultsTableRow&#34;: [&#34;&lt;td class=\&#34;col-result\&#34;&gt;Passed&lt;/td&gt;&#34;, &#34;&lt;td&gt;not a parametrized test&lt;/td&gt;&#34;, &#34;&lt;td class=\&#34;col-testId\&#34;&gt;tests/helpers/test_printing.py::test_dir_str_of_object_new_line&lt;/td&gt;&#34;, &#34;&lt;td&gt;Ensures that a new line in an attribute value is indented correctly&lt;/td&gt;&#34;, &#34;&lt;td class=\&#34;col-duration\&#34;&gt;0 ms&lt;/td&gt;&#34;, &#34;&lt;td class=\&#34;col-links\&#34;&gt;&lt;/td&gt;&#34;], &#34;log&#34;: &#34;----------------------------- Captured stdout call -----------------------------\n\n&amp;lt;class &amp;#x27;test_printing.DirStrObj&amp;#x27;&amp;gt;:\n..._private_attribute : this is my private attribute\n......_private_method : &amp;lt;bound method DirStrObj._private_method of &amp;lt;test_printing.DirStrObj object at 0x106043750&amp;gt;&amp;gt;\n......class_attribute : this is my class attribute\n...........class_dict : {&amp;#x27;this&amp;#x27;: &amp;#x27;is&amp;#x27;, &amp;#x27;a&amp;#x27;: &amp;#x27;dict&amp;#x27;}\n.........class_method : &amp;lt;bound method DirStrObj.class_method of &amp;lt;class &amp;#x27;test_printing.DirStrObj&amp;#x27;&amp;gt;&amp;gt;\n.multi_line_attribute : This\n                        attribute\n                        contains\n                        newline\n                        characters\n........public_method : &amp;lt;bound method DirStrObj.public_method of &amp;lt;test_printing.DirStrObj object at 0x106043750&amp;gt;&amp;gt;\n........static_method : &amp;lt;function DirStrObj.static_method at 0x10600f7e0&amp;gt;\n\n&#34;}], &#34;tests/helpers/test_printing.py::test_dir_str_of_object_bad_str_magic_method&#34;: [{&#34;extras&#34;: [], &#34;result&#34;: &#34;Passed&#34;, &#34;testId&#34;: &#34;tests/helpers/test_printing.py::test_dir_str_of_object_bad_str_magic_method&#34;, &#34;duration&#34;: &#34;1 ms&#34;, &#34;resultsTableRow&#34;: [&#34;&lt;td class=\&#34;col-result\&#34;&gt;Passed&lt;/td&gt;&#34;, &#34;&lt;td&gt;not a parametrized test&lt;/td&gt;&#34;, &#34;&lt;td class=\&#34;col-testId\&#34;&gt;tests/helpers/test_printing.py::test_dir_str_of_object_bad_str_magic_method&lt;/td&gt;&#34;, &#34;&lt;td&gt;Ensures that an object whose __str__ magic method doesn&#39;t return a\n    string doesn&#39;t cause the function to fail\n    &lt;/td&gt;&#34;, &#34;&lt;td class=\&#34;col-duration\&#34;&gt;1 ms&lt;/td&gt;&#34;, &#34;&lt;td class=\&#34;col-links\&#34;&gt;&lt;/td&gt;&#34;], &#34;log&#34;: &#34;----------------------------- Captured stdout call -----------------------------\n\n&amp;lt;class &amp;#x27;test_printing.DirStrObj&amp;#x27;&amp;gt;:\n..._private_attribute : this is my private attribute\n......_private_method : &amp;lt;bound method DirStrObj._private_method of &amp;lt;test_printing.DirStrObj object at 0x1063e55d0&amp;gt;&amp;gt;\n..............bad_str : TypeError: None &amp;lt;class &amp;#x27;test_printing.ObjWithBadStrMagicMethod&amp;#x27;&amp;gt;\n......class_attribute : this is my class attribute\n...........class_dict : {&amp;#x27;this&amp;#x27;: &amp;#x27;is&amp;#x27;, &amp;#x27;a&amp;#x27;: &amp;#x27;dict&amp;#x27;}\n.........class_method : &amp;lt;bound method DirStrObj.class_method of &amp;lt;class &amp;#x27;test_printing.DirStrObj&amp;#x27;&amp;gt;&amp;gt;\n.multi_line_attribute : This\n                        attribute\n                        contains\n                        newline\n                        characters\n........public_method : &amp;lt;bound method DirStrObj.public_method of &amp;lt;test_printing.DirStrObj object at 0x1063e55d0&amp;gt;&amp;gt;\n........static_method : &amp;lt;function DirStrObj.static_method at 0x10600f7e0&amp;gt;\n\n&#34;}], &#34;tests/helpers/test_printing.py::test_ellipsis_print_ellipsised[XXXXXXXXXX-6]&#34;: [{&#34;extras&#34;: [], &#34;result&#34;: &#34;Passed&#34;, &#34;testId&#34;: &#34;tests/helpers/test_printing.py::test_ellipsis_print_ellipsised[XXXXXXXXXX-6]&#34;, &#34;duration&#34;: &#34;1 ms&#34;, &#34;resultsTableRow&#34;: [&#34;&lt;td class=\&#34;col-result\&#34;&gt;Passed&lt;/td&gt;&#34;, &#34;&lt;td&gt;XXXXXXXXXX-6&lt;/td&gt;&#34;, &#34;&lt;td class=\&#34;col-testId\&#34;&gt;tests/helpers/test_printing.py::test_ellipsis_print_ellipsised[XXXXXXXXXX-6]&lt;/td&gt;&#34;, &#34;&lt;td&gt;Ensure a string is ellipsised correctly&lt;/td&gt;&#34;, &#34;&lt;td class=\&#34;col-duration\&#34;&gt;1 ms&lt;/td&gt;&#34;, &#34;&lt;td class=\&#34;col-links\&#34;&gt;&lt;/td&gt;&#34;], &#34;log&#34;: &#34;----------------------------- Captured stdout call -----------------------------\nXXX...\n&#34;}], &#34;tests/helpers/test_printing.py::test_ellipsis_print_ellipsised[XXXXXXXXXX-7]&#34;: [{&#34;extras&#34;: [], &#34;result&#34;: &#34;Passed&#34;, &#34;testId&#34;: &#34;tests/helpers/test_printing.py::test_ellipsis_print_ellipsised[XXXXXXXXXX-7]&#34;, &#34;duration&#34;: &#34;1 ms&#34;, &#34;resultsTableRow&#34;: [&#34;&lt;td class=\&#34;col-result\&#34;&gt;Passed&lt;/td&gt;&#34;, &#34;&lt;td&gt;XXXXXXXXXX-7&lt;/td&gt;&#34;, &#34;&lt;td class=\&#34;col-testId\&#34;&gt;tests/helpers/test_printing.py::test_ellipsis_print_ellipsised[XXXXXXXXXX-7]&lt;/td&gt;&#34;, &#34;&lt;td&gt;Ensure a string is ellipsised correctly&lt;/td&gt;&#34;, &#34;&lt;td class=\&#34;col-duration\&#34;&gt;1 ms&lt;/td&gt;&#34;, &#34;&lt;td class=\&#34;col-links\&#34;&gt;&lt;/td&gt;&#34;], &#34;log&#34;: &#34;----------------------------- Captured stdout call -----------------------------\nXXXX...\n&#34;}], &#34;tests/helpers/test_printing.py::test_ellipsis_print_ellipsised[XXXXXXXXXX-8]&#34;: [{&#34;extras&#34;: [], &#34;result&#34;: &#34;Passed&#34;, &#34;testId&#34;: &#34;tests/helpers/test_printing.py::test_ellipsis_print_ellipsised[XXXXXXXXXX-8]&#34;, &#34;duration&#34;: &#34;0 ms&#34;, &#34;resultsTableRow&#34;: [&#34;&lt;td class=\&#34;col-result\&#34;&gt;Passed&lt;/td&gt;&#34;, &#34;&lt;td&gt;XXXXXXXXXX-8&lt;/td&gt;&#34;, &#34;&lt;td class=\&#34;col-testId\&#34;&gt;tests/helpers/test_printing.py::test_ellipsis_print_ellipsised[XXXXXXXXXX-8]&lt;/td&gt;&#34;, &#34;&lt;td&gt;Ensure a string is ellipsised correctly&lt;/td&gt;&#34;, &#34;&lt;td class=\&#34;col-duration\&#34;&gt;0 ms&lt;/td&gt;&#34;, &#34;&lt;td class=\&#34;col-links\&#34;&gt;&lt;/td&gt;&#34;], &#34;log&#34;: &#34;----------------------------- Captured stdout call -----------------------------\nXXXXX...\n&#34;}], &#34;tests/helpers/test_printing.py::test_ellipsis_print_ellipsised[XXXXXXXXXX-9]&#34;: [{&#34;extras&#34;: [], &#34;result&#34;: &#34;Passed&#34;, &#34;testId&#34;: &#34;tests/helpers/test_printing.py::test_ellipsis_print_ellipsised[XXXXXXXXXX-9]&#34;, &#34;duration&#34;: &#34;0 ms&#34;, &#34;resultsTableRow&#34;: [&#34;&lt;td class=\&#34;col-result\&#34;&gt;Passed&lt;/td&gt;&#34;, &#34;&lt;td&gt;XXXXXXXXXX-9&lt;/td&gt;&#34;, &#34;&lt;td class=\&#34;col-testId\&#34;&gt;tests/helpers/test_printing.py::test_ellipsis_print_ellipsised[XXXXXXXXXX-9]&lt;/td&gt;&#34;, &#34;&lt;td&gt;Ensure a string is ellipsised correctly&lt;/td&gt;&#34;, &#34;&lt;td class=\&#34;col-duration\&#34;&gt;0 ms&lt;/td&gt;&#34;, &#34;&lt;td class=\&#34;col-links\&#34;&gt;&lt;/td&gt;&#34;], &#34;log&#34;: &#34;----------------------------- Captured stdout call -----------------------------\nXXXXXX...\n&#34;}], &#34;tests/helpers/test_printing.py::test_ellipsis_print_not_ellipsised[None-10]&#34;: [{&#34;extras&#34;: [], &#34;result&#34;: &#34;Passed&#34;, &#34;testId&#34;: &#34;tests/helpers/test_printing.py::test_ellipsis_print_not_ellipsised[None-10]&#34;, &#34;duration&#34;: &#34;0 ms&#34;, &#34;resultsTableRow&#34;: [&#34;&lt;td class=\&#34;col-result\&#34;&gt;Passed&lt;/td&gt;&#34;, &#34;&lt;td&gt;None-10&lt;/td&gt;&#34;, &#34;&lt;td class=\&#34;col-testId\&#34;&gt;tests/helpers/test_printing.py::test_ellipsis_print_not_ellipsised[None-10]&lt;/td&gt;&#34;, &#34;&lt;td&gt;Ensure that an ellipsis is not added when length is longer than the\n    string, length is not an integer &gt; 0, string is not a string\n    &lt;/td&gt;&#34;, &#34;&lt;td class=\&#34;col-duration\&#34;&gt;0 ms&lt;/td&gt;&#34;, &#34;&lt;td class=\&#34;col-links\&#34;&gt;&lt;/td&gt;&#34;], &#34;log&#34;: &#34;----------------------------- Captured stdout call -----------------------------\nNone\n&#34;}], &#34;tests/helpers/test_printing.py::test_ellipsis_print_not_ellipsised[input_str1-10]&#34;: [{&#34;extras&#34;: [], &#34;result&#34;: &#34;Passed&#34;, &#34;testId&#34;: &#34;tests/helpers/test_printing.py::test_ellipsis_print_not_ellipsised[input_str1-10]&#34;, &#34;duration&#34;: &#34;0 ms&#34;, &#34;resultsTableRow&#34;: [&#34;&lt;td class=\&#34;col-result\&#34;&gt;Passed&lt;/td&gt;&#34;, &#34;&lt;td&gt;input_str1-10&lt;/td&gt;&#34;, &#34;&lt;td class=\&#34;col-testId\&#34;&gt;tests/helpers/test_printing.py::test_ellipsis_print_not_ellipsised[input_str1-10]&lt;/td&gt;&#34;, &#34;&lt;td&gt;Ensure that an ellipsis is not added when length is longer than the\n    string, length is not an integer &gt; 0, string is not a string\n    &lt;/td&gt;&#34;, &#34;&lt;td class=\&#34;col-duration\&#34;&gt;0 ms&lt;/td&gt;&#34;, &#34;&lt;td class=\&#34;col-links\&#34;&gt;&lt;/td&gt;&#34;], &#34;log&#34;: &#34;----------------------------- Captured stdout call -----------------------------\n&amp;lt;test_printing.DirStrObj object at 0x10647ec50&amp;gt;\n&#34;}], &#34;tests/helpers/test_printing.py::test_ellipsis_print_not_ellipsised[None-None]&#34;: [{&#34;extras&#34;: [], &#34;result&#34;: &#34;Passed&#34;, &#34;testId&#34;: &#34;tests/helpers/test_printing.py::test_ellipsis_print_not_ellipsised[None-None]&#34;, &#34;duration&#34;: &#34;0 ms&#34;, &#34;resultsTableRow&#34;: [&#34;&lt;td class=\&#34;col-result\&#34;&gt;Passed&lt;/td&gt;&#34;, &#34;&lt;td&gt;None-None&lt;/td&gt;&#34;, &#34;&lt;td class=\&#34;col-testId\&#34;&gt;tests/helpers/test_printing.py::test_ellipsis_print_not_ellipsised[None-None]&lt;/td&gt;&#34;, &#34;&lt;td&gt;Ensure that an ellipsis is not added when length is longer than the\n    string, length is not an integer &gt; 0, string is not a string\n    &lt;/td&gt;&#34;, &#34;&lt;td class=\&#34;col-duration\&#34;&gt;0 ms&lt;/td&gt;&#34;, &#34;&lt;td class=\&#34;col-links\&#34;&gt;&lt;/td&gt;&#34;], &#34;log&#34;: &#34;----------------------------- Captured stdout call -----------------------------\nNone\n&#34;}], &#34;tests/helpers/test_printing.py::test_ellipsis_print_not_ellipsised[XXXXXXXXXX-None]&#34;: [{&#34;extras&#34;: [], &#34;result&#34;: &#34;Passed&#34;, &#34;testId&#34;: &#34;tests/helpers/test_printing.py::test_ellipsis_print_not_ellipsised[XXXXXXXXXX-None]&#34;, &#34;duration&#34;: &#34;0 ms&#34;, &#34;resultsTableRow&#34;: [&#34;&lt;td class=\&#34;col-result\&#34;&gt;Passed&lt;/td&gt;&#34;, &#34;&lt;td&gt;XXXXXXXXXX-None&lt;/td&gt;&#34;, &#34;&lt;td class=\&#34;col-testId\&#34;&gt;tests/helpers/test_printing.py::test_ellipsis_print_not_ellipsised[XXXXXXXXXX-None]&lt;/td&gt;&#34;, &#34;&lt;td&gt;Ensure that an ellipsis is not added when length is longer than the\n    string, length is not an integer &gt; 0, string is not a string\n    &lt;/td&gt;&#34;, &#34;&lt;td class=\&#34;col-duration\&#34;&gt;0 ms&lt;/td&gt;&#34;, &#34;&lt;td class=\&#34;col-links\&#34;&gt;&lt;/td&gt;&#34;], &#34;log&#34;: &#34;----------------------------- Captured stdout call -----------------------------\nXXXXXXXXXX\n&#34;}], &#34;tests/helpers/test_printing.py::test_ellipsis_print_not_ellipsised[XXXXXXXXXX-11]&#34;: [{&#34;extras&#34;: [], &#34;result&#34;: &#34;Passed&#34;, &#34;testId&#34;: &#34;tests/helpers/test_printing.py::test_ellipsis_print_not_ellipsised[XXXXXXXXXX-11]&#34;, &#34;duration&#34;: &#34;0 ms&#34;, &#34;resultsTableRow&#34;: [&#34;&lt;td class=\&#34;col-result\&#34;&gt;Passed&lt;/td&gt;&#34;, &#34;&lt;td&gt;XXXXXXXXXX-11&lt;/td&gt;&#34;, &#34;&lt;td class=\&#34;col-testId\&#34;&gt;tests/helpers/test_printing.py::test_ellipsis_print_not_ellipsised[XXXXXXXXXX-11]&lt;/td&gt;&#34;, &#34;&lt;td&gt;Ensure that an ellipsis is not added when length is longer than the\n    string, length is not an integer &gt; 0, string is not a string\n    &lt;/td&gt;&#34;, &#34;&lt;td class=\&#34;col-duration\&#34;&gt;0 ms&lt;/td&gt;&#34;, &#34;&lt;td class=\&#34;col-links\&#34;&gt;&lt;/td&gt;&#34;], &#34;log&#34;: &#34;----------------------------- Captured stdout call -----------------------------\nXXXXXXXXXX\n&#34;}], &#34;tests/helpers/test_printing.py::test_ellipsis_print_not_ellipsised[XXXXXXXXXX-10]&#34;: [{&#34;extras&#34;: [], &#34;result&#34;: &#34;Passed&#34;, &#34;testId&#34;: &#34;tests/helpers/test_printing.py::test_ellipsis_print_not_ellipsised[XXXXXXXXXX-10]&#34;, &#34;duration&#34;: &#34;0 ms&#34;, &#34;resultsTableRow&#34;: [&#34;&lt;td class=\&#34;col-result\&#34;&gt;Passed&lt;/td&gt;&#34;, &#34;&lt;td&gt;XXXXXXXXXX-10&lt;/td&gt;&#34;, &#34;&lt;td class=\&#34;col-testId\&#34;&gt;tests/helpers/test_printing.py::test_ellipsis_print_not_ellipsised[XXXXXXXXXX-10]&lt;/td&gt;&#34;, &#34;&lt;td&gt;Ensure that an ellipsis is not added when length is longer than the\n    string, length is not an integer &gt; 0, string is not a string\n    &lt;/td&gt;&#34;, &#34;&lt;td class=\&#34;col-duration\&#34;&gt;0 ms&lt;/td&gt;&#34;, &#34;&lt;td class=\&#34;col-links\&#34;&gt;&lt;/td&gt;&#34;], &#34;log&#34;: &#34;----------------------------- Captured stdout call -----------------------------\nXXXXXXXXXX\n&#34;}], &#34;tests/helpers/test_printing.py::test_ellipsis_print_not_ellipsised[XXXXXXXXXX-0]&#34;: [{&#34;extras&#34;: [], &#34;result&#34;: &#34;Passed&#34;, &#34;testId&#34;: &#34;tests/helpers/test_printing.py::test_ellipsis_print_not_ellipsised[XXXXXXXXXX-0]&#34;, &#34;duration&#34;: &#34;0 ms&#34;, &#34;resultsTableRow&#34;: [&#34;&lt;td class=\&#34;col-result\&#34;&gt;Passed&lt;/td&gt;&#34;, &#34;&lt;td&gt;XXXXXXXXXX-0&lt;/td&gt;&#34;, &#34;&lt;td class=\&#34;col-testId\&#34;&gt;tests/helpers/test_printing.py::test_ellipsis_print_not_ellipsised[XXXXXXXXXX-0]&lt;/td&gt;&#34;, &#34;&lt;td&gt;Ensure that an ellipsis is not added when length is longer than the\n    string, length is not an integer &gt; 0, string is not a string\n    &lt;/td&gt;&#34;, &#34;&lt;td class=\&#34;col-duration\&#34;&gt;0 ms&lt;/td&gt;&#34;, &#34;&lt;td class=\&#34;col-links\&#34;&gt;&lt;/td&gt;&#34;], &#34;log&#34;: &#34;----------------------------- Captured stdout call -----------------------------\nXXXXXXXXXX\n&#34;}], &#34;tests/helpers/test_printing.py::test_center_dict_str_default&#34;: [{&#34;extras&#34;: [], &#34;result&#34;: &#34;Passed&#34;, &#34;testId&#34;: &#34;tests/helpers/test_printing.py::test_center_dict_str_default&#34;, &#34;duration&#34;: &#34;0 ms&#34;, &#34;resultsTableRow&#34;: [&#34;&lt;td class=\&#34;col-result\&#34;&gt;Passed&lt;/td&gt;&#34;, &#34;&lt;td&gt;not a parametrized test&lt;/td&gt;&#34;, &#34;&lt;td class=\&#34;col-testId\&#34;&gt;tests/helpers/test_printing.py::test_center_dict_str_default&lt;/td&gt;&#34;, &#34;&lt;td&gt;Ensure Default behavior works, centered on delimiter and is string&lt;/td&gt;&#34;, &#34;&lt;td class=\&#34;col-duration\&#34;&gt;0 ms&lt;/td&gt;&#34;, &#34;&lt;td class=\&#34;col-links\&#34;&gt;&lt;/td&gt;&#34;], &#34;log&#34;: &#34;----------------------------- Captured stdout call -----------------------------\n English : Goodmorning\n Deutsch : [\n               &amp;quot;Gutenmorgen&amp;quot;,\n               &amp;quot;Gutentag&amp;quot;\n           ]\nItaliano : Boungiorno\n&#34;}], &#34;tests/helpers/test_printing.py::test_center_dict_str_non_printable&#34;: [{&#34;extras&#34;: [], &#34;result&#34;: &#34;Passed&#34;, &#34;testId&#34;: &#34;tests/helpers/test_printing.py::test_center_dict_str_non_printable&#34;, &#34;duration&#34;: &#34;0 ms&#34;, &#34;resultsTableRow&#34;: [&#34;&lt;td class=\&#34;col-result\&#34;&gt;Passed&lt;/td&gt;&#34;, &#34;&lt;td&gt;not a parametrized test&lt;/td&gt;&#34;, &#34;&lt;td class=\&#34;col-testId\&#34;&gt;tests/helpers/test_printing.py::test_center_dict_str_non_printable&lt;/td&gt;&#34;, &#34;&lt;td&gt;Ensure a non printable value in the dict works correctly&lt;/td&gt;&#34;, &#34;&lt;td class=\&#34;col-duration\&#34;&gt;0 ms&lt;/td&gt;&#34;, &#34;&lt;td class=\&#34;col-links\&#34;&gt;&lt;/td&gt;&#34;], &#34;log&#34;: &#34;----------------------------- Captured stdout call -----------------------------\n English : Goodmorning\n Deutsch : [\n               &amp;quot;Gutenmorgen&amp;quot;,\n               &amp;quot;Gutentag&amp;quot;\n           ]\nItaliano : Boungiorno\n   Dutch : TypeError: None &amp;lt;class &amp;#x27;test_printing.ObjWithBadStrMagicMethod&amp;#x27;&amp;gt;\n&#34;}], &#34;tests/helpers/test_printing.py::test_center_dict_str_leave_line&#34;: [{&#34;extras&#34;: [], &#34;result&#34;: &#34;Passed&#34;, &#34;testId&#34;: &#34;tests/helpers/test_printing.py::test_center_dict_str_leave_line&#34;, &#34;duration&#34;: &#34;0 ms&#34;, &#34;resultsTableRow&#34;: [&#34;&lt;td class=\&#34;col-result\&#34;&gt;Passed&lt;/td&gt;&#34;, &#34;&lt;td&gt;not a parametrized test&lt;/td&gt;&#34;, &#34;&lt;td class=\&#34;col-testId\&#34;&gt;tests/helpers/test_printing.py::test_center_dict_str_leave_line&lt;/td&gt;&#34;, &#34;&lt;td&gt;Ensure that a line with a key that starts with `LEAVE_LINE_AS_IS` is\n    left alone and printed as is\n    &lt;/td&gt;&#34;, &#34;&lt;td class=\&#34;col-duration\&#34;&gt;0 ms&lt;/td&gt;&#34;, &#34;&lt;td class=\&#34;col-links\&#34;&gt;&lt;/td&gt;&#34;], &#34;log&#34;: &#34;----------------------------- Captured stdout call -----------------------------\n English : Goodmorning\n5066966738298393498677698538735159923736324774301356729323\n Deutsch : [\n               &amp;quot;Gutenmorgen&amp;quot;,\n               &amp;quot;Gutentag&amp;quot;\n           ]\nItaliano : Boungiorno\n5066966738298393498677698538735159923736324774301356729323\n&#34;}], &#34;tests/helpers/test_printing.py::test_center_dict_str_new_lines&#34;: [{&#34;extras&#34;: [], &#34;result&#34;: &#34;Passed&#34;, &#34;testId&#34;: &#34;tests/helpers/test_printing.py::test_center_dict_str_new_lines&#34;, &#34;duration&#34;: &#34;0 ms&#34;, &#34;resultsTableRow&#34;: [&#34;&lt;td class=\&#34;col-result\&#34;&gt;Passed&lt;/td&gt;&#34;, &#34;&lt;td&gt;not a parametrized test&lt;/td&gt;&#34;, &#34;&lt;td class=\&#34;col-testId\&#34;&gt;tests/helpers/test_printing.py::test_center_dict_str_new_lines&lt;/td&gt;&#34;, &#34;&lt;td&gt;Ensure that values with a new line are indented correctly&lt;/td&gt;&#34;, &#34;&lt;td class=\&#34;col-duration\&#34;&gt;0 ms&lt;/td&gt;&#34;, &#34;&lt;td class=\&#34;col-links\&#34;&gt;&lt;/td&gt;&#34;], &#34;log&#34;: &#34;----------------------------- Captured stdout call -----------------------------\n English : Goodmorning\n Deutsch : Gutenmorgen\n           Gutentag\n           Morgen\nItaliano : Boungiorno\n&#34;}], &#34;tests/helpers/test_printing.py::test_center_dict_str_parameters_delimiter[:]&#34;: [{&#34;extras&#34;: [], &#34;result&#34;: &#34;Passed&#34;, &#34;testId&#34;: &#34;tests/helpers/test_printing.py::test_center_dict_str_parameters_delimiter[:]&#34;, &#34;duration&#34;: &#34;0 ms&#34;, &#34;resultsTableRow&#34;: [&#34;&lt;td class=\&#34;col-result\&#34;&gt;Passed&lt;/td&gt;&#34;, &#34;&lt;td&gt;:&lt;/td&gt;&#34;, &#34;&lt;td class=\&#34;col-testId\&#34;&gt;tests/helpers/test_printing.py::test_center_dict_str_parameters_delimiter[:]&lt;/td&gt;&#34;, &#34;&lt;td&gt;Ensure that the delimiter can be changed and can be one or multiple\n    characters\n    &lt;/td&gt;&#34;, &#34;&lt;td class=\&#34;col-duration\&#34;&gt;0 ms&lt;/td&gt;&#34;, &#34;&lt;td class=\&#34;col-links\&#34;&gt;&lt;/td&gt;&#34;], &#34;log&#34;: &#34;----------------------------- Captured stdout call -----------------------------\n English:Goodmorning\n Deutsch:Gutenmorgen\n         Gutentag\n         Morgen\nItaliano:Boungiorno\n&#34;}], &#34;tests/helpers/test_printing.py::test_center_dict_str_parameters_delimiter[ &lt;-&gt; ]&#34;: [{&#34;extras&#34;: [], &#34;result&#34;: &#34;Passed&#34;, &#34;testId&#34;: &#34;tests/helpers/test_printing.py::test_center_dict_str_parameters_delimiter[ &lt;-&gt; ]&#34;, &#34;duration&#34;: &#34;0 ms&#34;, &#34;resultsTableRow&#34;: [&#34;&lt;td class=\&#34;col-result\&#34;&gt;Passed&lt;/td&gt;&#34;, &#34;&lt;td&gt; &lt;-&gt; &lt;/td&gt;&#34;, &#34;&lt;td class=\&#34;col-testId\&#34;&gt;tests/helpers/test_printing.py::test_center_dict_str_parameters_delimiter[ &lt;-&gt; ]&lt;/td&gt;&#34;, &#34;&lt;td&gt;Ensure that the delimiter can be changed and can be one or multiple\n    characters\n    &lt;/td&gt;&#34;, &#34;&lt;td class=\&#34;col-duration\&#34;&gt;0 ms&lt;/td&gt;&#34;, &#34;&lt;td class=\&#34;col-links\&#34;&gt;&lt;/td&gt;&#34;], &#34;log&#34;: &#34;----------------------------- Captured stdout call -----------------------------\n English &amp;lt;-&amp;gt; Goodmorning\n Deutsch &amp;lt;-&amp;gt; Gutenmorgen\n             Gutentag\n             Morgen\nItaliano &amp;lt;-&amp;gt; Boungiorno\n&#34;}], &#34;tests/helpers/test_printing.py::test_center_dict_str_parameters_fill&#34;: [{&#34;extras&#34;: [], &#34;result&#34;: &#34;Passed&#34;, &#34;testId&#34;: &#34;tests/helpers/test_printing.py::test_center_dict_str_parameters_fill&#34;, &#34;duration&#34;: &#34;0 ms&#34;, &#34;resultsTableRow&#34;: [&#34;&lt;td class=\&#34;col-result\&#34;&gt;Passed&lt;/td&gt;&#34;, &#34;&lt;td&gt;not a parametrized test&lt;/td&gt;&#34;, &#34;&lt;td class=\&#34;col-testId\&#34;&gt;tests/helpers/test_printing.py::test_center_dict_str_parameters_fill&lt;/td&gt;&#34;, &#34;&lt;td&gt;Ensure that the fill parameter works correctly&lt;/td&gt;&#34;, &#34;&lt;td class=\&#34;col-duration\&#34;&gt;0 ms&lt;/td&gt;&#34;, &#34;&lt;td class=\&#34;col-links\&#34;&gt;&lt;/td&gt;&#34;], &#34;log&#34;: &#34;----------------------------- Captured stdout call -----------------------------\n___English : Goodmorning\n___Deutsch : Gutenmorgen\n             Gutentag\n             Morgen\n__Italiano : Boungiorno\nPortuguese : bom Dia\n&#34;}], &#34;tests/helpers/test_printing.py::test_center_dict_str_parameters_indent&#34;: [{&#34;extras&#34;: [], &#34;result&#34;: &#34;Passed&#34;, &#34;testId&#34;: &#34;tests/helpers/test_printing.py::test_center_dict_str_parameters_indent&#34;, &#34;duration&#34;: &#34;0 ms&#34;, &#34;resultsTableRow&#34;: [&#34;&lt;td class=\&#34;col-result\&#34;&gt;Passed&lt;/td&gt;&#34;, &#34;&lt;td&gt;not a parametrized test&lt;/td&gt;&#34;, &#34;&lt;td class=\&#34;col-testId\&#34;&gt;tests/helpers/test_printing.py::test_center_dict_str_parameters_indent&lt;/td&gt;&#34;, &#34;&lt;td&gt;Ensure that the indent length is always honored&lt;/td&gt;&#34;, &#34;&lt;td class=\&#34;col-duration\&#34;&gt;0 ms&lt;/td&gt;&#34;, &#34;&lt;td class=\&#34;col-links\&#34;&gt;&lt;/td&gt;&#34;], &#34;log&#34;: &#34;----------------------------- Captured stdout call -----------------------------\n               English : Goodmorning\n               Deutsch : Gutenmorgen\n                         Gutentag\n                         Morgen\n              Italiano : Boungiorno\n            - Other Countries -\n            Portuguese : bom Dia\n&#34;}], &#34;tests/helpers/test_printing.py::test_block_center_str_default&#34;: [{&#34;extras&#34;: [], &#34;result&#34;: &#34;Passed&#34;, &#34;testId&#34;: &#34;tests/helpers/test_printing.py::test_block_center_str_default&#34;, &#34;duration&#34;: &#34;0 ms&#34;, &#34;resultsTableRow&#34;: [&#34;&lt;td class=\&#34;col-result\&#34;&gt;Passed&lt;/td&gt;&#34;, &#34;&lt;td&gt;not a parametrized test&lt;/td&gt;&#34;, &#34;&lt;td class=\&#34;col-testId\&#34;&gt;tests/helpers/test_printing.py::test_block_center_str_default&lt;/td&gt;&#34;, &#34;&lt;td&gt;Ensure default basic functionality works&lt;/td&gt;&#34;, &#34;&lt;td class=\&#34;col-duration\&#34;&gt;0 ms&lt;/td&gt;&#34;, &#34;&lt;td class=\&#34;col-links\&#34;&gt;&lt;/td&gt;&#34;], &#34;log&#34;: &#34;----------------------------- Captured stdout call -----------------------------\n English : Goodmorning\n Deutsch : Gutenmorgen\n           Gutentag\n           Morgen\nItaliano : Boungiorno\n&#34;}], &#34;tests/helpers/test_printing.py::test_block_center_str_passing_kwargs&#34;: [{&#34;extras&#34;: [], &#34;result&#34;: &#34;Passed&#34;, &#34;testId&#34;: &#34;tests/helpers/test_printing.py::test_block_center_str_passing_kwargs&#34;, &#34;duration&#34;: &#34;0 ms&#34;, &#34;resultsTableRow&#34;: [&#34;&lt;td class=\&#34;col-result\&#34;&gt;Passed&lt;/td&gt;&#34;, &#34;&lt;td&gt;not a parametrized test&lt;/td&gt;&#34;, &#34;&lt;td class=\&#34;col-testId\&#34;&gt;tests/helpers/test_printing.py::test_block_center_str_passing_kwargs&lt;/td&gt;&#34;, &#34;&lt;td&gt;Ensure kwargs get passed along&lt;/td&gt;&#34;, &#34;&lt;td class=\&#34;col-duration\&#34;&gt;0 ms&lt;/td&gt;&#34;, &#34;&lt;td class=\&#34;col-links\&#34;&gt;&lt;/td&gt;&#34;], &#34;log&#34;: &#34;----------------------------- Captured stdout call -----------------------------\n.....English : Goodmorning\n.... Deutsch : Gutenmorgen\n....           Gutentag\n....           Morgen\n....Italiano : Boungiorno\n&#34;}], &#34;tests/helpers/test_printing.py::test_block_center_str_recenter&#34;: [{&#34;extras&#34;: [], &#34;result&#34;: &#34;Passed&#34;, &#34;testId&#34;: &#34;tests/helpers/test_printing.py::test_block_center_str_recenter&#34;, &#34;duration&#34;: &#34;0 ms&#34;, &#34;resultsTableRow&#34;: [&#34;&lt;td class=\&#34;col-result\&#34;&gt;Passed&lt;/td&gt;&#34;, &#34;&lt;td&gt;not a parametrized test&lt;/td&gt;&#34;, &#34;&lt;td class=\&#34;col-testId\&#34;&gt;tests/helpers/test_printing.py::test_block_center_str_recenter&lt;/td&gt;&#34;, &#34;&lt;td&gt;Ensure that the text is recentered correctly&lt;/td&gt;&#34;, &#34;&lt;td class=\&#34;col-duration\&#34;&gt;0 ms&lt;/td&gt;&#34;, &#34;&lt;td class=\&#34;col-links\&#34;&gt;&lt;/td&gt;&#34;], &#34;log&#34;: &#34;----------------------------- Captured stdout call -----------------------------\nEnglish  :  Goodmorning\n Deutsch : Gutenmorgen\nItaliano :  Boungiorno\n&#34;}], &#34;tests/helpers/test_printing.py::test_block_center_str_multi&#34;: [{&#34;extras&#34;: [], &#34;result&#34;: &#34;Passed&#34;, &#34;testId&#34;: &#34;tests/helpers/test_printing.py::test_block_center_str_multi&#34;, &#34;duration&#34;: &#34;0 ms&#34;, &#34;resultsTableRow&#34;: [&#34;&lt;td class=\&#34;col-result\&#34;&gt;Passed&lt;/td&gt;&#34;, &#34;&lt;td&gt;not a parametrized test&lt;/td&gt;&#34;, &#34;&lt;td class=\&#34;col-testId\&#34;&gt;tests/helpers/test_printing.py::test_block_center_str_multi&lt;/td&gt;&#34;, &#34;&lt;td&gt;Ensure if multiple delimiters show up data isn&#39;t lost&lt;/td&gt;&#34;, &#34;&lt;td class=\&#34;col-duration\&#34;&gt;0 ms&lt;/td&gt;&#34;, &#34;&lt;td class=\&#34;col-links\&#34;&gt;&lt;/td&gt;&#34;], &#34;log&#34;: &#34;----------------------------- Captured stdout call -----------------------------\nEnglish  :  Goodmorning &amp;gt; helloworld\n Deutsch : Gutenmorgen\nItaliano :  Boungiorno\n&#34;}], &#34;tests/helpers/test_printing.py::test_time_str_helper_functions[date_time_sentence_utc_str]&#34;: [{&#34;extras&#34;: [], &#34;result&#34;: &#34;Passed&#34;, &#34;testId&#34;: &#34;tests/helpers/test_printing.py::test_time_str_helper_functions[date_time_sentence_utc_str]&#34;, &#34;duration&#34;: &#34;1 ms&#34;, &#34;resultsTableRow&#34;: [&#34;&lt;td class=\&#34;col-result\&#34;&gt;Passed&lt;/td&gt;&#34;, &#34;&lt;td&gt;date_time_sentence_utc_str&lt;/td&gt;&#34;, &#34;&lt;td class=\&#34;col-testId\&#34;&gt;tests/helpers/test_printing.py::test_time_str_helper_functions[date_time_sentence_utc_str]&lt;/td&gt;&#34;, &#34;&lt;td&gt;Ensure time helper formatting functions return strings and UTC is\n    present in utc functions\n    &lt;/td&gt;&#34;, &#34;&lt;td class=\&#34;col-duration\&#34;&gt;1 ms&lt;/td&gt;&#34;, &#34;&lt;td class=\&#34;col-links\&#34;&gt;&lt;/td&gt;&#34;], &#34;log&#34;: &#34;----------------------------- Captured stdout call -----------------------------\non 30-Dec-2024 at 23:02:52 (UTC)\n&#34;}], &#34;tests/helpers/test_printing.py::test_time_str_helper_functions[date_time_utc_str]&#34;: [{&#34;extras&#34;: [], &#34;result&#34;: &#34;Passed&#34;, &#34;testId&#34;: &#34;tests/helpers/test_printing.py::test_time_str_helper_functions[date_time_utc_str]&#34;, &#34;duration&#34;: &#34;0 ms&#34;, &#34;resultsTableRow&#34;: [&#34;&lt;td class=\&#34;col-result\&#34;&gt;Passed&lt;/td&gt;&#34;, &#34;&lt;td&gt;date_time_utc_str&lt;/td&gt;&#34;, &#34;&lt;td class=\&#34;col-testId\&#34;&gt;tests/helpers/test_printing.py::test_time_str_helper_functions[date_time_utc_str]&lt;/td&gt;&#34;, &#34;&lt;td&gt;Ensure time helper formatting functions return strings and UTC is\n    present in utc functions\n    &lt;/td&gt;&#34;, &#34;&lt;td class=\&#34;col-duration\&#34;&gt;0 ms&lt;/td&gt;&#34;, &#34;&lt;td class=\&#34;col-links\&#34;&gt;&lt;/td&gt;&#34;], &#34;log&#34;: &#34;----------------------------- Captured stdout call -----------------------------\n30-Dec-2024 23:02:52 (UTC)\n&#34;}], &#34;tests/helpers/test_printing.py::test_time_str_helper_functions[date_time_sentence_str]&#34;: [{&#34;extras&#34;: [], &#34;result&#34;: &#34;Passed&#34;, &#34;testId&#34;: &#34;tests/helpers/test_printing.py::test_time_str_helper_functions[date_time_sentence_str]&#34;, &#34;duration&#34;: &#34;1 ms&#34;, &#34;resultsTableRow&#34;: [&#34;&lt;td class=\&#34;col-result\&#34;&gt;Passed&lt;/td&gt;&#34;, &#34;&lt;td&gt;date_time_sentence_str&lt;/td&gt;&#34;, &#34;&lt;td class=\&#34;col-testId\&#34;&gt;tests/helpers/test_printing.py::test_time_str_helper_functions[date_time_sentence_str]&lt;/td&gt;&#34;, &#34;&lt;td&gt;Ensure time helper formatting functions return strings and UTC is\n    present in utc functions\n    &lt;/td&gt;&#34;, &#34;&lt;td class=\&#34;col-duration\&#34;&gt;1 ms&lt;/td&gt;&#34;, &#34;&lt;td class=\&#34;col-links\&#34;&gt;&lt;/td&gt;&#34;], &#34;log&#34;: &#34;----------------------------- Captured stdout call -----------------------------\non 30-Dec-2024 at 16:02:52\n&#34;}], &#34;tests/helpers/test_printing.py::test_time_str_helper_functions[date_time_str]&#34;: [{&#34;extras&#34;: [], &#34;result&#34;: &#34;Passed&#34;, &#34;testId&#34;: &#34;tests/helpers/test_printing.py::test_time_str_helper_functions[date_time_str]&#34;, &#34;duration&#34;: &#34;1 ms&#34;, &#34;resultsTableRow&#34;: [&#34;&lt;td class=\&#34;col-result\&#34;&gt;Passed&lt;/td&gt;&#34;, &#34;&lt;td&gt;date_time_str&lt;/td&gt;&#34;, &#34;&lt;td class=\&#34;col-testId\&#34;&gt;tests/helpers/test_printing.py::test_time_str_helper_functions[date_time_str]&lt;/td&gt;&#34;, &#34;&lt;td&gt;Ensure time helper formatting functions return strings and UTC is\n    present in utc functions\n    &lt;/td&gt;&#34;, &#34;&lt;td class=\&#34;col-duration\&#34;&gt;1 ms&lt;/td&gt;&#34;, &#34;&lt;td class=\&#34;col-links\&#34;&gt;&lt;/td&gt;&#34;], &#34;log&#34;: &#34;----------------------------- Captured stdout call -----------------------------\n30-Dec-2024 16:02:52\n&#34;}], &#34;tests/helpers/test_printing.py::test_time_stamp_helper_functions[True-today_stamp_utc]&#34;: [{&#34;extras&#34;: [], &#34;result&#34;: &#34;Passed&#34;, &#34;testId&#34;: &#34;tests/helpers/test_printing.py::test_time_stamp_helper_functions[True-today_stamp_utc]&#34;, &#34;duration&#34;: &#34;1 ms&#34;, &#34;resultsTableRow&#34;: [&#34;&lt;td class=\&#34;col-result\&#34;&gt;Passed&lt;/td&gt;&#34;, &#34;&lt;td&gt;True-today_stamp_utc&lt;/td&gt;&#34;, &#34;&lt;td class=\&#34;col-testId\&#34;&gt;tests/helpers/test_printing.py::test_time_stamp_helper_functions[True-today_stamp_utc]&lt;/td&gt;&#34;, &#34;&lt;td&gt;Ensure timestamp helper functions work as expected&lt;/td&gt;&#34;, &#34;&lt;td class=\&#34;col-duration\&#34;&gt;1 ms&lt;/td&gt;&#34;, &#34;&lt;td class=\&#34;col-links\&#34;&gt;&lt;/td&gt;&#34;], &#34;log&#34;: &#34;----------------------------- Captured stdout call -----------------------------\n2024-12-30\n&#34;}], &#34;tests/helpers/test_printing.py::test_time_stamp_helper_functions[True-yesterday_stamp_utc]&#34;: [{&#34;extras&#34;: [], &#34;result&#34;: &#34;Passed&#34;, &#34;testId&#34;: &#34;tests/helpers/test_printing.py::test_time_stamp_helper_functions[True-yesterday_stamp_utc]&#34;, &#34;duration&#34;: &#34;1 ms&#34;, &#34;resultsTableRow&#34;: [&#34;&lt;td class=\&#34;col-result\&#34;&gt;Passed&lt;/td&gt;&#34;, &#34;&lt;td&gt;True-yesterday_stamp_utc&lt;/td&gt;&#34;, &#34;&lt;td class=\&#34;col-testId\&#34;&gt;tests/helpers/test_printing.py::test_time_stamp_helper_functions[True-yesterday_stamp_utc]&lt;/td&gt;&#34;, &#34;&lt;td&gt;Ensure timestamp helper functions work as expected&lt;/td&gt;&#34;, &#34;&lt;td class=\&#34;col-duration\&#34;&gt;1 ms&lt;/td&gt;&#34;, &#34;&lt;td class=\&#34;col-links\&#34;&gt;&lt;/td&gt;&#34;], &#34;log&#34;: &#34;----------------------------- Captured stdout call -----------------------------\n2024-12-29\n&#34;}], &#34;tests/helpers/test_printing.py::test_time_stamp_helper_functions[False-today_stamp_utc]&#34;: [{&#34;extras&#34;: [], &#34;result&#34;: &#34;Passed&#34;, &#34;testId&#34;: &#34;tests/helpers/test_printing.py::test_time_stamp_helper_functions[False-today_stamp_utc]&#34;, &#34;duration&#34;: &#34;1 ms&#34;, &#34;resultsTableRow&#34;: [&#34;&lt;td class=\&#34;col-result\&#34;&gt;Passed&lt;/td&gt;&#34;, &#34;&lt;td&gt;False-today_stamp_utc&lt;/td&gt;&#34;, &#34;&lt;td class=\&#34;col-testId\&#34;&gt;tests/helpers/test_printing.py::test_time_stamp_helper_functions[False-today_stamp_utc]&lt;/td&gt;&#34;, &#34;&lt;td&gt;Ensure timestamp helper functions work as expected&lt;/td&gt;&#34;, &#34;&lt;td class=\&#34;col-duration\&#34;&gt;1 ms&lt;/td&gt;&#34;, &#34;&lt;td class=\&#34;col-links\&#34;&gt;&lt;/td&gt;&#34;], &#34;log&#34;: &#34;----------------------------- Captured stdout call -----------------------------\n20241230\n&#34;}], &#34;tests/helpers/test_printing.py::test_time_stamp_helper_functions[False-yesterday_stamp_utc]&#34;: [{&#34;extras&#34;: [], &#34;result&#34;: &#34;Passed&#34;, &#34;testId&#34;: &#34;tests/helpers/test_printing.py::test_time_stamp_helper_functions[False-yesterday_stamp_utc]&#34;, &#34;duration&#34;: &#34;0 ms&#34;, &#34;resultsTableRow&#34;: [&#34;&lt;td class=\&#34;col-result\&#34;&gt;Passed&lt;/td&gt;&#34;, &#34;&lt;td&gt;False-yesterday_stamp_utc&lt;/td&gt;&#34;, &#34;&lt;td class=\&#34;col-testId\&#34;&gt;tests/helpers/test_printing.py::test_time_stamp_helper_functions[False-yesterday_stamp_utc]&lt;/td&gt;&#34;, &#34;&lt;td&gt;Ensure timestamp helper functions work as expected&lt;/td&gt;&#34;, &#34;&lt;td class=\&#34;col-duration\&#34;&gt;0 ms&lt;/td&gt;&#34;, &#34;&lt;td class=\&#34;col-links\&#34;&gt;&lt;/td&gt;&#34;], &#34;log&#34;: &#34;----------------------------- Captured stdout call -----------------------------\n20241229\n&#34;}], &#34;tests/helpers/test_printing.py::test_yesterday_datetime&#34;: [{&#34;extras&#34;: [], &#34;result&#34;: &#34;Passed&#34;, &#34;testId&#34;: &#34;tests/helpers/test_printing.py::test_yesterday_datetime&#34;, &#34;duration&#34;: &#34;0 ms&#34;, &#34;resultsTableRow&#34;: [&#34;&lt;td class=\&#34;col-result\&#34;&gt;Passed&lt;/td&gt;&#34;, &#34;&lt;td&gt;not a parametrized test&lt;/td&gt;&#34;, &#34;&lt;td class=\&#34;col-testId\&#34;&gt;tests/helpers/test_printing.py::test_yesterday_datetime&lt;/td&gt;&#34;, &#34;&lt;td&gt;Ensure yesterday datetime is returning a datetime&lt;/td&gt;&#34;, &#34;&lt;td class=\&#34;col-duration\&#34;&gt;0 ms&lt;/td&gt;&#34;, &#34;&lt;td class=\&#34;col-links\&#34;&gt;&lt;/td&gt;&#34;], &#34;log&#34;: &#34;No log output captured.&#34;}], &#34;tests/helpers/test_printing.py::test_secs_to_str[1-1.000s]&#34;: [{&#34;extras&#34;: [], &#34;result&#34;: &#34;Passed&#34;, &#34;testId&#34;: &#34;tests/helpers/test_printing.py::test_secs_to_str[1-1.000s]&#34;, &#34;duration&#34;: &#34;0 ms&#34;, &#34;resultsTableRow&#34;: [&#34;&lt;td class=\&#34;col-result\&#34;&gt;Passed&lt;/td&gt;&#34;, &#34;&lt;td&gt;1-1.000s&lt;/td&gt;&#34;, &#34;&lt;td class=\&#34;col-testId\&#34;&gt;tests/helpers/test_printing.py::test_secs_to_str[1-1.000s]&lt;/td&gt;&#34;, &#34;&lt;td&gt;Ensure `secs_to_str` function rounds, parses and outputs correctly&lt;/td&gt;&#34;, &#34;&lt;td class=\&#34;col-duration\&#34;&gt;0 ms&lt;/td&gt;&#34;, &#34;&lt;td class=\&#34;col-links\&#34;&gt;&lt;/td&gt;&#34;], &#34;log&#34;: &#34;----------------------------- Captured stdout call -----------------------------\n1.000s\n&#34;}], &#34;tests/helpers/test_printing.py::test_secs_to_str[0.111-0.111s]&#34;: [{&#34;extras&#34;: [], &#34;result&#34;: &#34;Passed&#34;, &#34;testId&#34;: &#34;tests/helpers/test_printing.py::test_secs_to_str[0.111-0.111s]&#34;, &#34;duration&#34;: &#34;0 ms&#34;, &#34;resultsTableRow&#34;: [&#34;&lt;td class=\&#34;col-result\&#34;&gt;Passed&lt;/td&gt;&#34;, &#34;&lt;td&gt;0.111-0.111s&lt;/td&gt;&#34;, &#34;&lt;td class=\&#34;col-testId\&#34;&gt;tests/helpers/test_printing.py::test_secs_to_str[0.111-0.111s]&lt;/td&gt;&#34;, &#34;&lt;td&gt;Ensure `secs_to_str` function rounds, parses and outputs correctly&lt;/td&gt;&#34;, &#34;&lt;td class=\&#34;col-duration\&#34;&gt;0 ms&lt;/td&gt;&#34;, &#34;&lt;td class=\&#34;col-links\&#34;&gt;&lt;/td&gt;&#34;], &#34;log&#34;: &#34;----------------------------- Captured stdout call -----------------------------\n0.111s\n&#34;}], &#34;tests/helpers/test_printing.py::test_secs_to_str[0.1111-0.111s]&#34;: [{&#34;extras&#34;: [], &#34;result&#34;: &#34;Passed&#34;, &#34;testId&#34;: &#34;tests/helpers/test_printing.py::test_secs_to_str[0.1111-0.111s]&#34;, &#34;duration&#34;: &#34;0 ms&#34;, &#34;resultsTableRow&#34;: [&#34;&lt;td class=\&#34;col-result\&#34;&gt;Passed&lt;/td&gt;&#34;, &#34;&lt;td&gt;0.1111-0.111s&lt;/td&gt;&#34;, &#34;&lt;td class=\&#34;col-testId\&#34;&gt;tests/helpers/test_printing.py::test_secs_to_str[0.1111-0.111s]&lt;/td&gt;&#34;, &#34;&lt;td&gt;Ensure `secs_to_str` function rounds, parses and outputs correctly&lt;/td&gt;&#34;, &#34;&lt;td class=\&#34;col-duration\&#34;&gt;0 ms&lt;/td&gt;&#34;, &#34;&lt;td class=\&#34;col-links\&#34;&gt;&lt;/td&gt;&#34;], &#34;log&#34;: &#34;----------------------------- Captured stdout call -----------------------------\n0.111s\n&#34;}], &#34;tests/helpers/test_printing.py::test_secs_to_str[0.1119-0.112s]&#34;: [{&#34;extras&#34;: [], &#34;result&#34;: &#34;Passed&#34;, &#34;testId&#34;: &#34;tests/helpers/test_printing.py::test_secs_to_str[0.1119-0.112s]&#34;, &#34;duration&#34;: &#34;1 ms&#34;, &#34;resultsTableRow&#34;: [&#34;&lt;td class=\&#34;col-result\&#34;&gt;Passed&lt;/td&gt;&#34;, &#34;&lt;td&gt;0.1119-0.112s&lt;/td&gt;&#34;, &#34;&lt;td class=\&#34;col-testId\&#34;&gt;tests/helpers/test_printing.py::test_secs_to_str[0.1119-0.112s]&lt;/td&gt;&#34;, &#34;&lt;td&gt;Ensure `secs_to_str` function rounds, parses and outputs correctly&lt;/td&gt;&#34;, &#34;&lt;td class=\&#34;col-duration\&#34;&gt;1 ms&lt;/td&gt;&#34;, &#34;&lt;td class=\&#34;col-links\&#34;&gt;&lt;/td&gt;&#34;], &#34;log&#34;: &#34;----------------------------- Captured stdout call -----------------------------\n0.112s\n&#34;}], &#34;tests/helpers/test_printing.py::test_secs_to_str[0.9999-1.000s]&#34;: [{&#34;extras&#34;: [], &#34;result&#34;: &#34;Passed&#34;, &#34;testId&#34;: &#34;tests/helpers/test_printing.py::test_secs_to_str[0.9999-1.000s]&#34;, &#34;duration&#34;: &#34;1 ms&#34;, &#34;resultsTableRow&#34;: [&#34;&lt;td class=\&#34;col-result\&#34;&gt;Passed&lt;/td&gt;&#34;, &#34;&lt;td&gt;0.9999-1.000s&lt;/td&gt;&#34;, &#34;&lt;td class=\&#34;col-testId\&#34;&gt;tests/helpers/test_printing.py::test_secs_to_str[0.9999-1.000s]&lt;/td&gt;&#34;, &#34;&lt;td&gt;Ensure `secs_to_str` function rounds, parses and outputs correctly&lt;/td&gt;&#34;, &#34;&lt;td class=\&#34;col-duration\&#34;&gt;1 ms&lt;/td&gt;&#34;, &#34;&lt;td class=\&#34;col-links\&#34;&gt;&lt;/td&gt;&#34;], &#34;log&#34;: &#34;----------------------------- Captured stdout call -----------------------------\n1.000s\n&#34;}], &#34;tests/helpers/test_printing.py::test_secs_to_str[10.9999-11.000s]&#34;: [{&#34;extras&#34;: [], &#34;result&#34;: &#34;Passed&#34;, &#34;testId&#34;: &#34;tests/helpers/test_printing.py::test_secs_to_str[10.9999-11.000s]&#34;, &#34;duration&#34;: &#34;0 ms&#34;, &#34;resultsTableRow&#34;: [&#34;&lt;td class=\&#34;col-result\&#34;&gt;Passed&lt;/td&gt;&#34;, &#34;&lt;td&gt;10.9999-11.000s&lt;/td&gt;&#34;, &#34;&lt;td class=\&#34;col-testId\&#34;&gt;tests/helpers/test_printing.py::test_secs_to_str[10.9999-11.000s]&lt;/td&gt;&#34;, &#34;&lt;td&gt;Ensure `secs_to_str` function rounds, parses and outputs correctly&lt;/td&gt;&#34;, &#34;&lt;td class=\&#34;col-duration\&#34;&gt;0 ms&lt;/td&gt;&#34;, &#34;&lt;td class=\&#34;col-links\&#34;&gt;&lt;/td&gt;&#34;], &#34;log&#34;: &#34;----------------------------- Captured stdout call -----------------------------\n11.000s\n&#34;}], &#34;tests/helpers/test_printing.py::test_secs_to_str[59.9999-1m 00.000s]&#34;: [{&#34;extras&#34;: [], &#34;result&#34;: &#34;Passed&#34;, &#34;testId&#34;: &#34;tests/helpers/test_printing.py::test_secs_to_str[59.9999-1m 00.000s]&#34;, &#34;duration&#34;: &#34;0 ms&#34;, &#34;resultsTableRow&#34;: [&#34;&lt;td class=\&#34;col-result\&#34;&gt;Passed&lt;/td&gt;&#34;, &#34;&lt;td&gt;59.9999-1m 00.000s&lt;/td&gt;&#34;, &#34;&lt;td class=\&#34;col-testId\&#34;&gt;tests/helpers/test_printing.py::test_secs_to_str[59.9999-1m 00.000s]&lt;/td&gt;&#34;, &#34;&lt;td&gt;Ensure `secs_to_str` function rounds, parses and outputs correctly&lt;/td&gt;&#34;, &#34;&lt;td class=\&#34;col-duration\&#34;&gt;0 ms&lt;/td&gt;&#34;, &#34;&lt;td class=\&#34;col-links\&#34;&gt;&lt;/td&gt;&#34;], &#34;log&#34;: &#34;----------------------------- Captured stdout call -----------------------------\n1m 00.000s\n&#34;}], &#34;tests/helpers/test_printing.py::test_secs_to_str[60-1m 00.000s]&#34;: [{&#34;extras&#34;: [], &#34;result&#34;: &#34;Passed&#34;, &#34;testId&#34;: &#34;tests/helpers/test_printing.py::test_secs_to_str[60-1m 00.000s]&#34;, &#34;duration&#34;: &#34;0 ms&#34;, &#34;resultsTableRow&#34;: [&#34;&lt;td class=\&#34;col-result\&#34;&gt;Passed&lt;/td&gt;&#34;, &#34;&lt;td&gt;60-1m 00.000s&lt;/td&gt;&#34;, &#34;&lt;td class=\&#34;col-testId\&#34;&gt;tests/helpers/test_printing.py::test_secs_to_str[60-1m 00.000s]&lt;/td&gt;&#34;, &#34;&lt;td&gt;Ensure `secs_to_str` function rounds, parses and outputs correctly&lt;/td&gt;&#34;, &#34;&lt;td class=\&#34;col-duration\&#34;&gt;0 ms&lt;/td&gt;&#34;, &#34;&lt;td class=\&#34;col-links\&#34;&gt;&lt;/td&gt;&#34;], &#34;log&#34;: &#34;----------------------------- Captured stdout call -----------------------------\n1m 00.000s\n&#34;}], &#34;tests/helpers/test_printing.py::test_secs_to_str[36000-10h 00m 00.000s]&#34;: [{&#34;extras&#34;: [], &#34;result&#34;: &#34;Passed&#34;, &#34;testId&#34;: &#34;tests/helpers/test_printing.py::test_secs_to_str[36000-10h 00m 00.000s]&#34;, &#34;duration&#34;: &#34;0 ms&#34;, &#34;resultsTableRow&#34;: [&#34;&lt;td class=\&#34;col-result\&#34;&gt;Passed&lt;/td&gt;&#34;, &#34;&lt;td&gt;36000-10h 00m 00.000s&lt;/td&gt;&#34;, &#34;&lt;td class=\&#34;col-testId\&#34;&gt;tests/helpers/test_printing.py::test_secs_to_str[36000-10h 00m 00.000s]&lt;/td&gt;&#34;, &#34;&lt;td&gt;Ensure `secs_to_str` function rounds, parses and outputs correctly&lt;/td&gt;&#34;, &#34;&lt;td class=\&#34;col-duration\&#34;&gt;0 ms&lt;/td&gt;&#34;, &#34;&lt;td class=\&#34;col-links\&#34;&gt;&lt;/td&gt;&#34;], &#34;log&#34;: &#34;----------------------------- Captured stdout call -----------------------------\n10h 00m 00.000s\n&#34;}], &#34;tests/helpers/test_printing.py::test_secs_to_str[3599.9999-1h 00m 00.000s]&#34;: [{&#34;extras&#34;: [], &#34;result&#34;: &#34;Passed&#34;, &#34;testId&#34;: &#34;tests/helpers/test_printing.py::test_secs_to_str[3599.9999-1h 00m 00.000s]&#34;, &#34;duration&#34;: &#34;0 ms&#34;, &#34;resultsTableRow&#34;: [&#34;&lt;td class=\&#34;col-result\&#34;&gt;Passed&lt;/td&gt;&#34;, &#34;&lt;td&gt;3599.9999-1h 00m 00.000s&lt;/td&gt;&#34;, &#34;&lt;td class=\&#34;col-testId\&#34;&gt;tests/helpers/test_printing.py::test_secs_to_str[3599.9999-1h 00m 00.000s]&lt;/td&gt;&#34;, &#34;&lt;td&gt;Ensure `secs_to_str` function rounds, parses and outputs correctly&lt;/td&gt;&#34;, &#34;&lt;td class=\&#34;col-duration\&#34;&gt;0 ms&lt;/td&gt;&#34;, &#34;&lt;td class=\&#34;col-links\&#34;&gt;&lt;/td&gt;&#34;], &#34;log&#34;: &#34;----------------------------- Captured stdout call -----------------------------\n1h 00m 00.000s\n&#34;}], &#34;tests/helpers/test_printing.py::test_generate_table&#34;: [{&#34;extras&#34;: [], &#34;result&#34;: &#34;Passed&#34;, &#34;testId&#34;: &#34;tests/helpers/test_printing.py::test_generate_table&#34;, &#34;duration&#34;: &#34;0 ms&#34;, &#34;resultsTableRow&#34;: [&#34;&lt;td class=\&#34;col-result\&#34;&gt;Passed&lt;/td&gt;&#34;, &#34;&lt;td&gt;not a parametrized test&lt;/td&gt;&#34;, &#34;&lt;td class=\&#34;col-testId\&#34;&gt;tests/helpers/test_printing.py::test_generate_table&lt;/td&gt;&#34;, &#34;&lt;td&gt;Ensure that `generate_table` function passes everything on to\n    `generate_table_iter` function\n    &lt;/td&gt;&#34;, &#34;&lt;td class=\&#34;col-duration\&#34;&gt;0 ms&lt;/td&gt;&#34;, &#34;&lt;td class=\&#34;col-links\&#34;&gt;&lt;/td&gt;&#34;], &#34;log&#34;: &#34;----------------------------- Captured stdout call -----------------------------\n._______________________.\n| index |   A   |   B   |\n|-------+-------+-------|\n| 0     | a     | b     |\n| 1     | True  | b     |\n| 2     | a     | True  |\n| 1     | False | b     |\n| 2     | a     | False |\n|_______|_______|_______|\n&#34;}], &#34;tests/helpers/test_printing.py::test_generate_table_iter&#34;: [{&#34;extras&#34;: [], &#34;result&#34;: &#34;Passed&#34;, &#34;testId&#34;: &#34;tests/helpers/test_printing.py::test_generate_table_iter&#34;, &#34;duration&#34;: &#34;0 ms&#34;, &#34;resultsTableRow&#34;: [&#34;&lt;td class=\&#34;col-result\&#34;&gt;Passed&lt;/td&gt;&#34;, &#34;&lt;td&gt;not a parametrized test&lt;/td&gt;&#34;, &#34;&lt;td class=\&#34;col-testId\&#34;&gt;tests/helpers/test_printing.py::test_generate_table_iter&lt;/td&gt;&#34;, &#34;&lt;td&gt;No Description&lt;/td&gt;&#34;, &#34;&lt;td class=\&#34;col-duration\&#34;&gt;0 ms&lt;/td&gt;&#34;, &#34;&lt;td class=\&#34;col-links\&#34;&gt;&lt;/td&gt;&#34;], &#34;log&#34;: &#34;----------------------------- Captured stdout call -----------------------------\nindex | A |     B     \n------+---+-----------\n  0   | a |     b     \n  1   | \u2713 |     b     \n  2   | a |     \u2713     \n  1   | \u2717 |     b     \n  3   | a |    This   \n      |   |     Is    \n      |   |     A     \n      |   | Multi-line\n      |   |    Cell   \n------+---+-----------\n  2   | a |     \u2717     \n&#34;}], &#34;tests/helpers/test_printing.py::test_generate_table_iter_jusification&#34;: [{&#34;extras&#34;: [], &#34;result&#34;: &#34;Passed&#34;, &#34;testId&#34;: &#34;tests/helpers/test_printing.py::test_generate_table_iter_jusification&#34;, &#34;duration&#34;: &#34;1 ms&#34;, &#34;resultsTableRow&#34;: [&#34;&lt;td class=\&#34;col-result\&#34;&gt;Passed&lt;/td&gt;&#34;, &#34;&lt;td&gt;not a parametrized test&lt;/td&gt;&#34;, &#34;&lt;td class=\&#34;col-testId\&#34;&gt;tests/helpers/test_printing.py::test_generate_table_iter_jusification&lt;/td&gt;&#34;, &#34;&lt;td&gt;No Description&lt;/td&gt;&#34;, &#34;&lt;td class=\&#34;col-duration\&#34;&gt;1 ms&lt;/td&gt;&#34;, &#34;&lt;td class=\&#34;col-links\&#34;&gt;&lt;/td&gt;&#34;], &#34;log&#34;: &#34;----------------------------- Captured stdout call -----------------------------\n.____________________________.\n| index |   A   |     B      |\n|-------+-------+------------|\n|     0 | hello |          b |\n|     1 |     \u2713 |          b |\n|     2 |     a |          \u2713 |\n|     1 |     \u2717 |          b |\n|     3 |     a |       This |\n|       |       |         Is |\n|       |       |          A |\n|       |       | Multi-line |\n|       |       |       Cell |\n|-------+-------+------------|\n|     2 |     a |          \u2717 |\n|_______|_______|____________|\n&#34;}], &#34;tests/helpers/test_printing.py::test_generate_table_iter_jusification_list&#34;: [{&#34;extras&#34;: [], &#34;result&#34;: &#34;Passed&#34;, &#34;testId&#34;: &#34;tests/helpers/test_printing.py::test_generate_table_iter_jusification_list&#34;, &#34;duration&#34;: &#34;0 ms&#34;, &#34;resultsTableRow&#34;: [&#34;&lt;td class=\&#34;col-result\&#34;&gt;Passed&lt;/td&gt;&#34;, &#34;&lt;td&gt;not a parametrized test&lt;/td&gt;&#34;, &#34;&lt;td class=\&#34;col-testId\&#34;&gt;tests/helpers/test_printing.py::test_generate_table_iter_jusification_list&lt;/td&gt;&#34;, &#34;&lt;td&gt;No Description&lt;/td&gt;&#34;, &#34;&lt;td class=\&#34;col-duration\&#34;&gt;0 ms&lt;/td&gt;&#34;, &#34;&lt;td class=\&#34;col-links\&#34;&gt;&lt;/td&gt;&#34;], &#34;log&#34;: &#34;----------------------------- Captured stdout call -----------------------------\n.__________________________________.\n|  index  |    A    |      B       |\n|---------+---------+--------------|\n|       0 |  hello  | b            |\n|       1 |    \u2713    | b            |\n|       2 |    a    | \u2713            |\n|       1 |    \u2717    | b            |\n|       3 |    a    | This         |\n|         |         | Is           |\n|         |         | A            |\n|         |         | Multi-line   |\n|         |         | Cell         |\n|---------+---------+--------------|\n|       2 |    a    | \u2717            |\n|_________|_________|______________|\n&#34;}], &#34;tests/helpers/test_timer_laps.py::test_TimerLap&#34;: [{&#34;extras&#34;: [], &#34;result&#34;: &#34;Skipped&#34;, &#34;testId&#34;: &#34;tests/helpers/test_timer_laps.py::test_TimerLap::setup&#34;, &#34;duration&#34;: &#34;0 ms&#34;, &#34;resultsTableRow&#34;: [&#34;&lt;td class=\&#34;col-result\&#34;&gt;Skipped&lt;/td&gt;&#34;, &#34;&lt;td&gt;not a parametrized test&lt;/td&gt;&#34;, &#34;&lt;td class=\&#34;col-testId\&#34;&gt;tests/helpers/test_timer_laps.py::test_TimerLap::setup&lt;/td&gt;&#34;, &#34;&lt;td&gt;No Description&lt;/td&gt;&#34;, &#34;&lt;td class=\&#34;col-duration\&#34;&gt;0 ms&lt;/td&gt;&#34;, &#34;&lt;td class=\&#34;col-links\&#34;&gt;&lt;/td&gt;&#34;], &#34;log&#34;: &#34;(&amp;#x27;/Users/keith/dev/build/gh/pytest-baseline/tests/helpers/test_timer_laps.py&amp;#x27;, 4, &amp;#x27;Skipped: Test not written yet&amp;#x27;)\n&#34;}], &#34;tests/helpers/test_timer_laps.py::test_LapWatch&#34;: [{&#34;extras&#34;: [], &#34;result&#34;: &#34;Skipped&#34;, &#34;testId&#34;: &#34;tests/helpers/test_timer_laps.py::test_LapWatch::setup&#34;, &#34;duration&#34;: &#34;0 ms&#34;, &#34;resultsTableRow&#34;: [&#34;&lt;td class=\&#34;col-result\&#34;&gt;Skipped&lt;/td&gt;&#34;, &#34;&lt;td&gt;not a parametrized test&lt;/td&gt;&#34;, &#34;&lt;td class=\&#34;col-testId\&#34;&gt;tests/helpers/test_timer_laps.py::test_LapWatch::setup&lt;/td&gt;&#34;, &#34;&lt;td&gt;No Description&lt;/td&gt;&#34;, &#34;&lt;td class=\&#34;col-duration\&#34;&gt;0 ms&lt;/td&gt;&#34;, &#34;&lt;td class=\&#34;col-links\&#34;&gt;&lt;/td&gt;&#34;], &#34;log&#34;: &#34;(&amp;#x27;/Users/keith/dev/build/gh/pytest-baseline/tests/helpers/test_timer_laps.py&amp;#x27;, 9, &amp;#x27;Skipped: Test not written yet&amp;#x27;)\n&#34;}], &#34;tests/helpers/test_timer_laps.py::test_LapList&#34;: [{&#34;extras&#34;: [], &#34;result&#34;: &#34;Skipped&#34;, &#34;testId&#34;: &#34;tests/helpers/test_timer_laps.py::test_LapList::setup&#34;, &#34;duration&#34;: &#34;0 ms&#34;, &#34;resultsTableRow&#34;: [&#34;&lt;td class=\&#34;col-result\&#34;&gt;Skipped&lt;/td&gt;&#34;, &#34;&lt;td&gt;not a parametrized test&lt;/td&gt;&#34;, &#34;&lt;td class=\&#34;col-testId\&#34;&gt;tests/helpers/test_timer_laps.py::test_LapList::setup&lt;/td&gt;&#34;, &#34;&lt;td&gt;No Description&lt;/td&gt;&#34;, &#34;&lt;td class=\&#34;col-duration\&#34;&gt;0 ms&lt;/td&gt;&#34;, &#34;&lt;td class=\&#34;col-links\&#34;&gt;&lt;/td&gt;&#34;], &#34;log&#34;: &#34;(&amp;#x27;/Users/keith/dev/build/gh/pytest-baseline/tests/helpers/test_timer_laps.py&amp;#x27;, 14, &amp;#x27;Skipped: Test not written yet&amp;#x27;)\n&#34;}], &#34;tests/test_baseline.py::test_help_message[baseline-plugin:]&#34;: [{&#34;extras&#34;: [], &#34;result&#34;: &#34;Passed&#34;, &#34;testId&#34;: &#34;tests/test_baseline.py::test_help_message[baseline-plugin:]&#34;, &#34;duration&#34;: &#34;31 ms&#34;, &#34;resultsTableRow&#34;: [&#34;&lt;td class=\&#34;col-result\&#34;&gt;Passed&lt;/td&gt;&#34;, &#34;&lt;td&gt;baseline-plugin:&lt;/td&gt;&#34;, &#34;&lt;td class=\&#34;col-testId\&#34;&gt;tests/test_baseline.py::test_help_message[baseline-plugin:]&lt;/td&gt;&#34;, &#34;&lt;td&gt;Ensure all configured help options are displayed&lt;/td&gt;&#34;, &#34;&lt;td class=\&#34;col-duration\&#34;&gt;31 ms&lt;/td&gt;&#34;, &#34;&lt;td class=\&#34;col-links\&#34;&gt;&lt;/td&gt;&#34;], &#34;log&#34;: &#34;----------------------------- Captured stdout call -----------------------------\nusage: pytest [options] [file_or_dir] [file_or_dir] [...]\n\npositional arguments:\n  file_or_dir\n\ngeneral:\n  -k EXPRESSION         Only run tests which match the given substring expression. An expression is a Python evaluable expression where all names are substring-matched against test names and their parent classes. Example: -k &amp;#x27;test_method\n                        or test_other&amp;#x27; matches all test functions and classes whose name contains &amp;#x27;test_method&amp;#x27; or &amp;#x27;test_other&amp;#x27;, while -k &amp;#x27;not test_method&amp;#x27; matches those that don&amp;#x27;t contain &amp;#x27;test_method&amp;#x27; in their names. -k &amp;#x27;not\n                        test_method and not test_other&amp;#x27; will eliminate the matches. Additionally keywords are matched to classes and functions containing extra names in their &amp;#x27;extra_keyword_matches&amp;#x27; set, as well as functions which have\n                        names assigned directly to them. The matching is case-insensitive.\n  -m MARKEXPR           Only run tests matching given mark expression. For example: -m &amp;#x27;mark1 and not mark2&amp;#x27;.\n  --markers             show markers (builtin, plugin and per-project ones).\n  -x, --exitfirst       Exit instantly on first error or failed test\n  --fixtures, --funcargs\n                        Show available fixtures, sorted by plugin appearance (fixtures with leading &amp;#x27;_&amp;#x27; are only shown with &amp;#x27;-v&amp;#x27;)\n  --fixtures-per-test   Show fixtures per test\n  --pdb                 Start the interactive Python debugger on errors or KeyboardInterrupt\n  --pdbcls=modulename:classname\n                        Specify a custom interactive Python debugger for use with --pdb.For example: --pdbcls=IPython.terminal.debugger:TerminalPdb\n  --trace               Immediately break when running each test\n  --capture=method      Per-test capturing method: one of fd|sys|no|tee-sys\n  -s                    Shortcut for --capture=no\n  --runxfail            Report the results of xfail tests as if they were not marked\n  --lf, --last-failed   Rerun only the tests that failed at the last run (or all if none failed)\n  --ff, --failed-first  Run all tests, but run the last failures first. This may re-order tests and thus lead to repeated fixture setup/teardown.\n  --nf, --new-first     Run tests from new files first, then the rest of the tests sorted by file mtime\n  --cache-show=[CACHESHOW]\n                        Show cache contents, don&amp;#x27;t perform collection or tests. Optional argument: glob (default: &amp;#x27;*&amp;#x27;).\n  --cache-clear         Remove all cache contents at start of test run\n  --lfnf={all,none}, --last-failed-no-failures={all,none}\n                        With ``--lf``, determines whether to execute tests when there are no previously (known) failures or when no cached ``lastfailed`` data was found. ``all`` (the default) runs the full test suite again. ``none`` just\n                        emits a message about no known failures and exits successfully.\n  --sw, --stepwise      Exit on test failure and continue from last failing test next time\n  --sw-skip, --stepwise-skip\n                        Ignore the first failing test but stop on the next failing test. Implicitly enables --stepwise.\n\nReporting:\n  --durations=N         Show N slowest setup/test durations (N=0 for all)\n  --durations-min=N     Minimal duration in seconds for inclusion in slowest list. Default: 0.005.\n  -v, --verbose         Increase verbosity\n  --no-header           Disable header\n  --no-summary          Disable summary\n  --no-fold-skipped     Do not fold skipped tests in short summary.\n  -q, --quiet           Decrease verbosity\n  --verbosity=VERBOSE   Set verbosity. Default: 0.\n  -r chars              Show extra test summary info as specified by chars: (f)ailed, (E)rror, (s)kipped, (x)failed, (X)passed, (p)assed, (P)assed with output, (a)ll except passed (p/P), or (A)ll. (w)arnings are enabled by default (see\n                        --disable-warnings), &amp;#x27;N&amp;#x27; can be used to reset the list. (default: &amp;#x27;fE&amp;#x27;).\n  --disable-warnings, --disable-pytest-warnings\n                        Disable warnings summary\n  -l, --showlocals      Show locals in tracebacks (disabled by default)\n  --no-showlocals       Hide locals in tracebacks (negate --showlocals passed through addopts)\n  --tb=style            Traceback print mode (auto/long/short/line/native/no)\n  --xfail-tb            Show tracebacks for xfail (as long as --tb != no)\n  --show-capture={no,stdout,stderr,log,all}\n                        Controls how captured stdout/stderr/log is shown on failed tests. Default: all.\n  --full-trace          Don&amp;#x27;t cut any tracebacks (default is to cut)\n  --color=color         Color terminal output (yes/no/auto)\n  --code-highlight={yes,no}\n                        Whether code should be highlighted (only if --color is also enabled). Default: yes.\n  --pastebin=mode       Send failed|all info to bpaste.net pastebin service\n  --junit-xml=path      Create junit-xml style report file at given path\n  --junit-prefix=str    Prepend prefix to classnames in junit-xml output\n  --html=path           create html report file at given path.\n  --self-contained-html\n                        create a self-contained html file containing all necessary styles, scripts, and images - this means that the report may not render or function where CSP restrictions are in place (see\n                        https://developer.mozilla.org/docs/Web/Security/CSP)\n  --css=path            append given css file content to report style file.\n\npytest-warnings:\n  -W PYTHONWARNINGS, --pythonwarnings=PYTHONWARNINGS\n                        Set which warnings to report, see -W option of Python itself\n  --maxfail=num         Exit after first num failures or errors\n  --strict-config       Any warnings encountered while parsing the `pytest` section of the configuration file raise errors\n  --strict-markers      Markers not registered in the `markers` section of the configuration file raise errors\n  --strict              (Deprecated) alias to --strict-markers\n  -c FILE, --config-file=FILE\n                        Load configuration from `FILE` instead of trying to locate one of the implicit configuration files.\n  --continue-on-collection-errors\n                        Force test execution even if collection errors occur\n  --rootdir=ROOTDIR     Define root directory for tests. Can be relative path: &amp;#x27;root_dir&amp;#x27;, &amp;#x27;./root_dir&amp;#x27;, &amp;#x27;root_dir/another_dir/&amp;#x27;; absolute path: &amp;#x27;/home/user/root_dir&amp;#x27;; path with variables: &amp;#x27;$HOME/root_dir&amp;#x27;.\n\ncollection:\n  --collect-only, --co  Only collect tests, don&amp;#x27;t execute them\n  --pyargs              Try to interpret all arguments as Python packages\n  --ignore=path         Ignore path during collection (multi-allowed)\n  --ignore-glob=path    Ignore path pattern during collection (multi-allowed)\n  --deselect=nodeid_prefix\n                        Deselect item (via node id prefix) during collection (multi-allowed)\n  --confcutdir=dir      Only load conftest.py&amp;#x27;s relative to specified dir\n  --noconftest          Don&amp;#x27;t load any conftest.py files\n  --keep-duplicates     Keep duplicate tests\n  --collect-in-virtualenv\n                        Don&amp;#x27;t ignore tests in a local virtualenv directory\n  --import-mode={prepend,append,importlib}\n                        Prepend/append to sys.path when importing test modules and conftest files. Default: prepend.\n  --doctest-modules     Run doctests in all .py modules\n  --doctest-report={none,cdiff,ndiff,udiff,only_first_failure}\n                        Choose another output format for diffs on doctest failure\n  --doctest-glob=pat    Doctests file matching pattern, default: test*.txt\n  --doctest-ignore-import-errors\n                        Ignore doctest collection errors\n  --doctest-continue-on-failure\n                        For a given doctest, continue to run after the first failure\n\ntest session debugging and configuration:\n  --basetemp=dir        Base temporary directory for this test run. (Warning: this directory is removed if it exists.)\n  -V, --version         Display pytest version and information about plugins. When given twice, also display information about plugins.\n  -h, --help            Show help message and configuration info\n  -p name               Early-load given plugin module name or entry point (multi-allowed). To avoid loading of plugins, use the `no:` prefix, e.g. `no:doctest`.\n  --trace-config        Trace considerations of conftest.py files\n  --debug=[DEBUG_FILE_NAME]\n                        Store internal tracing debug information in this log file. This file is opened with &amp;#x27;w&amp;#x27; and truncated as a result, care advised. Default: pytestdebug.log.\n  -o OVERRIDE_INI, --override-ini=OVERRIDE_INI\n                        Override ini option with &amp;quot;option=value&amp;quot; style, e.g. `-o xfail_strict=True -o cache_dir=cache`.\n  --assert=MODE         Control assertion debugging tools.\n                        &amp;#x27;plain&amp;#x27; performs no assertion debugging.\n                        &amp;#x27;rewrite&amp;#x27; (the default) rewrites assert statements in test modules on import to provide assert expression information.\n  --setup-only          Only setup fixtures, do not execute tests\n  --setup-show          Show setup of fixtures while executing tests\n  --setup-plan          Show what fixtures and tests would be executed but don&amp;#x27;t execute anything\n\nlogging:\n  --log-level=LEVEL     Level of messages to catch/display. Not set by default, so it depends on the root/parent log handler&amp;#x27;s effective level, where it is &amp;quot;WARNING&amp;quot; by default.\n  --log-format=LOG_FORMAT\n                        Log format used by the logging module\n  --log-date-format=LOG_DATE_FORMAT\n                        Log date format used by the logging module\n  --log-cli-level=LOG_CLI_LEVEL\n                        CLI logging level\n  --log-cli-format=LOG_CLI_FORMAT\n                        Log format used by the logging module\n  --log-cli-date-format=LOG_CLI_DATE_FORMAT\n                        Log date format used by the logging module\n  --log-file=LOG_FILE   Path to a file when logging will be written to\n  --log-file-mode={w,a}\n                        Log file open mode\n  --log-file-level=LOG_FILE_LEVEL\n                        Log file logging level\n  --log-file-format=LOG_FILE_FORMAT\n                        Log format used by the logging module\n  --log-file-date-format=LOG_FILE_DATE_FORMAT\n                        Log date format used by the logging module\n  --log-auto-indent=LOG_AUTO_INDENT\n                        Auto-indent multiline messages passed to the logging module. Accepts true|on, false|off or an integer.\n  --log-disable=LOGGER_DISABLE\n                        Disable a logger by name. Can be passed multiple times.\n\npytest-metadata:\n  --metadata=key value  additional metadata.\n  --metadata-from-json=METADATA_FROM_JSON\n                        additional metadata from a json string.\n  --metadata-from-json-file=METADATA_FROM_JSON_FILE\n                        additional metadata from a json file.\n\nbaseline-plugin:\n  --env=ENV             Environment name to pass to tests\n\n[pytest] ini-options in the first pytest.ini|tox.ini|setup.cfg|pyproject.toml file found:\n\n  markers (linelist):   Register new markers for test functions\n  empty_parameter_set_mark (string):\n                        Default marker for empty parametersets\n  norecursedirs (args): Directory patterns to avoid for recursion\n  testpaths (args):     Directories to search for tests when no files or directories are given on the command line\n  filterwarnings (linelist):\n                        Each line specifies a pattern for warnings.filterwarnings. Processed after -W/--pythonwarnings.\n  consider_namespace_packages (bool):\n                        Consider namespace packages when resolving module names during import\n  usefixtures (args):   List of default fixtures to be used with this project\n  python_files (args):  Glob-style file patterns for Python test module discovery\n  python_classes (args):\n                        Prefixes or glob names for Python test class discovery\n  python_functions (args):\n                        Prefixes or glob names for Python test function and method discovery\n  disable_test_id_escaping_and_forfeit_all_rights_to_community_support (bool):\n                        Disable string escape non-ASCII characters, might cause unwanted side effects(use at your own risk)\n  console_output_style (string):\n                        Console output: &amp;quot;classic&amp;quot;, or with additional progress information (&amp;quot;progress&amp;quot; (percentage) | &amp;quot;count&amp;quot; | &amp;quot;progress-even-when-capture-no&amp;quot; (forces progress even when capture=no)\n  verbosity_test_cases (string):\n                        Specify a verbosity level for test case execution, overriding the main level. Higher levels will provide more detailed information about each test case executed.\n  xfail_strict (bool):  Default for the strict parameter of xfail markers when not given explicitly (default: False)\n  tmp_path_retention_count (string):\n                        How many sessions should we keep the `tmp_path` directories, according to `tmp_path_retention_policy`.\n  tmp_path_retention_policy (string):\n                        Controls which directories created by the `tmp_path` fixture are kept around, based on test outcome. (all/failed/none)\n  enable_assertion_pass_hook (bool):\n                        Enables the pytest_assertion_pass hook. Make sure to delete any previously generated pyc cache files.\n  verbosity_assertions (string):\n                        Specify a verbosity level for assertions, overriding the main level. Higher levels will provide more detailed explanation when an assertion fails.\n  junit_suite_name (string):\n                        Test suite name for JUnit report\n  junit_logging (string):\n                        Write captured log messages to JUnit report: one of no|log|system-out|system-err|out-err|all\n  junit_log_passing_tests (bool):\n                        Capture log information for passing tests to JUnit report:\n  junit_duration_report (string):\n                        Duration time to report: one of total|call\n  junit_family (string):\n                        Emit XML for schema: one of legacy|xunit1|xunit2\n  doctest_optionflags (args):\n                        Option flags for doctests\n  doctest_encoding (string):\n                        Encoding used for doctest files\n  cache_dir (string):   Cache directory path\n  log_level (string):   Default value for --log-level\n  log_format (string):  Default value for --log-format\n  log_date_format (string):\n                        Default value for --log-date-format\n  log_cli (bool):       Enable log display during test run (also known as &amp;quot;live logging&amp;quot;)\n  log_cli_level (string):\n                        Default value for --log-cli-level\n  log_cli_format (string):\n                        Default value for --log-cli-format\n  log_cli_date_format (string):\n                        Default value for --log-cli-date-format\n  log_file (string):    Default value for --log-file\n  log_file_mode (string):\n                        Default value for --log-file-mode\n  log_file_level (string):\n                        Default value for --log-file-level\n  log_file_format (string):\n                        Default value for --log-file-format\n  log_file_date_format (string):\n                        Default value for --log-file-date-format\n  log_auto_indent (string):\n                        Default value for --log-auto-indent\n  pythonpath (paths):   Add paths to sys.path\n  faulthandler_timeout (string):\n                        Dump the traceback of all threads if a test takes more than TIMEOUT seconds to finish\n  addopts (args):       Extra command line options\n  minversion (string):  Minimally required pytest version\n  required_plugins (args):\n                        Plugins that must be present for pytest to run\n  render_collapsed (string):\n                        row(s) to render collapsed on open.\n  max_asset_filename_length (string):\n                        set the maximum filename length for assets attached to the html report.\n  environment_table_redact_list (linelist):\n                        a list of regexes corresponding to environment table variables whose values should be redacted from the report\n  initial_sort (string):\n                        column to initially sort on.\n  generate_report_on_test (bool):\n                        the HTML report will be generated after each test instead of at the end of the run.\n\nEnvironment variables:\n  CI                       When set (regardless of value), pytest knows it is running in a CI process and does not truncate summary info\n  BUILD_NUMBER             Equivalent to CI\n  PYTEST_ADDOPTS           Extra command line options\n  PYTEST_PLUGINS           Comma-separated plugins to load during startup\n  PYTEST_DISABLE_PLUGIN_AUTOLOAD Set to disable plugin auto-loading\n  PYTEST_DEBUG             Set to enable debug tracing of pytest&amp;#x27;s internals\n\n\nto see available markers type: pytest --markers\nto see available fixtures type: pytest --fixtures\n(shown according to specified file_or_dir or current dir if not specified; fixtures with leading &amp;#x27;_&amp;#x27; are only shown with the &amp;#x27;-v&amp;#x27; option\n&#34;}], &#34;tests/test_baseline.py::test_help_message[*--env=ENV*Environment name to pass to tests]&#34;: [{&#34;extras&#34;: [], &#34;result&#34;: &#34;Passed&#34;, &#34;testId&#34;: &#34;tests/test_baseline.py::test_help_message[*--env=ENV*Environment name to pass to tests]&#34;, &#34;duration&#34;: &#34;19 ms&#34;, &#34;resultsTableRow&#34;: [&#34;&lt;td class=\&#34;col-result\&#34;&gt;Passed&lt;/td&gt;&#34;, &#34;&lt;td&gt;*--env=ENV*Environment name to pass to tests&lt;/td&gt;&#34;, &#34;&lt;td class=\&#34;col-testId\&#34;&gt;tests/test_baseline.py::test_help_message[*--env=ENV*Environment name to pass to tests]&lt;/td&gt;&#34;, &#34;&lt;td&gt;Ensure all configured help options are displayed&lt;/td&gt;&#34;, &#34;&lt;td class=\&#34;col-duration\&#34;&gt;19 ms&lt;/td&gt;&#34;, &#34;&lt;td class=\&#34;col-links\&#34;&gt;&lt;/td&gt;&#34;], &#34;log&#34;: &#34;----------------------------- Captured stdout call -----------------------------\nusage: pytest [options] [file_or_dir] [file_or_dir] [...]\n\npositional arguments:\n  file_or_dir\n\ngeneral:\n  -k EXPRESSION         Only run tests which match the given substring expression. An expression is a Python evaluable expression where all names are substring-matched against test names and their parent classes. Example: -k &amp;#x27;test_method\n                        or test_other&amp;#x27; matches all test functions and classes whose name contains &amp;#x27;test_method&amp;#x27; or &amp;#x27;test_other&amp;#x27;, while -k &amp;#x27;not test_method&amp;#x27; matches those that don&amp;#x27;t contain &amp;#x27;test_method&amp;#x27; in their names. -k &amp;#x27;not\n                        test_method and not test_other&amp;#x27; will eliminate the matches. Additionally keywords are matched to classes and functions containing extra names in their &amp;#x27;extra_keyword_matches&amp;#x27; set, as well as functions which have\n                        names assigned directly to them. The matching is case-insensitive.\n  -m MARKEXPR           Only run tests matching given mark expression. For example: -m &amp;#x27;mark1 and not mark2&amp;#x27;.\n  --markers             show markers (builtin, plugin and per-project ones).\n  -x, --exitfirst       Exit instantly on first error or failed test\n  --fixtures, --funcargs\n                        Show available fixtures, sorted by plugin appearance (fixtures with leading &amp;#x27;_&amp;#x27; are only shown with &amp;#x27;-v&amp;#x27;)\n  --fixtures-per-test   Show fixtures per test\n  --pdb                 Start the interactive Python debugger on errors or KeyboardInterrupt\n  --pdbcls=modulename:classname\n                        Specify a custom interactive Python debugger for use with --pdb.For example: --pdbcls=IPython.terminal.debugger:TerminalPdb\n  --trace               Immediately break when running each test\n  --capture=method      Per-test capturing method: one of fd|sys|no|tee-sys\n  -s                    Shortcut for --capture=no\n  --runxfail            Report the results of xfail tests as if they were not marked\n  --lf, --last-failed   Rerun only the tests that failed at the last run (or all if none failed)\n  --ff, --failed-first  Run all tests, but run the last failures first. This may re-order tests and thus lead to repeated fixture setup/teardown.\n  --nf, --new-first     Run tests from new files first, then the rest of the tests sorted by file mtime\n  --cache-show=[CACHESHOW]\n                        Show cache contents, don&amp;#x27;t perform collection or tests. Optional argument: glob (default: &amp;#x27;*&amp;#x27;).\n  --cache-clear         Remove all cache contents at start of test run\n  --lfnf={all,none}, --last-failed-no-failures={all,none}\n                        With ``--lf``, determines whether to execute tests when there are no previously (known) failures or when no cached ``lastfailed`` data was found. ``all`` (the default) runs the full test suite again. ``none`` just\n                        emits a message about no known failures and exits successfully.\n  --sw, --stepwise      Exit on test failure and continue from last failing test next time\n  --sw-skip, --stepwise-skip\n                        Ignore the first failing test but stop on the next failing test. Implicitly enables --stepwise.\n\nReporting:\n  --durations=N         Show N slowest setup/test durations (N=0 for all)\n  --durations-min=N     Minimal duration in seconds for inclusion in slowest list. Default: 0.005.\n  -v, --verbose         Increase verbosity\n  --no-header           Disable header\n  --no-summary          Disable summary\n  --no-fold-skipped     Do not fold skipped tests in short summary.\n  -q, --quiet           Decrease verbosity\n  --verbosity=VERBOSE   Set verbosity. Default: 0.\n  -r chars              Show extra test summary info as specified by chars: (f)ailed, (E)rror, (s)kipped, (x)failed, (X)passed, (p)assed, (P)assed with output, (a)ll except passed (p/P), or (A)ll. (w)arnings are enabled by default (see\n                        --disable-warnings), &amp;#x27;N&amp;#x27; can be used to reset the list. (default: &amp;#x27;fE&amp;#x27;).\n  --disable-warnings, --disable-pytest-warnings\n                        Disable warnings summary\n  -l, --showlocals      Show locals in tracebacks (disabled by default)\n  --no-showlocals       Hide locals in tracebacks (negate --showlocals passed through addopts)\n  --tb=style            Traceback print mode (auto/long/short/line/native/no)\n  --xfail-tb            Show tracebacks for xfail (as long as --tb != no)\n  --show-capture={no,stdout,stderr,log,all}\n                        Controls how captured stdout/stderr/log is shown on failed tests. Default: all.\n  --full-trace          Don&amp;#x27;t cut any tracebacks (default is to cut)\n  --color=color         Color terminal output (yes/no/auto)\n  --code-highlight={yes,no}\n                        Whether code should be highlighted (only if --color is also enabled). Default: yes.\n  --pastebin=mode       Send failed|all info to bpaste.net pastebin service\n  --junit-xml=path      Create junit-xml style report file at given path\n  --junit-prefix=str    Prepend prefix to classnames in junit-xml output\n  --html=path           create html report file at given path.\n  --self-contained-html\n                        create a self-contained html file containing all necessary styles, scripts, and images - this means that the report may not render or function where CSP restrictions are in place (see\n                        https://developer.mozilla.org/docs/Web/Security/CSP)\n  --css=path            append given css file content to report style file.\n\npytest-warnings:\n  -W PYTHONWARNINGS, --pythonwarnings=PYTHONWARNINGS\n                        Set which warnings to report, see -W option of Python itself\n  --maxfail=num         Exit after first num failures or errors\n  --strict-config       Any warnings encountered while parsing the `pytest` section of the configuration file raise errors\n  --strict-markers      Markers not registered in the `markers` section of the configuration file raise errors\n  --strict              (Deprecated) alias to --strict-markers\n  -c FILE, --config-file=FILE\n                        Load configuration from `FILE` instead of trying to locate one of the implicit configuration files.\n  --continue-on-collection-errors\n                        Force test execution even if collection errors occur\n  --rootdir=ROOTDIR     Define root directory for tests. Can be relative path: &amp;#x27;root_dir&amp;#x27;, &amp;#x27;./root_dir&amp;#x27;, &amp;#x27;root_dir/another_dir/&amp;#x27;; absolute path: &amp;#x27;/home/user/root_dir&amp;#x27;; path with variables: &amp;#x27;$HOME/root_dir&amp;#x27;.\n\ncollection:\n  --collect-only, --co  Only collect tests, don&amp;#x27;t execute them\n  --pyargs              Try to interpret all arguments as Python packages\n  --ignore=path         Ignore path during collection (multi-allowed)\n  --ignore-glob=path    Ignore path pattern during collection (multi-allowed)\n  --deselect=nodeid_prefix\n                        Deselect item (via node id prefix) during collection (multi-allowed)\n  --confcutdir=dir      Only load conftest.py&amp;#x27;s relative to specified dir\n  --noconftest          Don&amp;#x27;t load any conftest.py files\n  --keep-duplicates     Keep duplicate tests\n  --collect-in-virtualenv\n                        Don&amp;#x27;t ignore tests in a local virtualenv directory\n  --import-mode={prepend,append,importlib}\n                        Prepend/append to sys.path when importing test modules and conftest files. Default: prepend.\n  --doctest-modules     Run doctests in all .py modules\n  --doctest-report={none,cdiff,ndiff,udiff,only_first_failure}\n                        Choose another output format for diffs on doctest failure\n  --doctest-glob=pat    Doctests file matching pattern, default: test*.txt\n  --doctest-ignore-import-errors\n                        Ignore doctest collection errors\n  --doctest-continue-on-failure\n                        For a given doctest, continue to run after the first failure\n\ntest session debugging and configuration:\n  --basetemp=dir        Base temporary directory for this test run. (Warning: this directory is removed if it exists.)\n  -V, --version         Display pytest version and information about plugins. When given twice, also display information about plugins.\n  -h, --help            Show help message and configuration info\n  -p name               Early-load given plugin module name or entry point (multi-allowed). To avoid loading of plugins, use the `no:` prefix, e.g. `no:doctest`.\n  --trace-config        Trace considerations of conftest.py files\n  --debug=[DEBUG_FILE_NAME]\n                        Store internal tracing debug information in this log file. This file is opened with &amp;#x27;w&amp;#x27; and truncated as a result, care advised. Default: pytestdebug.log.\n  -o OVERRIDE_INI, --override-ini=OVERRIDE_INI\n                        Override ini option with &amp;quot;option=value&amp;quot; style, e.g. `-o xfail_strict=True -o cache_dir=cache`.\n  --assert=MODE         Control assertion debugging tools.\n                        &amp;#x27;plain&amp;#x27; performs no assertion debugging.\n                        &amp;#x27;rewrite&amp;#x27; (the default) rewrites assert statements in test modules on import to provide assert expression information.\n  --setup-only          Only setup fixtures, do not execute tests\n  --setup-show          Show setup of fixtures while executing tests\n  --setup-plan          Show what fixtures and tests would be executed but don&amp;#x27;t execute anything\n\nlogging:\n  --log-level=LEVEL     Level of messages to catch/display. Not set by default, so it depends on the root/parent log handler&amp;#x27;s effective level, where it is &amp;quot;WARNING&amp;quot; by default.\n  --log-format=LOG_FORMAT\n                        Log format used by the logging module\n  --log-date-format=LOG_DATE_FORMAT\n                        Log date format used by the logging module\n  --log-cli-level=LOG_CLI_LEVEL\n                        CLI logging level\n  --log-cli-format=LOG_CLI_FORMAT\n                        Log format used by the logging module\n  --log-cli-date-format=LOG_CLI_DATE_FORMAT\n                        Log date format used by the logging module\n  --log-file=LOG_FILE   Path to a file when logging will be written to\n  --log-file-mode={w,a}\n                        Log file open mode\n  --log-file-level=LOG_FILE_LEVEL\n                        Log file logging level\n  --log-file-format=LOG_FILE_FORMAT\n                        Log format used by the logging module\n  --log-file-date-format=LOG_FILE_DATE_FORMAT\n                        Log date format used by the logging module\n  --log-auto-indent=LOG_AUTO_INDENT\n                        Auto-indent multiline messages passed to the logging module. Accepts true|on, false|off or an integer.\n  --log-disable=LOGGER_DISABLE\n                        Disable a logger by name. Can be passed multiple times.\n\npytest-metadata:\n  --metadata=key value  additional metadata.\n  --metadata-from-json=METADATA_FROM_JSON\n                        additional metadata from a json string.\n  --metadata-from-json-file=METADATA_FROM_JSON_FILE\n                        additional metadata from a json file.\n\nbaseline-plugin:\n  --env=ENV             Environment name to pass to tests\n\n[pytest] ini-options in the first pytest.ini|tox.ini|setup.cfg|pyproject.toml file found:\n\n  markers (linelist):   Register new markers for test functions\n  empty_parameter_set_mark (string):\n                        Default marker for empty parametersets\n  norecursedirs (args): Directory patterns to avoid for recursion\n  testpaths (args):     Directories to search for tests when no files or directories are given on the command line\n  filterwarnings (linelist):\n                        Each line specifies a pattern for warnings.filterwarnings. Processed after -W/--pythonwarnings.\n  consider_namespace_packages (bool):\n                        Consider namespace packages when resolving module names during import\n  usefixtures (args):   List of default fixtures to be used with this project\n  python_files (args):  Glob-style file patterns for Python test module discovery\n  python_classes (args):\n                        Prefixes or glob names for Python test class discovery\n  python_functions (args):\n                        Prefixes or glob names for Python test function and method discovery\n  disable_test_id_escaping_and_forfeit_all_rights_to_community_support (bool):\n                        Disable string escape non-ASCII characters, might cause unwanted side effects(use at your own risk)\n  console_output_style (string):\n                        Console output: &amp;quot;classic&amp;quot;, or with additional progress information (&amp;quot;progress&amp;quot; (percentage) | &amp;quot;count&amp;quot; | &amp;quot;progress-even-when-capture-no&amp;quot; (forces progress even when capture=no)\n  verbosity_test_cases (string):\n                        Specify a verbosity level for test case execution, overriding the main level. Higher levels will provide more detailed information about each test case executed.\n  xfail_strict (bool):  Default for the strict parameter of xfail markers when not given explicitly (default: False)\n  tmp_path_retention_count (string):\n                        How many sessions should we keep the `tmp_path` directories, according to `tmp_path_retention_policy`.\n  tmp_path_retention_policy (string):\n                        Controls which directories created by the `tmp_path` fixture are kept around, based on test outcome. (all/failed/none)\n  enable_assertion_pass_hook (bool):\n                        Enables the pytest_assertion_pass hook. Make sure to delete any previously generated pyc cache files.\n  verbosity_assertions (string):\n                        Specify a verbosity level for assertions, overriding the main level. Higher levels will provide more detailed explanation when an assertion fails.\n  junit_suite_name (string):\n                        Test suite name for JUnit report\n  junit_logging (string):\n                        Write captured log messages to JUnit report: one of no|log|system-out|system-err|out-err|all\n  junit_log_passing_tests (bool):\n                        Capture log information for passing tests to JUnit report:\n  junit_duration_report (string):\n                        Duration time to report: one of total|call\n  junit_family (string):\n                        Emit XML for schema: one of legacy|xunit1|xunit2\n  doctest_optionflags (args):\n                        Option flags for doctests\n  doctest_encoding (string):\n                        Encoding used for doctest files\n  cache_dir (string):   Cache directory path\n  log_level (string):   Default value for --log-level\n  log_format (string):  Default value for --log-format\n  log_date_format (string):\n                        Default value for --log-date-format\n  log_cli (bool):       Enable log display during test run (also known as &amp;quot;live logging&amp;quot;)\n  log_cli_level (string):\n                        Default value for --log-cli-level\n  log_cli_format (string):\n                        Default value for --log-cli-format\n  log_cli_date_format (string):\n                        Default value for --log-cli-date-format\n  log_file (string):    Default value for --log-file\n  log_file_mode (string):\n                        Default value for --log-file-mode\n  log_file_level (string):\n                        Default value for --log-file-level\n  log_file_format (string):\n                        Default value for --log-file-format\n  log_file_date_format (string):\n                        Default value for --log-file-date-format\n  log_auto_indent (string):\n                        Default value for --log-auto-indent\n  pythonpath (paths):   Add paths to sys.path\n  faulthandler_timeout (string):\n                        Dump the traceback of all threads if a test takes more than TIMEOUT seconds to finish\n  addopts (args):       Extra command line options\n  minversion (string):  Minimally required pytest version\n  required_plugins (args):\n                        Plugins that must be present for pytest to run\n  render_collapsed (string):\n                        row(s) to render collapsed on open.\n  max_asset_filename_length (string):\n                        set the maximum filename length for assets attached to the html report.\n  environment_table_redact_list (linelist):\n                        a list of regexes corresponding to environment table variables whose values should be redacted from the report\n  initial_sort (string):\n                        column to initially sort on.\n  generate_report_on_test (bool):\n                        the HTML report will be generated after each test instead of at the end of the run.\n\nEnvironment variables:\n  CI                       When set (regardless of value), pytest knows it is running in a CI process and does not truncate summary info\n  BUILD_NUMBER             Equivalent to CI\n  PYTEST_ADDOPTS           Extra command line options\n  PYTEST_PLUGINS           Comma-separated plugins to load during startup\n  PYTEST_DISABLE_PLUGIN_AUTOLOAD Set to disable plugin auto-loading\n  PYTEST_DEBUG             Set to enable debug tracing of pytest&amp;#x27;s internals\n\n\nto see available markers type: pytest --markers\nto see available fixtures type: pytest --fixtures\n(shown according to specified file_or_dir or current dir if not specified; fixtures with leading &amp;#x27;_&amp;#x27; are only shown with the &amp;#x27;-v&amp;#x27; option\n&#34;}], &#34;tests/test_baseline.py::test_env_fixture_not_passed&#34;: [{&#34;extras&#34;: [], &#34;result&#34;: &#34;Passed&#34;, &#34;testId&#34;: &#34;tests/test_baseline.py::test_env_fixture_not_passed&#34;, &#34;duration&#34;: &#34;26 ms&#34;, &#34;resultsTableRow&#34;: [&#34;&lt;td class=\&#34;col-result\&#34;&gt;Passed&lt;/td&gt;&#34;, &#34;&lt;td&gt;not a parametrized test&lt;/td&gt;&#34;, &#34;&lt;td class=\&#34;col-testId\&#34;&gt;tests/test_baseline.py::test_env_fixture_not_passed&lt;/td&gt;&#34;, &#34;&lt;td&gt;Ensure --env option is being set to the default correctly for the `env`\n    fixture\n     &lt;/td&gt;&#34;, &#34;&lt;td class=\&#34;col-duration\&#34;&gt;26 ms&lt;/td&gt;&#34;, &#34;&lt;td class=\&#34;col-links\&#34;&gt;&lt;/td&gt;&#34;], &#34;log&#34;: &#34;----------------------------- Captured stdout call -----------------------------\n============================================================================================================ test session starts ============================================================================================================\nplatform darwin -- Python 3.11.3, pytest-8.3.4, pluggy-1.5.0 -- /Users/keith/dev/build/gh/pytest-baseline/.tox/py311/bin/python\ncachedir: .pytest_cache\nmetadata: {&amp;#x27;Python&amp;#x27;: &amp;#x27;3.11.3&amp;#x27;, &amp;#x27;Platform&amp;#x27;: &amp;#x27;macOS-15.1.1-arm64-arm-64bit&amp;#x27;, &amp;#x27;Packages&amp;#x27;: {&amp;#x27;pytest&amp;#x27;: &amp;#x27;8.3.4&amp;#x27;, &amp;#x27;pluggy&amp;#x27;: &amp;#x27;1.5.0&amp;#x27;}, &amp;#x27;Plugins&amp;#x27;: {&amp;#x27;html&amp;#x27;: &amp;#x27;4.1.1&amp;#x27;, &amp;#x27;metadata&amp;#x27;: &amp;#x27;3.1.1&amp;#x27;, &amp;#x27;baseline&amp;#x27;: &amp;#x27;0.1.0&amp;#x27;}, &amp;#x27;Environment&amp;#x27;: &amp;#x27;DEFAULT&amp;#x27;, &amp;#x27;Invoking Command&amp;#x27;: &amp;#x27;pytest -v --basetemp=/private/var/folders/7f/h47244dn38j_zznm8g288dkr0000gn/T/pytest-of-keith/pytest-30/basetemp&amp;#x27;, &amp;#x27;Start Time&amp;#x27;: &amp;#x27;2024-12-30T16:02:52&amp;#x27;}\nrootdir: /private/var/folders/7f/h47244dn38j_zznm8g288dkr0000gn/T/pytest-of-keith/pytest-30/test_env_fixture_not_passed0\nplugins: html-4.1.1, metadata-3.1.1, baseline-0.1.0\ncollecting ... collected 1 item\n\ntest_env_fixture_not_passed.py::test_env PASSED                                                                                                                                                                                       [100%]\n\n============================================================================================================= 1 passed in 0.01s =============================================================================================================\n&#34;}], &#34;tests/test_baseline.py::test_env_fixture_passed&#34;: [{&#34;extras&#34;: [], &#34;result&#34;: &#34;Passed&#34;, &#34;testId&#34;: &#34;tests/test_baseline.py::test_env_fixture_passed&#34;, &#34;duration&#34;: &#34;27 ms&#34;, &#34;resultsTableRow&#34;: [&#34;&lt;td class=\&#34;col-result\&#34;&gt;Passed&lt;/td&gt;&#34;, &#34;&lt;td&gt;not a parametrized test&lt;/td&gt;&#34;, &#34;&lt;td class=\&#34;col-testId\&#34;&gt;tests/test_baseline.py::test_env_fixture_passed&lt;/td&gt;&#34;, &#34;&lt;td&gt;Ensure --env option is being passed correctly to the `env` fixture&lt;/td&gt;&#34;, &#34;&lt;td class=\&#34;col-duration\&#34;&gt;27 ms&lt;/td&gt;&#34;, &#34;&lt;td class=\&#34;col-links\&#34;&gt;&lt;/td&gt;&#34;], &#34;log&#34;: &#34;----------------------------- Captured stdout call -----------------------------\n============================================================================================================ test session starts ============================================================================================================\nplatform darwin -- Python 3.11.3, pytest-8.3.4, pluggy-1.5.0 -- /Users/keith/dev/build/gh/pytest-baseline/.tox/py311/bin/python\ncachedir: .pytest_cache\nmetadata: {&amp;#x27;Python&amp;#x27;: &amp;#x27;3.11.3&amp;#x27;, &amp;#x27;Platform&amp;#x27;: &amp;#x27;macOS-15.1.1-arm64-arm-64bit&amp;#x27;, &amp;#x27;Packages&amp;#x27;: {&amp;#x27;pytest&amp;#x27;: &amp;#x27;8.3.4&amp;#x27;, &amp;#x27;pluggy&amp;#x27;: &amp;#x27;1.5.0&amp;#x27;}, &amp;#x27;Plugins&amp;#x27;: {&amp;#x27;html&amp;#x27;: &amp;#x27;4.1.1&amp;#x27;, &amp;#x27;metadata&amp;#x27;: &amp;#x27;3.1.1&amp;#x27;, &amp;#x27;baseline&amp;#x27;: &amp;#x27;0.1.0&amp;#x27;}, &amp;#x27;Environment&amp;#x27;: &amp;#x27;dev&amp;#x27;, &amp;#x27;Invoking Command&amp;#x27;: &amp;#x27;pytest -v --env=dev --basetemp=/private/var/folders/7f/h47244dn38j_zznm8g288dkr0000gn/T/pytest-of-keith/pytest-30/basetemp&amp;#x27;, &amp;#x27;Start Time&amp;#x27;: &amp;#x27;2024-12-30T16:02:52&amp;#x27;}\nrootdir: /private/var/folders/7f/h47244dn38j_zznm8g288dkr0000gn/T/pytest-of-keith/pytest-30/test_env_fixture_passed0\nplugins: html-4.1.1, metadata-3.1.1, baseline-0.1.0\ncollecting ... collected 1 item\n\ntest_env_fixture_passed.py::test_env PASSED                                                                                                                                                                                           [100%]\n\n============================================================================================================= 1 passed in 0.01s =============================================================================================================\n&#34;}], &#34;tests/test_baseline.py::test_pytest_baseline_parametrized_module_variable_info&#34;: [{&#34;extras&#34;: [], &#34;result&#34;: &#34;Passed&#34;, &#34;testId&#34;: &#34;tests/test_baseline.py::test_pytest_baseline_parametrized_module_variable_info&#34;, &#34;duration&#34;: &#34;28 ms&#34;, &#34;resultsTableRow&#34;: [&#34;&lt;td class=\&#34;col-result\&#34;&gt;Passed&lt;/td&gt;&#34;, &#34;&lt;td&gt;not a parametrized test&lt;/td&gt;&#34;, &#34;&lt;td class=\&#34;col-testId\&#34;&gt;tests/test_baseline.py::test_pytest_baseline_parametrized_module_variable_info&lt;/td&gt;&#34;, &#34;&lt;td&gt;No Description&lt;/td&gt;&#34;, &#34;&lt;td class=\&#34;col-duration\&#34;&gt;28 ms&lt;/td&gt;&#34;, &#34;&lt;td class=\&#34;col-links\&#34;&gt;&lt;/td&gt;&#34;], &#34;log&#34;: &#34;----------------------------- Captured stdout call -----------------------------\n============================================================================================================ test session starts ============================================================================================================\nplatform darwin -- Python 3.11.3, pytest-8.3.4, pluggy-1.5.0 -- /Users/keith/dev/build/gh/pytest-baseline/.tox/py311/bin/python\ncachedir: .pytest_cache\nmetadata: {&amp;#x27;Python&amp;#x27;: &amp;#x27;3.11.3&amp;#x27;, &amp;#x27;Platform&amp;#x27;: &amp;#x27;macOS-15.1.1-arm64-arm-64bit&amp;#x27;, &amp;#x27;Packages&amp;#x27;: {&amp;#x27;pytest&amp;#x27;: &amp;#x27;8.3.4&amp;#x27;, &amp;#x27;pluggy&amp;#x27;: &amp;#x27;1.5.0&amp;#x27;}, &amp;#x27;Plugins&amp;#x27;: {&amp;#x27;html&amp;#x27;: &amp;#x27;4.1.1&amp;#x27;, &amp;#x27;metadata&amp;#x27;: &amp;#x27;3.1.1&amp;#x27;, &amp;#x27;baseline&amp;#x27;: &amp;#x27;0.1.0&amp;#x27;}, &amp;#x27;Environment&amp;#x27;: &amp;#x27;DEFAULT&amp;#x27;, &amp;#x27;Invoking Command&amp;#x27;: &amp;#x27;pytest -v --basetemp=/private/var/folders/7f/h47244dn38j_zznm8g288dkr0000gn/T/pytest-of-keith/pytest-30/basetemp&amp;#x27;, &amp;#x27;Start Time&amp;#x27;: &amp;#x27;2024-12-30T16:02:52&amp;#x27;}\nrootdir: /private/var/folders/7f/h47244dn38j_zznm8g288dkr0000gn/T/pytest-of-keith/pytest-30/test_pytest_baseline_parametrized_module_variable_info0\nplugins: html-4.1.1, metadata-3.1.1, baseline-0.1.0\ncollecting ... collected 2 items\n\ntest_pytest_baseline_parametrized_module_variable_info.py::test_paramed_var[hello] PASSED                                                                                                                                             [ 50%]\ntest_pytest_baseline_parametrized_module_variable_info.py::test_paramed_var[world] PASSED                                                                                                                                             [100%]\n\n============================================================================================================= 2 passed in 0.01s =============================================================================================================\n&#34;}], &#34;tests/test_baseline.py::test_pytest_baseline_parametrized_module_variable_info_string&#34;: [{&#34;extras&#34;: [], &#34;result&#34;: &#34;Passed&#34;, &#34;testId&#34;: &#34;tests/test_baseline.py::test_pytest_baseline_parametrized_module_variable_info_string&#34;, &#34;duration&#34;: &#34;27 ms&#34;, &#34;resultsTableRow&#34;: [&#34;&lt;td class=\&#34;col-result\&#34;&gt;Passed&lt;/td&gt;&#34;, &#34;&lt;td&gt;not a parametrized test&lt;/td&gt;&#34;, &#34;&lt;td class=\&#34;col-testId\&#34;&gt;tests/test_baseline.py::test_pytest_baseline_parametrized_module_variable_info_string&lt;/td&gt;&#34;, &#34;&lt;td&gt;No Description&lt;/td&gt;&#34;, &#34;&lt;td class=\&#34;col-duration\&#34;&gt;27 ms&lt;/td&gt;&#34;, &#34;&lt;td class=\&#34;col-links\&#34;&gt;&lt;/td&gt;&#34;], &#34;log&#34;: &#34;----------------------------- Captured stdout call -----------------------------\n============================================================================================================ test session starts ============================================================================================================\nplatform darwin -- Python 3.11.3, pytest-8.3.4, pluggy-1.5.0 -- /Users/keith/dev/build/gh/pytest-baseline/.tox/py311/bin/python\ncachedir: .pytest_cache\nmetadata: {&amp;#x27;Python&amp;#x27;: &amp;#x27;3.11.3&amp;#x27;, &amp;#x27;Platform&amp;#x27;: &amp;#x27;macOS-15.1.1-arm64-arm-64bit&amp;#x27;, &amp;#x27;Packages&amp;#x27;: {&amp;#x27;pytest&amp;#x27;: &amp;#x27;8.3.4&amp;#x27;, &amp;#x27;pluggy&amp;#x27;: &amp;#x27;1.5.0&amp;#x27;}, &amp;#x27;Plugins&amp;#x27;: {&amp;#x27;html&amp;#x27;: &amp;#x27;4.1.1&amp;#x27;, &amp;#x27;metadata&amp;#x27;: &amp;#x27;3.1.1&amp;#x27;, &amp;#x27;baseline&amp;#x27;: &amp;#x27;0.1.0&amp;#x27;}, &amp;#x27;Environment&amp;#x27;: &amp;#x27;DEFAULT&amp;#x27;, &amp;#x27;Invoking Command&amp;#x27;: &amp;#x27;pytest -v --basetemp=/private/var/folders/7f/h47244dn38j_zznm8g288dkr0000gn/T/pytest-of-keith/pytest-30/basetemp&amp;#x27;, &amp;#x27;Start Time&amp;#x27;: &amp;#x27;2024-12-30T16:02:52&amp;#x27;}\nrootdir: /private/var/folders/7f/h47244dn38j_zznm8g288dkr0000gn/T/pytest-of-keith/pytest-30/test_pytest_baseline_parametrized_module_variable_info_string0\nplugins: html-4.1.1, metadata-3.1.1, baseline-0.1.0\ncollecting ... collected 1 item\n\ntest_pytest_baseline_parametrized_module_variable_info_string.py::test_paramed_var[hello world] PASSED                                                                                                                                [100%]\n\n============================================================================================================= 1 passed in 0.01s =============================================================================================================\n&#34;}], &#34;tests/test_baseline.py::test_pytest_baseline_parametrized_module_variable_info_skipped&#34;: [{&#34;extras&#34;: [], &#34;result&#34;: &#34;Passed&#34;, &#34;testId&#34;: &#34;tests/test_baseline.py::test_pytest_baseline_parametrized_module_variable_info_skipped&#34;, &#34;duration&#34;: &#34;27 ms&#34;, &#34;resultsTableRow&#34;: [&#34;&lt;td class=\&#34;col-result\&#34;&gt;Passed&lt;/td&gt;&#34;, &#34;&lt;td&gt;not a parametrized test&lt;/td&gt;&#34;, &#34;&lt;td class=\&#34;col-testId\&#34;&gt;tests/test_baseline.py::test_pytest_baseline_parametrized_module_variable_info_skipped&lt;/td&gt;&#34;, &#34;&lt;td&gt;No Description&lt;/td&gt;&#34;, &#34;&lt;td class=\&#34;col-duration\&#34;&gt;27 ms&lt;/td&gt;&#34;, &#34;&lt;td class=\&#34;col-links\&#34;&gt;&lt;/td&gt;&#34;], &#34;log&#34;: &#34;----------------------------- Captured stdout call -----------------------------\n============================================================================================================ test session starts ============================================================================================================\nplatform darwin -- Python 3.11.3, pytest-8.3.4, pluggy-1.5.0 -- /Users/keith/dev/build/gh/pytest-baseline/.tox/py311/bin/python\ncachedir: .pytest_cache\nmetadata: {&amp;#x27;Python&amp;#x27;: &amp;#x27;3.11.3&amp;#x27;, &amp;#x27;Platform&amp;#x27;: &amp;#x27;macOS-15.1.1-arm64-arm-64bit&amp;#x27;, &amp;#x27;Packages&amp;#x27;: {&amp;#x27;pytest&amp;#x27;: &amp;#x27;8.3.4&amp;#x27;, &amp;#x27;pluggy&amp;#x27;: &amp;#x27;1.5.0&amp;#x27;}, &amp;#x27;Plugins&amp;#x27;: {&amp;#x27;html&amp;#x27;: &amp;#x27;4.1.1&amp;#x27;, &amp;#x27;metadata&amp;#x27;: &amp;#x27;3.1.1&amp;#x27;, &amp;#x27;baseline&amp;#x27;: &amp;#x27;0.1.0&amp;#x27;}, &amp;#x27;Environment&amp;#x27;: &amp;#x27;DEFAULT&amp;#x27;, &amp;#x27;Invoking Command&amp;#x27;: &amp;#x27;pytest -v --basetemp=/private/var/folders/7f/h47244dn38j_zznm8g288dkr0000gn/T/pytest-of-keith/pytest-30/basetemp&amp;#x27;, &amp;#x27;Start Time&amp;#x27;: &amp;#x27;2024-12-30T16:02:52&amp;#x27;}\nrootdir: /private/var/folders/7f/h47244dn38j_zznm8g288dkr0000gn/T/pytest-of-keith/pytest-30/test_pytest_baseline_parametrized_module_variable_info_skipped0\nplugins: html-4.1.1, metadata-3.1.1, baseline-0.1.0\ncollecting ... collected 1 item\n\ntest_pytest_baseline_parametrized_module_variable_info_skipped.py::test_paramed_var[Not Configured] SKIPPED (No Configured `paramed_var_data` values)                                                                                 [100%]\n\n============================================================================================================ 1 skipped in 0.01s =============================================================================================================\n&#34;}], &#34;tests/test_baseline.py::test_pytest_baseline_parametrized_module_variable_info_id_func&#34;: [{&#34;extras&#34;: [], &#34;result&#34;: &#34;Passed&#34;, &#34;testId&#34;: &#34;tests/test_baseline.py::test_pytest_baseline_parametrized_module_variable_info_id_func&#34;, &#34;duration&#34;: &#34;28 ms&#34;, &#34;resultsTableRow&#34;: [&#34;&lt;td class=\&#34;col-result\&#34;&gt;Passed&lt;/td&gt;&#34;, &#34;&lt;td&gt;not a parametrized test&lt;/td&gt;&#34;, &#34;&lt;td class=\&#34;col-testId\&#34;&gt;tests/test_baseline.py::test_pytest_baseline_parametrized_module_variable_info_id_func&lt;/td&gt;&#34;, &#34;&lt;td&gt;No Description&lt;/td&gt;&#34;, &#34;&lt;td class=\&#34;col-duration\&#34;&gt;28 ms&lt;/td&gt;&#34;, &#34;&lt;td class=\&#34;col-links\&#34;&gt;&lt;/td&gt;&#34;], &#34;log&#34;: &#34;----------------------------- Captured stdout call -----------------------------\n============================================================================================================ test session starts ============================================================================================================\nplatform darwin -- Python 3.11.3, pytest-8.3.4, pluggy-1.5.0 -- /Users/keith/dev/build/gh/pytest-baseline/.tox/py311/bin/python\ncachedir: .pytest_cache\nmetadata: {&amp;#x27;Python&amp;#x27;: &amp;#x27;3.11.3&amp;#x27;, &amp;#x27;Platform&amp;#x27;: &amp;#x27;macOS-15.1.1-arm64-arm-64bit&amp;#x27;, &amp;#x27;Packages&amp;#x27;: {&amp;#x27;pytest&amp;#x27;: &amp;#x27;8.3.4&amp;#x27;, &amp;#x27;pluggy&amp;#x27;: &amp;#x27;1.5.0&amp;#x27;}, &amp;#x27;Plugins&amp;#x27;: {&amp;#x27;html&amp;#x27;: &amp;#x27;4.1.1&amp;#x27;, &amp;#x27;metadata&amp;#x27;: &amp;#x27;3.1.1&amp;#x27;, &amp;#x27;baseline&amp;#x27;: &amp;#x27;0.1.0&amp;#x27;}, &amp;#x27;Environment&amp;#x27;: &amp;#x27;DEFAULT&amp;#x27;, &amp;#x27;Invoking Command&amp;#x27;: &amp;#x27;pytest -v --basetemp=/private/var/folders/7f/h47244dn38j_zznm8g288dkr0000gn/T/pytest-of-keith/pytest-30/basetemp&amp;#x27;, &amp;#x27;Start Time&amp;#x27;: &amp;#x27;2024-12-30T16:02:52&amp;#x27;}\nrootdir: /private/var/folders/7f/h47244dn38j_zznm8g288dkr0000gn/T/pytest-of-keith/pytest-30/test_pytest_baseline_parametrized_module_variable_info_id_func0\nplugins: html-4.1.1, metadata-3.1.1, baseline-0.1.0\ncollecting ... collected 2 items\n\ntest_pytest_baseline_parametrized_module_variable_info_id_func.py::test_paramed_var[HELLO] PASSED                                                                                                                                     [ 50%]\ntest_pytest_baseline_parametrized_module_variable_info_id_func.py::test_paramed_var[WORLD] PASSED                                                                                                                                     [100%]\n\n============================================================================================================= 2 passed in 0.01s =============================================================================================================\n&#34;}], &#34;tests/test_baseline.py::test_skipping_tests&#34;: [{&#34;extras&#34;: [], &#34;result&#34;: &#34;Passed&#34;, &#34;testId&#34;: &#34;tests/test_baseline.py::test_skipping_tests&#34;, &#34;duration&#34;: &#34;25 ms&#34;, &#34;resultsTableRow&#34;: [&#34;&lt;td class=\&#34;col-result\&#34;&gt;Passed&lt;/td&gt;&#34;, &#34;&lt;td&gt;not a parametrized test&lt;/td&gt;&#34;, &#34;&lt;td class=\&#34;col-testId\&#34;&gt;tests/test_baseline.py::test_skipping_tests&lt;/td&gt;&#34;, &#34;&lt;td&gt;No Description&lt;/td&gt;&#34;, &#34;&lt;td class=\&#34;col-duration\&#34;&gt;25 ms&lt;/td&gt;&#34;, &#34;&lt;td class=\&#34;col-links\&#34;&gt;&lt;/td&gt;&#34;], &#34;log&#34;: &#34;----------------------------- Captured stdout call -----------------------------\n============================================================================================================ test session starts ============================================================================================================\nplatform darwin -- Python 3.11.3, pytest-8.3.4, pluggy-1.5.0 -- /Users/keith/dev/build/gh/pytest-baseline/.tox/py311/bin/python\ncachedir: .pytest_cache\nmetadata: {&amp;#x27;Python&amp;#x27;: &amp;#x27;3.11.3&amp;#x27;, &amp;#x27;Platform&amp;#x27;: &amp;#x27;macOS-15.1.1-arm64-arm-64bit&amp;#x27;, &amp;#x27;Packages&amp;#x27;: {&amp;#x27;pytest&amp;#x27;: &amp;#x27;8.3.4&amp;#x27;, &amp;#x27;pluggy&amp;#x27;: &amp;#x27;1.5.0&amp;#x27;}, &amp;#x27;Plugins&amp;#x27;: {&amp;#x27;html&amp;#x27;: &amp;#x27;4.1.1&amp;#x27;, &amp;#x27;metadata&amp;#x27;: &amp;#x27;3.1.1&amp;#x27;, &amp;#x27;baseline&amp;#x27;: &amp;#x27;0.1.0&amp;#x27;}, &amp;#x27;Environment&amp;#x27;: &amp;#x27;DEFAULT&amp;#x27;, &amp;#x27;Invoking Command&amp;#x27;: &amp;#x27;pytest -v --basetemp=/private/var/folders/7f/h47244dn38j_zznm8g288dkr0000gn/T/pytest-of-keith/pytest-30/basetemp&amp;#x27;, &amp;#x27;Start Time&amp;#x27;: &amp;#x27;2024-12-30T16:02:53&amp;#x27;}\nrootdir: /private/var/folders/7f/h47244dn38j_zznm8g288dkr0000gn/T/pytest-of-keith/pytest-30/test_skipping_tests0\nplugins: html-4.1.1, metadata-3.1.1, baseline-0.1.0\ncollecting ... collected 1 item\n\ntest_skipping_tests.py::test_marker SKIPPED (Marked in Module)                                                                                                                                                                        [100%]\n\n============================================================================================================ 1 skipped in 0.01s =============================================================================================================\n&#34;}], &#34;tests/test_baseline.py::test_skipping_tests_custom_reason&#34;: [{&#34;extras&#34;: [], &#34;result&#34;: &#34;Passed&#34;, &#34;testId&#34;: &#34;tests/test_baseline.py::test_skipping_tests_custom_reason&#34;, &#34;duration&#34;: &#34;25 ms&#34;, &#34;resultsTableRow&#34;: [&#34;&lt;td class=\&#34;col-result\&#34;&gt;Passed&lt;/td&gt;&#34;, &#34;&lt;td&gt;not a parametrized test&lt;/td&gt;&#34;, &#34;&lt;td class=\&#34;col-testId\&#34;&gt;tests/test_baseline.py::test_skipping_tests_custom_reason&lt;/td&gt;&#34;, &#34;&lt;td&gt;No Description&lt;/td&gt;&#34;, &#34;&lt;td class=\&#34;col-duration\&#34;&gt;25 ms&lt;/td&gt;&#34;, &#34;&lt;td class=\&#34;col-links\&#34;&gt;&lt;/td&gt;&#34;], &#34;log&#34;: &#34;----------------------------- Captured stdout call -----------------------------\n============================================================================================================ test session starts ============================================================================================================\nplatform darwin -- Python 3.11.3, pytest-8.3.4, pluggy-1.5.0 -- /Users/keith/dev/build/gh/pytest-baseline/.tox/py311/bin/python\ncachedir: .pytest_cache\nmetadata: {&amp;#x27;Python&amp;#x27;: &amp;#x27;3.11.3&amp;#x27;, &amp;#x27;Platform&amp;#x27;: &amp;#x27;macOS-15.1.1-arm64-arm-64bit&amp;#x27;, &amp;#x27;Packages&amp;#x27;: {&amp;#x27;pytest&amp;#x27;: &amp;#x27;8.3.4&amp;#x27;, &amp;#x27;pluggy&amp;#x27;: &amp;#x27;1.5.0&amp;#x27;}, &amp;#x27;Plugins&amp;#x27;: {&amp;#x27;html&amp;#x27;: &amp;#x27;4.1.1&amp;#x27;, &amp;#x27;metadata&amp;#x27;: &amp;#x27;3.1.1&amp;#x27;, &amp;#x27;baseline&amp;#x27;: &amp;#x27;0.1.0&amp;#x27;}, &amp;#x27;Environment&amp;#x27;: &amp;#x27;DEFAULT&amp;#x27;, &amp;#x27;Invoking Command&amp;#x27;: &amp;#x27;pytest -v --basetemp=/private/var/folders/7f/h47244dn38j_zznm8g288dkr0000gn/T/pytest-of-keith/pytest-30/basetemp&amp;#x27;, &amp;#x27;Start Time&amp;#x27;: &amp;#x27;2024-12-30T16:02:53&amp;#x27;}\nrootdir: /private/var/folders/7f/h47244dn38j_zznm8g288dkr0000gn/T/pytest-of-keith/pytest-30/test_skipping_tests_custom_reason0\nplugins: html-4.1.1, metadata-3.1.1, baseline-0.1.0\ncollecting ... collected 1 item\n\ntest_skipping_tests_custom_reason.py::test_marker SKIPPED (Because)                                                                                                                                                                   [100%]\n\n============================================================================================================ 1 skipped in 0.01s =============================================================================================================\n&#34;}], &#34;tests/test_baseline.py::test_xfailing_tests&#34;: [{&#34;extras&#34;: [], &#34;result&#34;: &#34;Passed&#34;, &#34;testId&#34;: &#34;tests/test_baseline.py::test_xfailing_tests&#34;, &#34;duration&#34;: &#34;38 ms&#34;, &#34;resultsTableRow&#34;: [&#34;&lt;td class=\&#34;col-result\&#34;&gt;Passed&lt;/td&gt;&#34;, &#34;&lt;td&gt;not a parametrized test&lt;/td&gt;&#34;, &#34;&lt;td class=\&#34;col-testId\&#34;&gt;tests/test_baseline.py::test_xfailing_tests&lt;/td&gt;&#34;, &#34;&lt;td&gt;No Description&lt;/td&gt;&#34;, &#34;&lt;td class=\&#34;col-duration\&#34;&gt;38 ms&lt;/td&gt;&#34;, &#34;&lt;td class=\&#34;col-links\&#34;&gt;&lt;/td&gt;&#34;], &#34;log&#34;: &#34;----------------------------- Captured stdout call -----------------------------\n============================================================================================================ test session starts ============================================================================================================\nplatform darwin -- Python 3.11.3, pytest-8.3.4, pluggy-1.5.0 -- /Users/keith/dev/build/gh/pytest-baseline/.tox/py311/bin/python\ncachedir: .pytest_cache\nmetadata: {&amp;#x27;Python&amp;#x27;: &amp;#x27;3.11.3&amp;#x27;, &amp;#x27;Platform&amp;#x27;: &amp;#x27;macOS-15.1.1-arm64-arm-64bit&amp;#x27;, &amp;#x27;Packages&amp;#x27;: {&amp;#x27;pytest&amp;#x27;: &amp;#x27;8.3.4&amp;#x27;, &amp;#x27;pluggy&amp;#x27;: &amp;#x27;1.5.0&amp;#x27;}, &amp;#x27;Plugins&amp;#x27;: {&amp;#x27;html&amp;#x27;: &amp;#x27;4.1.1&amp;#x27;, &amp;#x27;metadata&amp;#x27;: &amp;#x27;3.1.1&amp;#x27;, &amp;#x27;baseline&amp;#x27;: &amp;#x27;0.1.0&amp;#x27;}, &amp;#x27;Environment&amp;#x27;: &amp;#x27;DEFAULT&amp;#x27;, &amp;#x27;Invoking Command&amp;#x27;: &amp;#x27;pytest -v --basetemp=/private/var/folders/7f/h47244dn38j_zznm8g288dkr0000gn/T/pytest-of-keith/pytest-30/basetemp&amp;#x27;, &amp;#x27;Start Time&amp;#x27;: &amp;#x27;2024-12-30T16:02:53&amp;#x27;}\nrootdir: /private/var/folders/7f/h47244dn38j_zznm8g288dkr0000gn/T/pytest-of-keith/pytest-30/test_xfailing_tests0\nplugins: html-4.1.1, metadata-3.1.1, baseline-0.1.0\ncollecting ... collected 1 item\n\ntest_xfailing_tests.py::test_marker XFAIL (Marked in Module)                                                                                                                                                                          [100%]\n\n============================================================================================================ 1 xfailed in 0.02s =============================================================================================================\n&#34;}], &#34;tests/test_baseline.py::test_xfailing_tests_custom_reason&#34;: [{&#34;extras&#34;: [], &#34;result&#34;: &#34;Passed&#34;, &#34;testId&#34;: &#34;tests/test_baseline.py::test_xfailing_tests_custom_reason&#34;, &#34;duration&#34;: &#34;27 ms&#34;, &#34;resultsTableRow&#34;: [&#34;&lt;td class=\&#34;col-result\&#34;&gt;Passed&lt;/td&gt;&#34;, &#34;&lt;td&gt;not a parametrized test&lt;/td&gt;&#34;, &#34;&lt;td class=\&#34;col-testId\&#34;&gt;tests/test_baseline.py::test_xfailing_tests_custom_reason&lt;/td&gt;&#34;, &#34;&lt;td&gt;No Description&lt;/td&gt;&#34;, &#34;&lt;td class=\&#34;col-duration\&#34;&gt;27 ms&lt;/td&gt;&#34;, &#34;&lt;td class=\&#34;col-links\&#34;&gt;&lt;/td&gt;&#34;], &#34;log&#34;: &#34;----------------------------- Captured stdout call -----------------------------\n============================================================================================================ test session starts ============================================================================================================\nplatform darwin -- Python 3.11.3, pytest-8.3.4, pluggy-1.5.0 -- /Users/keith/dev/build/gh/pytest-baseline/.tox/py311/bin/python\ncachedir: .pytest_cache\nmetadata: {&amp;#x27;Python&amp;#x27;: &amp;#x27;3.11.3&amp;#x27;, &amp;#x27;Platform&amp;#x27;: &amp;#x27;macOS-15.1.1-arm64-arm-64bit&amp;#x27;, &amp;#x27;Packages&amp;#x27;: {&amp;#x27;pytest&amp;#x27;: &amp;#x27;8.3.4&amp;#x27;, &amp;#x27;pluggy&amp;#x27;: &amp;#x27;1.5.0&amp;#x27;}, &amp;#x27;Plugins&amp;#x27;: {&amp;#x27;html&amp;#x27;: &amp;#x27;4.1.1&amp;#x27;, &amp;#x27;metadata&amp;#x27;: &amp;#x27;3.1.1&amp;#x27;, &amp;#x27;baseline&amp;#x27;: &amp;#x27;0.1.0&amp;#x27;}, &amp;#x27;Environment&amp;#x27;: &amp;#x27;DEFAULT&amp;#x27;, &amp;#x27;Invoking Command&amp;#x27;: &amp;#x27;pytest -v --basetemp=/private/var/folders/7f/h47244dn38j_zznm8g288dkr0000gn/T/pytest-of-keith/pytest-30/basetemp&amp;#x27;, &amp;#x27;Start Time&amp;#x27;: &amp;#x27;2024-12-30T16:02:53&amp;#x27;}\nrootdir: /private/var/folders/7f/h47244dn38j_zznm8g288dkr0000gn/T/pytest-of-keith/pytest-30/test_xfailing_tests_custom_reason0\nplugins: html-4.1.1, metadata-3.1.1, baseline-0.1.0\ncollecting ... collected 1 item\n\ntest_xfailing_tests_custom_reason.py::test_marker XFAIL (Because)                                                                                                                                                                     [100%]\n\n============================================================================================================ 1 xfailed in 0.01s =============================================================================================================\n&#34;}], &#34;tests/test_baseline.py::test_xfailing_tests_custom_exception&#34;: [{&#34;extras&#34;: [], &#34;result&#34;: &#34;Passed&#34;, &#34;testId&#34;: &#34;tests/test_baseline.py::test_xfailing_tests_custom_exception&#34;, &#34;duration&#34;: &#34;27 ms&#34;, &#34;resultsTableRow&#34;: [&#34;&lt;td class=\&#34;col-result\&#34;&gt;Passed&lt;/td&gt;&#34;, &#34;&lt;td&gt;not a parametrized test&lt;/td&gt;&#34;, &#34;&lt;td class=\&#34;col-testId\&#34;&gt;tests/test_baseline.py::test_xfailing_tests_custom_exception&lt;/td&gt;&#34;, &#34;&lt;td&gt;No Description&lt;/td&gt;&#34;, &#34;&lt;td class=\&#34;col-duration\&#34;&gt;27 ms&lt;/td&gt;&#34;, &#34;&lt;td class=\&#34;col-links\&#34;&gt;&lt;/td&gt;&#34;], &#34;log&#34;: &#34;----------------------------- Captured stdout call -----------------------------\n============================================================================================================ test session starts ============================================================================================================\nplatform darwin -- Python 3.11.3, pytest-8.3.4, pluggy-1.5.0 -- /Users/keith/dev/build/gh/pytest-baseline/.tox/py311/bin/python\ncachedir: .pytest_cache\nmetadata: {&amp;#x27;Python&amp;#x27;: &amp;#x27;3.11.3&amp;#x27;, &amp;#x27;Platform&amp;#x27;: &amp;#x27;macOS-15.1.1-arm64-arm-64bit&amp;#x27;, &amp;#x27;Packages&amp;#x27;: {&amp;#x27;pytest&amp;#x27;: &amp;#x27;8.3.4&amp;#x27;, &amp;#x27;pluggy&amp;#x27;: &amp;#x27;1.5.0&amp;#x27;}, &amp;#x27;Plugins&amp;#x27;: {&amp;#x27;html&amp;#x27;: &amp;#x27;4.1.1&amp;#x27;, &amp;#x27;metadata&amp;#x27;: &amp;#x27;3.1.1&amp;#x27;, &amp;#x27;baseline&amp;#x27;: &amp;#x27;0.1.0&amp;#x27;}, &amp;#x27;Environment&amp;#x27;: &amp;#x27;DEFAULT&amp;#x27;, &amp;#x27;Invoking Command&amp;#x27;: &amp;#x27;pytest -v --basetemp=/private/var/folders/7f/h47244dn38j_zznm8g288dkr0000gn/T/pytest-of-keith/pytest-30/basetemp&amp;#x27;, &amp;#x27;Start Time&amp;#x27;: &amp;#x27;2024-12-30T16:02:53&amp;#x27;}\nrootdir: /private/var/folders/7f/h47244dn38j_zznm8g288dkr0000gn/T/pytest-of-keith/pytest-30/test_xfailing_tests_custom_exception0\nplugins: html-4.1.1, metadata-3.1.1, baseline-0.1.0\ncollecting ... collected 1 item\n\ntest_xfailing_tests_custom_exception.py::test_marker XFAIL (Because)                                                                                                                                                                  [100%]\n\n============================================================================================================ 1 xfailed in 0.01s =============================================================================================================\n&#34;}], &#34;tests/test_baseline.py::test_xfailing_tests_custom_exception_xpass&#34;: [{&#34;extras&#34;: [], &#34;result&#34;: &#34;Passed&#34;, &#34;testId&#34;: &#34;tests/test_baseline.py::test_xfailing_tests_custom_exception_xpass&#34;, &#34;duration&#34;: &#34;26 ms&#34;, &#34;resultsTableRow&#34;: [&#34;&lt;td class=\&#34;col-result\&#34;&gt;Passed&lt;/td&gt;&#34;, &#34;&lt;td&gt;not a parametrized test&lt;/td&gt;&#34;, &#34;&lt;td class=\&#34;col-testId\&#34;&gt;tests/test_baseline.py::test_xfailing_tests_custom_exception_xpass&lt;/td&gt;&#34;, &#34;&lt;td&gt;No Description&lt;/td&gt;&#34;, &#34;&lt;td class=\&#34;col-duration\&#34;&gt;26 ms&lt;/td&gt;&#34;, &#34;&lt;td class=\&#34;col-links\&#34;&gt;&lt;/td&gt;&#34;], &#34;log&#34;: &#34;----------------------------- Captured stdout call -----------------------------\n============================================================================================================ test session starts ============================================================================================================\nplatform darwin -- Python 3.11.3, pytest-8.3.4, pluggy-1.5.0 -- /Users/keith/dev/build/gh/pytest-baseline/.tox/py311/bin/python\ncachedir: .pytest_cache\nmetadata: {&amp;#x27;Python&amp;#x27;: &amp;#x27;3.11.3&amp;#x27;, &amp;#x27;Platform&amp;#x27;: &amp;#x27;macOS-15.1.1-arm64-arm-64bit&amp;#x27;, &amp;#x27;Packages&amp;#x27;: {&amp;#x27;pytest&amp;#x27;: &amp;#x27;8.3.4&amp;#x27;, &amp;#x27;pluggy&amp;#x27;: &amp;#x27;1.5.0&amp;#x27;}, &amp;#x27;Plugins&amp;#x27;: {&amp;#x27;html&amp;#x27;: &amp;#x27;4.1.1&amp;#x27;, &amp;#x27;metadata&amp;#x27;: &amp;#x27;3.1.1&amp;#x27;, &amp;#x27;baseline&amp;#x27;: &amp;#x27;0.1.0&amp;#x27;}, &amp;#x27;Environment&amp;#x27;: &amp;#x27;DEFAULT&amp;#x27;, &amp;#x27;Invoking Command&amp;#x27;: &amp;#x27;pytest -v --basetemp=/private/var/folders/7f/h47244dn38j_zznm8g288dkr0000gn/T/pytest-of-keith/pytest-30/basetemp&amp;#x27;, &amp;#x27;Start Time&amp;#x27;: &amp;#x27;2024-12-30T16:02:53&amp;#x27;}\nrootdir: /private/var/folders/7f/h47244dn38j_zznm8g288dkr0000gn/T/pytest-of-keith/pytest-30/test_xfailing_tests_custom_exception_xpass0\nplugins: html-4.1.1, metadata-3.1.1, baseline-0.1.0\ncollecting ... collected 1 item\n\ntest_xfailing_tests_custom_exception_xpass.py::test_marker FAILED                                                                                                                                                                     [100%]\n\n================================================================================================================= FAILURES ==================================================================================================================\n________________________________________________________________________________________________________________ test_marker ________________________________________________________________________________________________________________\n\n    def test_marker():\n&amp;gt;       assert False\nE       assert False\n\ntest_xfailing_tests_custom_exception_xpass.py:2: AssertionError\n========================================================================================================== short test summary info ==========================================================================================================\nFAILED test_xfailing_tests_custom_exception_xpass.py::test_marker - assert False\n============================================================================================================= 1 failed in 0.01s =============================================================================================================\n&#34;}], &#34;tests/test_baseline.py::test_marking_with_custom_marker&#34;: [{&#34;extras&#34;: [], &#34;result&#34;: &#34;Passed&#34;, &#34;testId&#34;: &#34;tests/test_baseline.py::test_marking_with_custom_marker&#34;, &#34;duration&#34;: &#34;27 ms&#34;, &#34;resultsTableRow&#34;: [&#34;&lt;td class=\&#34;col-result\&#34;&gt;Passed&lt;/td&gt;&#34;, &#34;&lt;td&gt;not a parametrized test&lt;/td&gt;&#34;, &#34;&lt;td class=\&#34;col-testId\&#34;&gt;tests/test_baseline.py::test_marking_with_custom_marker&lt;/td&gt;&#34;, &#34;&lt;td&gt;No Description&lt;/td&gt;&#34;, &#34;&lt;td class=\&#34;col-duration\&#34;&gt;27 ms&lt;/td&gt;&#34;, &#34;&lt;td class=\&#34;col-links\&#34;&gt;&lt;/td&gt;&#34;], &#34;log&#34;: &#34;----------------------------- Captured stdout call -----------------------------\n============================================================================================================ test session starts ============================================================================================================\nplatform darwin -- Python 3.11.3, pytest-8.3.4, pluggy-1.5.0 -- /Users/keith/dev/build/gh/pytest-baseline/.tox/py311/bin/python\ncachedir: .pytest_cache\nmetadata: {&amp;#x27;Python&amp;#x27;: &amp;#x27;3.11.3&amp;#x27;, &amp;#x27;Platform&amp;#x27;: &amp;#x27;macOS-15.1.1-arm64-arm-64bit&amp;#x27;, &amp;#x27;Packages&amp;#x27;: {&amp;#x27;pytest&amp;#x27;: &amp;#x27;8.3.4&amp;#x27;, &amp;#x27;pluggy&amp;#x27;: &amp;#x27;1.5.0&amp;#x27;}, &amp;#x27;Plugins&amp;#x27;: {&amp;#x27;html&amp;#x27;: &amp;#x27;4.1.1&amp;#x27;, &amp;#x27;metadata&amp;#x27;: &amp;#x27;3.1.1&amp;#x27;, &amp;#x27;baseline&amp;#x27;: &amp;#x27;0.1.0&amp;#x27;}, &amp;#x27;Environment&amp;#x27;: &amp;#x27;DEFAULT&amp;#x27;, &amp;#x27;Invoking Command&amp;#x27;: &amp;#x27;pytest -v --basetemp=/private/var/folders/7f/h47244dn38j_zznm8g288dkr0000gn/T/pytest-of-keith/pytest-30/basetemp&amp;#x27;, &amp;#x27;Start Time&amp;#x27;: &amp;#x27;2024-12-30T16:02:53&amp;#x27;}\nrootdir: /private/var/folders/7f/h47244dn38j_zznm8g288dkr0000gn/T/pytest-of-keith/pytest-30/test_marking_with_custom_marker0\nplugins: html-4.1.1, metadata-3.1.1, baseline-0.1.0\ncollecting ... collected 1 item\n\ntest_marking_with_custom_marker.py::test_marker PASSED                                                                                                                                                                                [100%]\n\n============================================================================================================= 1 passed in 0.01s =============================================================================================================\n&#34;}], &#34;tests/test_baseline.py::test_incorrect_marking_raises_warning&#34;: [{&#34;extras&#34;: [], &#34;result&#34;: &#34;Passed&#34;, &#34;testId&#34;: &#34;tests/test_baseline.py::test_incorrect_marking_raises_warning&#34;, &#34;duration&#34;: &#34;27 ms&#34;, &#34;resultsTableRow&#34;: [&#34;&lt;td class=\&#34;col-result\&#34;&gt;Passed&lt;/td&gt;&#34;, &#34;&lt;td&gt;not a parametrized test&lt;/td&gt;&#34;, &#34;&lt;td class=\&#34;col-testId\&#34;&gt;tests/test_baseline.py::test_incorrect_marking_raises_warning&lt;/td&gt;&#34;, &#34;&lt;td&gt;No Description&lt;/td&gt;&#34;, &#34;&lt;td class=\&#34;col-duration\&#34;&gt;27 ms&lt;/td&gt;&#34;, &#34;&lt;td class=\&#34;col-links\&#34;&gt;&lt;/td&gt;&#34;], &#34;log&#34;: &#34;----------------------------- Captured stdout call -----------------------------\n============================================================================================================ test session starts ============================================================================================================\nplatform darwin -- Python 3.11.3, pytest-8.3.4, pluggy-1.5.0 -- /Users/keith/dev/build/gh/pytest-baseline/.tox/py311/bin/python\ncachedir: .pytest_cache\nmetadata: {&amp;#x27;Python&amp;#x27;: &amp;#x27;3.11.3&amp;#x27;, &amp;#x27;Platform&amp;#x27;: &amp;#x27;macOS-15.1.1-arm64-arm-64bit&amp;#x27;, &amp;#x27;Packages&amp;#x27;: {&amp;#x27;pytest&amp;#x27;: &amp;#x27;8.3.4&amp;#x27;, &amp;#x27;pluggy&amp;#x27;: &amp;#x27;1.5.0&amp;#x27;}, &amp;#x27;Plugins&amp;#x27;: {&amp;#x27;html&amp;#x27;: &amp;#x27;4.1.1&amp;#x27;, &amp;#x27;metadata&amp;#x27;: &amp;#x27;3.1.1&amp;#x27;, &amp;#x27;baseline&amp;#x27;: &amp;#x27;0.1.0&amp;#x27;}, &amp;#x27;Environment&amp;#x27;: &amp;#x27;DEFAULT&amp;#x27;, &amp;#x27;Invoking Command&amp;#x27;: &amp;#x27;pytest -v --basetemp=/private/var/folders/7f/h47244dn38j_zznm8g288dkr0000gn/T/pytest-of-keith/pytest-30/basetemp&amp;#x27;, &amp;#x27;Start Time&amp;#x27;: &amp;#x27;2024-12-30T16:02:53&amp;#x27;}\nrootdir: /private/var/folders/7f/h47244dn38j_zznm8g288dkr0000gn/T/pytest-of-keith/pytest-30/test_incorrect_marking_raises_warning0\nplugins: html-4.1.1, metadata-3.1.1, baseline-0.1.0\ncollecting ... collected 1 item\n\ntest_incorrect_marking_raises_warning.py::test_marker_warning PASSED                                                                                                                                                                  [100%]\n\n============================================================================================================= warnings summary ==============================================================================================================\n../../../../../../../../../Users/keith/dev/build/gh/pytest-baseline/.tox/py311/lib/python3.11/site-packages/pytest_baseline/BaselineTestManager.py:249\n  /Users/keith/dev/build/gh/pytest-baseline/.tox/py311/lib/python3.11/site-packages/pytest_baseline/BaselineTestManager.py:249: UserWarning: Configured to be marked with &amp;#x27;skip&amp;#x27; does not match the tests actually marked, check that test names and classes are spelled correctly: \n  test_incorrect_marking_raises_warning.test_marker\n    warnings.warn(UserWarning(msg))\n\n../../../../../../../../../Users/keith/dev/build/gh/pytest-baseline/.tox/py311/lib/python3.11/site-packages/pytest_baseline/BaselineTestManager.py:249\n  /Users/keith/dev/build/gh/pytest-baseline/.tox/py311/lib/python3.11/site-packages/pytest_baseline/BaselineTestManager.py:249: UserWarning: Configured to be marked with &amp;#x27;xfail&amp;#x27; does not match the tests actually marked, check that test names and classes are spelled correctly: \n  test_incorrect_marking_raises_warning.test_marker\n    warnings.warn(UserWarning(msg))\n\n../../../../../../../../../Users/keith/dev/build/gh/pytest-baseline/.tox/py311/lib/python3.11/site-packages/pytest_baseline/BaselineTestManager.py:249\n  /Users/keith/dev/build/gh/pytest-baseline/.tox/py311/lib/python3.11/site-packages/pytest_baseline/BaselineTestManager.py:249: UserWarning: Configured to be marked with &amp;#x27;tt2&amp;#x27; does not match the tests actually marked, check that test names and classes are spelled correctly: \n  test_incorrect_marking_raises_warning.test_marker\n    warnings.warn(UserWarning(msg))\n\n-- Docs: https://docs.pytest.org/en/stable/how-to/capture-warnings.html\n======================================================================================================= 1 passed, 3 warnings in 0.01s =======================================================================================================\n&#34;}], &#34;tests/test_baseline.py::test_skipping_tests_env_dependant&#34;: [{&#34;extras&#34;: [], &#34;result&#34;: &#34;Passed&#34;, &#34;testId&#34;: &#34;tests/test_baseline.py::test_skipping_tests_env_dependant&#34;, &#34;duration&#34;: &#34;26 ms&#34;, &#34;resultsTableRow&#34;: [&#34;&lt;td class=\&#34;col-result\&#34;&gt;Passed&lt;/td&gt;&#34;, &#34;&lt;td&gt;not a parametrized test&lt;/td&gt;&#34;, &#34;&lt;td class=\&#34;col-testId\&#34;&gt;tests/test_baseline.py::test_skipping_tests_env_dependant&lt;/td&gt;&#34;, &#34;&lt;td&gt;Ensure marked tests with `{MARKER}_tests_{ENV}` module variable are\n    marked correctly based on value passed via `--env` option\n    &lt;/td&gt;&#34;, &#34;&lt;td class=\&#34;col-duration\&#34;&gt;26 ms&lt;/td&gt;&#34;, &#34;&lt;td class=\&#34;col-links\&#34;&gt;&lt;/td&gt;&#34;], &#34;log&#34;: &#34;----------------------------- Captured stdout call -----------------------------\n============================================================================================================ test session starts ============================================================================================================\nplatform darwin -- Python 3.11.3, pytest-8.3.4, pluggy-1.5.0 -- /Users/keith/dev/build/gh/pytest-baseline/.tox/py311/bin/python\ncachedir: .pytest_cache\nmetadata: {&amp;#x27;Python&amp;#x27;: &amp;#x27;3.11.3&amp;#x27;, &amp;#x27;Platform&amp;#x27;: &amp;#x27;macOS-15.1.1-arm64-arm-64bit&amp;#x27;, &amp;#x27;Packages&amp;#x27;: {&amp;#x27;pytest&amp;#x27;: &amp;#x27;8.3.4&amp;#x27;, &amp;#x27;pluggy&amp;#x27;: &amp;#x27;1.5.0&amp;#x27;}, &amp;#x27;Plugins&amp;#x27;: {&amp;#x27;html&amp;#x27;: &amp;#x27;4.1.1&amp;#x27;, &amp;#x27;metadata&amp;#x27;: &amp;#x27;3.1.1&amp;#x27;, &amp;#x27;baseline&amp;#x27;: &amp;#x27;0.1.0&amp;#x27;}, &amp;#x27;Environment&amp;#x27;: &amp;#x27;someEnv&amp;#x27;, &amp;#x27;Invoking Command&amp;#x27;: &amp;#x27;pytest -v --env=someEnv --basetemp=/private/var/folders/7f/h47244dn38j_zznm8g288dkr0000gn/T/pytest-of-keith/pytest-30/basetemp&amp;#x27;, &amp;#x27;Start Time&amp;#x27;: &amp;#x27;2024-12-30T16:02:53&amp;#x27;}\nrootdir: /private/var/folders/7f/h47244dn38j_zznm8g288dkr0000gn/T/pytest-of-keith/pytest-30/test_skipping_tests_env_dependant0\nplugins: html-4.1.1, metadata-3.1.1, baseline-0.1.0\ncollecting ... collected 1 item\n\ntest_skipping_tests_env_dependant.py::test_marker SKIPPED (Because)                                                                                                                                                                   [100%]\n\n============================================================================================================ 1 skipped in 0.01s =============================================================================================================\n&#34;}], &#34;tests/test_baseline.py::test_skipping_tests_with_env_option&#34;: [{&#34;extras&#34;: [], &#34;result&#34;: &#34;Passed&#34;, &#34;testId&#34;: &#34;tests/test_baseline.py::test_skipping_tests_with_env_option&#34;, &#34;duration&#34;: &#34;29 ms&#34;, &#34;resultsTableRow&#34;: [&#34;&lt;td class=\&#34;col-result\&#34;&gt;Passed&lt;/td&gt;&#34;, &#34;&lt;td&gt;not a parametrized test&lt;/td&gt;&#34;, &#34;&lt;td class=\&#34;col-testId\&#34;&gt;tests/test_baseline.py::test_skipping_tests_with_env_option&lt;/td&gt;&#34;, &#34;&lt;td&gt;Ensure tests that are marked with `env` marker are properly skipped if\n    value passed via `--env` option matches marked value\n&lt;/td&gt;&#34;, &#34;&lt;td class=\&#34;col-duration\&#34;&gt;29 ms&lt;/td&gt;&#34;, &#34;&lt;td class=\&#34;col-links\&#34;&gt;&lt;/td&gt;&#34;], &#34;log&#34;: &#34;----------------------------- Captured stdout call -----------------------------\n============================================================================================================ test session starts ============================================================================================================\nplatform darwin -- Python 3.11.3, pytest-8.3.4, pluggy-1.5.0 -- /Users/keith/dev/build/gh/pytest-baseline/.tox/py311/bin/python\ncachedir: .pytest_cache\nmetadata: {&amp;#x27;Python&amp;#x27;: &amp;#x27;3.11.3&amp;#x27;, &amp;#x27;Platform&amp;#x27;: &amp;#x27;macOS-15.1.1-arm64-arm-64bit&amp;#x27;, &amp;#x27;Packages&amp;#x27;: {&amp;#x27;pytest&amp;#x27;: &amp;#x27;8.3.4&amp;#x27;, &amp;#x27;pluggy&amp;#x27;: &amp;#x27;1.5.0&amp;#x27;}, &amp;#x27;Plugins&amp;#x27;: {&amp;#x27;html&amp;#x27;: &amp;#x27;4.1.1&amp;#x27;, &amp;#x27;metadata&amp;#x27;: &amp;#x27;3.1.1&amp;#x27;, &amp;#x27;baseline&amp;#x27;: &amp;#x27;0.1.0&amp;#x27;}, &amp;#x27;Environment&amp;#x27;: &amp;#x27;dev&amp;#x27;, &amp;#x27;Invoking Command&amp;#x27;: &amp;#x27;pytest -v --env=dev -ra --basetemp=/private/var/folders/7f/h47244dn38j_zznm8g288dkr0000gn/T/pytest-of-keith/pytest-30/basetemp&amp;#x27;, &amp;#x27;Start Time&amp;#x27;: &amp;#x27;2024-12-30T16:02:53&amp;#x27;}\nrootdir: /private/var/folders/7f/h47244dn38j_zznm8g288dkr0000gn/T/pytest-of-keith/pytest-30/test_skipping_tests_with_env_option0\nplugins: html-4.1.1, metadata-3.1.1, baseline-0.1.0\ncollecting ... collected 3 items\n\ntest_skipping_tests_with_env_option.py::test_dev_only PASSED                                                                                                                                                                          [ 33%]\ntest_skipping_tests_with_env_option.py::test_stage_only SKIPPED (test requires env in [&amp;#x27;stage&amp;#x27;])                                                                                                                                      [ 66%]\ntest_skipping_tests_with_env_option.py::test_dev_or_stage PASSED                                                                                                                                                                      [100%]\n\n========================================================================================================== short test summary info ==========================================================================================================\nSKIPPED [1] ../../../../../../../../../Users/keith/dev/build/gh/pytest-baseline/.tox/py311/lib/python3.11/site-packages/pytest_baseline/BaselineTestManager.py:264: test requires env in [&amp;#x27;stage&amp;#x27;]\n======================================================================================================= 2 passed, 1 skipped in 0.01s ========================================================================================================\n&#34;}], &#34;tests/test_baseline.py::test_pytest_baseline_client_logo&#34;: [{&#34;extras&#34;: [], &#34;result&#34;: &#34;Passed&#34;, &#34;testId&#34;: &#34;tests/test_baseline.py::test_pytest_baseline_client_logo&#34;, &#34;duration&#34;: &#34;26 ms&#34;, &#34;resultsTableRow&#34;: [&#34;&lt;td class=\&#34;col-result\&#34;&gt;Passed&lt;/td&gt;&#34;, &#34;&lt;td&gt;not a parametrized test&lt;/td&gt;&#34;, &#34;&lt;td class=\&#34;col-testId\&#34;&gt;tests/test_baseline.py::test_pytest_baseline_client_logo&lt;/td&gt;&#34;, &#34;&lt;td&gt;Ensure that the pytest_baseline_client_logo hook will put the logo\n    in the header\n    &lt;/td&gt;&#34;, &#34;&lt;td class=\&#34;col-duration\&#34;&gt;26 ms&lt;/td&gt;&#34;, &#34;&lt;td class=\&#34;col-links\&#34;&gt;&lt;/td&gt;&#34;], &#34;log&#34;: &#34;----------------------------- Captured stdout call -----------------------------\n============================================================================================================ test session starts ============================================================================================================\nplatform darwin -- Python 3.11.3, pytest-8.3.4, pluggy-1.5.0 -- /Users/keith/dev/build/gh/pytest-baseline/.tox/py311/bin/python\ncachedir: .pytest_cache\nmetadata: {&amp;#x27;Python&amp;#x27;: &amp;#x27;3.11.3&amp;#x27;, &amp;#x27;Platform&amp;#x27;: &amp;#x27;macOS-15.1.1-arm64-arm-64bit&amp;#x27;, &amp;#x27;Packages&amp;#x27;: {&amp;#x27;pytest&amp;#x27;: &amp;#x27;8.3.4&amp;#x27;, &amp;#x27;pluggy&amp;#x27;: &amp;#x27;1.5.0&amp;#x27;}, &amp;#x27;Plugins&amp;#x27;: {&amp;#x27;html&amp;#x27;: &amp;#x27;4.1.1&amp;#x27;, &amp;#x27;metadata&amp;#x27;: &amp;#x27;3.1.1&amp;#x27;, &amp;#x27;baseline&amp;#x27;: &amp;#x27;0.1.0&amp;#x27;}, &amp;#x27;Environment&amp;#x27;: &amp;#x27;DEFAULT&amp;#x27;, &amp;#x27;Invoking Command&amp;#x27;: &amp;#x27;pytest -v --basetemp=/private/var/folders/7f/h47244dn38j_zznm8g288dkr0000gn/T/pytest-of-keith/pytest-30/basetemp&amp;#x27;, &amp;#x27;Start Time&amp;#x27;: &amp;#x27;2024-12-30T16:02:53&amp;#x27;}\nKeith&amp;#x27;s Totally Awesome Plugin\n\nrootdir: /private/var/folders/7f/h47244dn38j_zznm8g288dkr0000gn/T/pytest-of-keith/pytest-30/test_pytest_baseline_client_logo0\nplugins: html-4.1.1, metadata-3.1.1, baseline-0.1.0\ncollecting ... collected 1 item\n\ntest_pytest_baseline_client_logo.py::test_marker PASSED                                                                                                                                                                               [100%]\n\n============================================================================================================= 1 passed in 0.01s =============================================================================================================\n&#34;}], &#34;tests/test_baseline.py::test_module_variable_fixture&#34;: [{&#34;extras&#34;: [], &#34;result&#34;: &#34;Passed&#34;, &#34;testId&#34;: &#34;tests/test_baseline.py::test_module_variable_fixture&#34;, &#34;duration&#34;: &#34;27 ms&#34;, &#34;resultsTableRow&#34;: [&#34;&lt;td class=\&#34;col-result\&#34;&gt;Passed&lt;/td&gt;&#34;, &#34;&lt;td&gt;not a parametrized test&lt;/td&gt;&#34;, &#34;&lt;td class=\&#34;col-testId\&#34;&gt;tests/test_baseline.py::test_module_variable_fixture&lt;/td&gt;&#34;, &#34;&lt;td&gt;Ensure that the `module_variable` fixture pulls the module variable\n    correctly\n    &lt;/td&gt;&#34;, &#34;&lt;td class=\&#34;col-duration\&#34;&gt;27 ms&lt;/td&gt;&#34;, &#34;&lt;td class=\&#34;col-links\&#34;&gt;&lt;/td&gt;&#34;], &#34;log&#34;: &#34;----------------------------- Captured stdout call -----------------------------\n============================================================================================================ test session starts ============================================================================================================\nplatform darwin -- Python 3.11.3, pytest-8.3.4, pluggy-1.5.0 -- /Users/keith/dev/build/gh/pytest-baseline/.tox/py311/bin/python\ncachedir: .pytest_cache\nmetadata: {&amp;#x27;Python&amp;#x27;: &amp;#x27;3.11.3&amp;#x27;, &amp;#x27;Platform&amp;#x27;: &amp;#x27;macOS-15.1.1-arm64-arm-64bit&amp;#x27;, &amp;#x27;Packages&amp;#x27;: {&amp;#x27;pytest&amp;#x27;: &amp;#x27;8.3.4&amp;#x27;, &amp;#x27;pluggy&amp;#x27;: &amp;#x27;1.5.0&amp;#x27;}, &amp;#x27;Plugins&amp;#x27;: {&amp;#x27;html&amp;#x27;: &amp;#x27;4.1.1&amp;#x27;, &amp;#x27;metadata&amp;#x27;: &amp;#x27;3.1.1&amp;#x27;, &amp;#x27;baseline&amp;#x27;: &amp;#x27;0.1.0&amp;#x27;}, &amp;#x27;Environment&amp;#x27;: &amp;#x27;DEFAULT&amp;#x27;, &amp;#x27;Invoking Command&amp;#x27;: &amp;#x27;pytest -v -ra --basetemp=/private/var/folders/7f/h47244dn38j_zznm8g288dkr0000gn/T/pytest-of-keith/pytest-30/basetemp&amp;#x27;, &amp;#x27;Start Time&amp;#x27;: &amp;#x27;2024-12-30T16:02:53&amp;#x27;}\nrootdir: /private/var/folders/7f/h47244dn38j_zznm8g288dkr0000gn/T/pytest-of-keith/pytest-30/test_module_variable_fixture0\nplugins: html-4.1.1, metadata-3.1.1, baseline-0.1.0\ncollecting ... collected 1 item\n\ntest_module_variable_fixture.py::TestSomething::test_hello PASSED                                                                                                                                                                     [100%]\n\n============================================================================================================= 1 passed in 0.01s =============================================================================================================\n&#34;}], &#34;tests/test_baseline.py::test_module_variable_fixture_skip_if_not_defined&#34;: [{&#34;extras&#34;: [], &#34;result&#34;: &#34;Passed&#34;, &#34;testId&#34;: &#34;tests/test_baseline.py::test_module_variable_fixture_skip_if_not_defined&#34;, &#34;duration&#34;: &#34;28 ms&#34;, &#34;resultsTableRow&#34;: [&#34;&lt;td class=\&#34;col-result\&#34;&gt;Passed&lt;/td&gt;&#34;, &#34;&lt;td&gt;not a parametrized test&lt;/td&gt;&#34;, &#34;&lt;td class=\&#34;col-testId\&#34;&gt;tests/test_baseline.py::test_module_variable_fixture_skip_if_not_defined&lt;/td&gt;&#34;, &#34;&lt;td&gt;Ensure that the `module_variable` fixture pulls the module variable\n    correctly and skips test if not defined.\n    &lt;/td&gt;&#34;, &#34;&lt;td class=\&#34;col-duration\&#34;&gt;28 ms&lt;/td&gt;&#34;, &#34;&lt;td class=\&#34;col-links\&#34;&gt;&lt;/td&gt;&#34;], &#34;log&#34;: &#34;----------------------------- Captured stdout call -----------------------------\n============================================================================================================ test session starts ============================================================================================================\nplatform darwin -- Python 3.11.3, pytest-8.3.4, pluggy-1.5.0 -- /Users/keith/dev/build/gh/pytest-baseline/.tox/py311/bin/python\ncachedir: .pytest_cache\nmetadata: {&amp;#x27;Python&amp;#x27;: &amp;#x27;3.11.3&amp;#x27;, &amp;#x27;Platform&amp;#x27;: &amp;#x27;macOS-15.1.1-arm64-arm-64bit&amp;#x27;, &amp;#x27;Packages&amp;#x27;: {&amp;#x27;pytest&amp;#x27;: &amp;#x27;8.3.4&amp;#x27;, &amp;#x27;pluggy&amp;#x27;: &amp;#x27;1.5.0&amp;#x27;}, &amp;#x27;Plugins&amp;#x27;: {&amp;#x27;html&amp;#x27;: &amp;#x27;4.1.1&amp;#x27;, &amp;#x27;metadata&amp;#x27;: &amp;#x27;3.1.1&amp;#x27;, &amp;#x27;baseline&amp;#x27;: &amp;#x27;0.1.0&amp;#x27;}, &amp;#x27;Environment&amp;#x27;: &amp;#x27;DEFAULT&amp;#x27;, &amp;#x27;Invoking Command&amp;#x27;: &amp;#x27;pytest -v -ra --basetemp=/private/var/folders/7f/h47244dn38j_zznm8g288dkr0000gn/T/pytest-of-keith/pytest-30/basetemp&amp;#x27;, &amp;#x27;Start Time&amp;#x27;: &amp;#x27;2024-12-30T16:02:53&amp;#x27;}\nrootdir: /private/var/folders/7f/h47244dn38j_zznm8g288dkr0000gn/T/pytest-of-keith/pytest-30/test_module_variable_fixture_skip_if_not_defined0\nplugins: html-4.1.1, metadata-3.1.1, baseline-0.1.0\ncollecting ... collected 1 item\n\ntest_module_variable_fixture_skip_if_not_defined.py::TestSomething::test_hello SKIPPED (`some_var` not defined for `test_module_variable_fixture_skip_if_not_defined0.test_module_variable_fixture_skip_if_not_defined`)              [100%]\n\n========================================================================================================== short test summary info ==========================================================================================================\nSKIPPED [1] ../../../../../../../../../Users/keith/dev/build/gh/pytest-baseline/.tox/py311/lib/python3.11/site-packages/pytest_baseline/helpers/framework.py:101: `some_var` not defined for `test_module_variable_fixture_skip_if_not_defined0.test_module_variable_fixture_skip_if_not_defined`\n============================================================================================================ 1 skipped in 0.01s =============================================================================================================\n&#34;}], &#34;tests/test_baseline.py::test_module_variable_fixture_env_dependant&#34;: [{&#34;extras&#34;: [], &#34;result&#34;: &#34;Passed&#34;, &#34;testId&#34;: &#34;tests/test_baseline.py::test_module_variable_fixture_env_dependant&#34;, &#34;duration&#34;: &#34;28 ms&#34;, &#34;resultsTableRow&#34;: [&#34;&lt;td class=\&#34;col-result\&#34;&gt;Passed&lt;/td&gt;&#34;, &#34;&lt;td&gt;not a parametrized test&lt;/td&gt;&#34;, &#34;&lt;td class=\&#34;col-testId\&#34;&gt;tests/test_baseline.py::test_module_variable_fixture_env_dependant&lt;/td&gt;&#34;, &#34;&lt;td&gt;Ensure that the `module_variable` fixture pulls the module variable\n    correctly based on the value passed via `--env` option\n    &lt;/td&gt;&#34;, &#34;&lt;td class=\&#34;col-duration\&#34;&gt;28 ms&lt;/td&gt;&#34;, &#34;&lt;td class=\&#34;col-links\&#34;&gt;&lt;/td&gt;&#34;], &#34;log&#34;: &#34;----------------------------- Captured stdout call -----------------------------\n============================================================================================================ test session starts ============================================================================================================\nplatform darwin -- Python 3.11.3, pytest-8.3.4, pluggy-1.5.0 -- /Users/keith/dev/build/gh/pytest-baseline/.tox/py311/bin/python\ncachedir: .pytest_cache\nmetadata: {&amp;#x27;Python&amp;#x27;: &amp;#x27;3.11.3&amp;#x27;, &amp;#x27;Platform&amp;#x27;: &amp;#x27;macOS-15.1.1-arm64-arm-64bit&amp;#x27;, &amp;#x27;Packages&amp;#x27;: {&amp;#x27;pytest&amp;#x27;: &amp;#x27;8.3.4&amp;#x27;, &amp;#x27;pluggy&amp;#x27;: &amp;#x27;1.5.0&amp;#x27;}, &amp;#x27;Plugins&amp;#x27;: {&amp;#x27;html&amp;#x27;: &amp;#x27;4.1.1&amp;#x27;, &amp;#x27;metadata&amp;#x27;: &amp;#x27;3.1.1&amp;#x27;, &amp;#x27;baseline&amp;#x27;: &amp;#x27;0.1.0&amp;#x27;}, &amp;#x27;Environment&amp;#x27;: &amp;#x27;dev&amp;#x27;, &amp;#x27;Invoking Command&amp;#x27;: &amp;#x27;pytest -v -ra --env=dev --basetemp=/private/var/folders/7f/h47244dn38j_zznm8g288dkr0000gn/T/pytest-of-keith/pytest-30/basetemp&amp;#x27;, &amp;#x27;Start Time&amp;#x27;: &amp;#x27;2024-12-30T16:02:53&amp;#x27;}\nrootdir: /private/var/folders/7f/h47244dn38j_zznm8g288dkr0000gn/T/pytest-of-keith/pytest-30/test_module_variable_fixture_env_dependant0\nplugins: html-4.1.1, metadata-3.1.1, baseline-0.1.0\ncollecting ... collected 1 item\n\ntest_module_variable_fixture_env_dependant.py::TestSomething::test_hello PASSED                                                                                                                                                       [100%]\n\n============================================================================================================= 1 passed in 0.01s =============================================================================================================\n&#34;}], &#34;tests/test_html_reporter.py::test_html_report_created&#34;: [{&#34;extras&#34;: [], &#34;result&#34;: &#34;Passed&#34;, &#34;testId&#34;: &#34;tests/test_html_reporter.py::test_html_report_created&#34;, &#34;duration&#34;: &#34;33 ms&#34;, &#34;resultsTableRow&#34;: [&#34;&lt;td class=\&#34;col-result\&#34;&gt;Passed&lt;/td&gt;&#34;, &#34;&lt;td&gt;not a parametrized test&lt;/td&gt;&#34;, &#34;&lt;td class=\&#34;col-testId\&#34;&gt;tests/test_html_reporter.py::test_html_report_created&lt;/td&gt;&#34;, &#34;&lt;td&gt;Ensure that a HTML report is generated&lt;/td&gt;&#34;, &#34;&lt;td class=\&#34;col-duration\&#34;&gt;33 ms&lt;/td&gt;&#34;, &#34;&lt;td class=\&#34;col-links\&#34;&gt;&lt;/td&gt;&#34;], &#34;log&#34;: &#34;----------------------------- Captured stdout call -----------------------------\n============================================================================================================ test session starts ============================================================================================================\nplatform darwin -- Python 3.11.3, pytest-8.3.4, pluggy-1.5.0 -- /Users/keith/dev/build/gh/pytest-baseline/.tox/py311/bin/python\ncachedir: .pytest_cache\nmetadata: {&amp;#x27;Python&amp;#x27;: &amp;#x27;3.11.3&amp;#x27;, &amp;#x27;Platform&amp;#x27;: &amp;#x27;macOS-15.1.1-arm64-arm-64bit&amp;#x27;, &amp;#x27;Packages&amp;#x27;: {&amp;#x27;pytest&amp;#x27;: &amp;#x27;8.3.4&amp;#x27;, &amp;#x27;pluggy&amp;#x27;: &amp;#x27;1.5.0&amp;#x27;}, &amp;#x27;Plugins&amp;#x27;: {&amp;#x27;html&amp;#x27;: &amp;#x27;4.1.1&amp;#x27;, &amp;#x27;metadata&amp;#x27;: &amp;#x27;3.1.1&amp;#x27;, &amp;#x27;baseline&amp;#x27;: &amp;#x27;0.1.0&amp;#x27;}, &amp;#x27;Environment&amp;#x27;: &amp;#x27;DEFAULT&amp;#x27;, &amp;#x27;Invoking Command&amp;#x27;: &amp;#x27;pytest --html /private/var/folders/7f/h47244dn38j_zznm8g288dkr0000gn/T/pytest-of-keith/pytest-30/test_html_report_created0/report.html --fixtures -v --basetemp=/private/var/folders/7f/h47244dn38j_zznm8g288dkr0000gn/T/pytest-of-keith/pytest-30/basetem&amp;#x27;, &amp;#x27;Start Time&amp;#x27;: &amp;#x27;2024-12-30T16:02:53&amp;#x27;}\nrootdir: /private/var/folders/7f/h47244dn38j_zznm8g288dkr0000gn/T/pytest-of-keith/pytest-30/test_html_report_created0\nplugins: html-4.1.1, metadata-3.1.1, baseline-0.1.0\ncollected 0 items\ncache -- .../_pytest/cacheprovider.py:556\n    Return a cache object that can persist state between testing sessions.\n    \n    cache.get(key, default)\n    cache.set(key, value)\n    \n    Keys must be ``/`` separated strings, where the first part is usually the\n    name of your plugin or application to avoid clashes with other cache users.\n    \n    Values can be any object handled by the json stdlib module.\n\ncapsysbinary -- .../_pytest/capture.py:1006\n    Enable bytes capturing of writes to ``sys.stdout`` and ``sys.stderr``.\n    \n    The captured output is made available via ``capsysbinary.readouterr()``\n    method calls, which return a ``(out, err)`` namedtuple.\n    ``out`` and ``err`` will be ``bytes`` objects.\n    \n    Returns an instance of :class:`CaptureFixture[bytes] &amp;lt;pytest.CaptureFixture&amp;gt;`.\n    \n    Example:\n    \n    .. code-block:: python\n    \n        def test_output(capsysbinary):\n            print(&amp;quot;hello&amp;quot;)\n            captured = capsysbinary.readouterr()\n            assert captured.out == b&amp;quot;hello\\n&amp;quot;\n\ncapfd -- .../_pytest/capture.py:1034\n    Enable text capturing of writes to file descriptors ``1`` and ``2``.\n    \n    The captured output is made available via ``capfd.readouterr()`` method\n    calls, which return a ``(out, err)`` namedtuple.\n    ``out`` and ``err`` will be ``text`` objects.\n    \n    Returns an instance of :class:`CaptureFixture[str] &amp;lt;pytest.CaptureFixture&amp;gt;`.\n    \n    Example:\n    \n    .. code-block:: python\n    \n        def test_system_echo(capfd):\n            os.system(&amp;#x27;echo &amp;quot;hello&amp;quot;&amp;#x27;)\n            captured = capfd.readouterr()\n            assert captured.out == &amp;quot;hello\\n&amp;quot;\n\ncapfdbinary -- .../_pytest/capture.py:1062\n    Enable bytes capturing of writes to file descriptors ``1`` and ``2``.\n    \n    The captured output is made available via ``capfd.readouterr()`` method\n    calls, which return a ``(out, err)`` namedtuple.\n    ``out`` and ``err`` will be ``byte`` objects.\n    \n    Returns an instance of :class:`CaptureFixture[bytes] &amp;lt;pytest.CaptureFixture&amp;gt;`.\n    \n    Example:\n    \n    .. code-block:: python\n    \n        def test_system_echo(capfdbinary):\n            os.system(&amp;#x27;echo &amp;quot;hello&amp;quot;&amp;#x27;)\n            captured = capfdbinary.readouterr()\n            assert captured.out == b&amp;quot;hello\\n&amp;quot;\n\ncapsys -- .../_pytest/capture.py:978\n    Enable text capturing of writes to ``sys.stdout`` and ``sys.stderr``.\n    \n    The captured output is made available via ``capsys.readouterr()`` method\n    calls, which return a ``(out, err)`` namedtuple.\n    ``out`` and ``err`` will be ``text`` objects.\n    \n    Returns an instance of :class:`CaptureFixture[str] &amp;lt;pytest.CaptureFixture&amp;gt;`.\n    \n    Example:\n    \n    .. code-block:: python\n    \n        def test_output(capsys):\n            print(&amp;quot;hello&amp;quot;)\n            captured = capsys.readouterr()\n            assert captured.out == &amp;quot;hello\\n&amp;quot;\n\ndoctest_namespace [session scope] -- .../_pytest/doctest.py:741\n    Fixture that returns a :py:class:`dict` that will be injected into the\n    namespace of doctests.\n    \n    Usually this fixture is used in conjunction with another ``autouse`` fixture:\n    \n    .. code-block:: python\n    \n        @pytest.fixture(autouse=True)\n        def add_np(doctest_namespace):\n            doctest_namespace[&amp;quot;np&amp;quot;] = numpy\n    \n    For more details: :ref:`doctest_namespace`.\n\npytestconfig [session scope] -- .../_pytest/fixtures.py:1345\n    Session-scoped fixture that returns the session&amp;#x27;s :class:`pytest.Config`\n    object.\n    \n    Example::\n    \n        def test_foo(pytestconfig):\n            if pytestconfig.get_verbosity() &amp;gt; 0:\n                ...\n\nrecord_property -- .../_pytest/junitxml.py:280\n    Add extra properties to the calling test.\n    \n    User properties become part of the test report and are available to the\n    configured reporters, like JUnit XML.\n    \n    The fixture is callable with ``name, value``. The value is automatically\n    XML-encoded.\n    \n    Example::\n    \n        def test_function(record_property):\n            record_property(&amp;quot;example_key&amp;quot;, 1)\n\nrecord_xml_attribute -- .../_pytest/junitxml.py:303\n    Add extra xml attributes to the tag for the calling test.\n    \n    The fixture is callable with ``name, value``. The value is\n    automatically XML-encoded.\n\nrecord_testsuite_property [session scope] -- .../_pytest/junitxml.py:341\n    Record a new ``&amp;lt;property&amp;gt;`` tag as child of the root ``&amp;lt;testsuite&amp;gt;``.\n    \n    This is suitable to writing global information regarding the entire test\n    suite, and is compatible with ``xunit2`` JUnit family.\n    \n    This is a ``session``-scoped fixture which is called with ``(name, value)``. Example:\n    \n    .. code-block:: python\n    \n        def test_foo(record_testsuite_property):\n            record_testsuite_property(&amp;quot;ARCH&amp;quot;, &amp;quot;PPC&amp;quot;)\n            record_testsuite_property(&amp;quot;STORAGE_TYPE&amp;quot;, &amp;quot;CEPH&amp;quot;)\n    \n    :param name:\n        The property name.\n    :param value:\n        The property value. Will be converted to a string.\n    \n    .. warning::\n    \n        Currently this fixture **does not work** with the\n        `pytest-xdist &amp;lt;https://github.com/pytest-dev/pytest-xdist&amp;gt;`__ plugin. See\n        :issue:`7767` for details.\n\ntmpdir_factory [session scope] -- .../_pytest/legacypath.py:298\n    Return a :class:`pytest.TempdirFactory` instance for the test session.\n\ntmpdir -- .../_pytest/legacypath.py:305\n    Return a temporary directory (as `legacy_path`_ object)\n    which is unique to each test function invocation.\n    The temporary directory is created as a subdirectory\n    of the base temporary directory, with configurable retention,\n    as discussed in :ref:`temporary directory location and retention`.\n    \n    .. note::\n        These days, it is preferred to use ``tmp_path``.\n    \n        :ref:`About the tmpdir and tmpdir_factory fixtures&amp;lt;tmpdir and tmpdir_factory&amp;gt;`.\n    \n    .. _legacy_path: https://py.readthedocs.io/en/latest/path.html\n\ncaplog -- .../_pytest/logging.py:598\n    Access and control log capturing.\n    \n    Captured logs are available through the following properties/methods::\n    \n    * caplog.messages        -&amp;gt; list of format-interpolated log messages\n    * caplog.text            -&amp;gt; string containing formatted log output\n    * caplog.records         -&amp;gt; list of logging.LogRecord instances\n    * caplog.record_tuples   -&amp;gt; list of (logger_name, level, message) tuples\n    * caplog.clear()         -&amp;gt; clear captured records and formatted log output string\n\nmonkeypatch -- .../_pytest/monkeypatch.py:31\n    A convenient fixture for monkey-patching.\n    \n    The fixture provides these methods to modify objects, dictionaries, or\n    :data:`os.environ`:\n    \n    * :meth:`monkeypatch.setattr(obj, name, value, raising=True) &amp;lt;pytest.MonkeyPatch.setattr&amp;gt;`\n    * :meth:`monkeypatch.delattr(obj, name, raising=True) &amp;lt;pytest.MonkeyPatch.delattr&amp;gt;`\n    * :meth:`monkeypatch.setitem(mapping, name, value) &amp;lt;pytest.MonkeyPatch.setitem&amp;gt;`\n    * :meth:`monkeypatch.delitem(obj, name, raising=True) &amp;lt;pytest.MonkeyPatch.delitem&amp;gt;`\n    * :meth:`monkeypatch.setenv(name, value, prepend=None) &amp;lt;pytest.MonkeyPatch.setenv&amp;gt;`\n    * :meth:`monkeypatch.delenv(name, raising=True) &amp;lt;pytest.MonkeyPatch.delenv&amp;gt;`\n    * :meth:`monkeypatch.syspath_prepend(path) &amp;lt;pytest.MonkeyPatch.syspath_prepend&amp;gt;`\n    * :meth:`monkeypatch.chdir(path) &amp;lt;pytest.MonkeyPatch.chdir&amp;gt;`\n    * :meth:`monkeypatch.context() &amp;lt;pytest.MonkeyPatch.context&amp;gt;`\n    \n    All modifications will be undone after the requesting test function or\n    fixture has finished. The ``raising`` parameter determines if a :class:`KeyError`\n    or :class:`AttributeError` will be raised if the set/deletion operation does not have the\n    specified target.\n    \n    To undo modifications done by the fixture in a contained scope,\n    use :meth:`context() &amp;lt;pytest.MonkeyPatch.context&amp;gt;`.\n\nrecwarn -- .../_pytest/recwarn.py:35\n    Return a :class:`WarningsRecorder` instance that records all warnings emitted by test functions.\n    \n    See :ref:`warnings` for information on warning categories.\n\ntmp_path_factory [session scope] -- .../_pytest/tmpdir.py:241\n    Return a :class:`pytest.TempPathFactory` instance for the test session.\n\ntmp_path -- .../_pytest/tmpdir.py:256\n    Return a temporary directory (as :class:`pathlib.Path` object)\n    which is unique to each test function invocation.\n    The temporary directory is created as a subdirectory\n    of the base temporary directory, with configurable retention,\n    as discussed in :ref:`temporary directory location and retention`.\n\n\n----------------------------------------------------------------------------------------------- fixtures defined from pytest_baseline.plugin ------------------------------------------------------------------------------------------------\ntimer -- ../../../../../../../../../Users/keith/dev/build/gh/pytest-baseline/.tox/py311/lib/python3.11/site-packages/pytest_baseline/plugin.py:16\n    Returns a Lapwatch that can be used to record &amp;#x27;laps&amp;#x27; to time certian\n    parts of the test execution\n\nenv [session scope] -- ../../../../../../../../../Users/keith/dev/build/gh/pytest-baseline/.tox/py311/lib/python3.11/site-packages/pytest_baseline/plugin.py:30\n    Returns the passed --env command line argument\n\nmodule_variable [module scope] -- ../../../../../../../../../Users/keith/dev/build/gh/pytest-baseline/.tox/py311/lib/python3.11/site-packages/pytest_baseline/plugin.py:36\n    Helper fixture to obtain module variables for common tests.  Function\n    wrapper removes the need to request \n\n\n------------------------------------------------------------------------------------------------ fixtures defined from pytest_html.fixtures -------------------------------------------------------------------------------------------------\nextra -- ../../../../../../../../../Users/keith/dev/build/gh/pytest-baseline/.tox/py311/lib/python3.11/site-packages/pytest_html/fixtures.py:12\n    DEPRECATED: Add details to the HTML reports.\n    \n    .. code-block:: python\n    \n        import pytest_html\n    \n    \n        def test_foo(extra):\n            extra.append(pytest_html.extras.url(&amp;quot;https://www.example.com/&amp;quot;))\n\nextras -- ../../../../../../../../../Users/keith/dev/build/gh/pytest-baseline/.tox/py311/lib/python3.11/site-packages/pytest_html/fixtures.py:34\n    Add details to the HTML reports.\n    \n    .. code-block:: python\n    \n        import pytest_html\n    \n    \n        def test_foo(extras):\n            extras.append(pytest_html.extras.url(&amp;quot;https://www.example.com/&amp;quot;))\n\n\n----------------------------------------------------------------------------------------------- fixtures defined from pytest_metadata.plugin ------------------------------------------------------------------------------------------------\nmetadata [session scope] -- ../../../../../../../../../Users/keith/dev/build/gh/pytest-baseline/.tox/py311/lib/python3.11/site-packages/pytest_metadata/plugin.py:46\n    Provide test session metadata\n\ninclude_metadata_in_junit_xml [session scope] -- ../../../../../../../../../Users/keith/dev/build/gh/pytest-baseline/.tox/py311/lib/python3.11/site-packages/pytest_metadata/plugin.py:52\n    Provide test session metadata\n\n\n------------------------------------------ Generated html report: file:///private/var/folders/7f/h47244dn38j_zznm8g288dkr0000gn/T/pytest-of-keith/pytest-30/test_html_report_created0/report.html -------------------------------------------\n=========================================================================================================== no tests ran in 0.01s ===========================================================================================================\n&#34;}], &#34;tests/test_html_reporter.py::test_html_report_doc_string_column&#34;: [{&#34;extras&#34;: [], &#34;result&#34;: &#34;Passed&#34;, &#34;testId&#34;: &#34;tests/test_html_reporter.py::test_html_report_doc_string_column&#34;, &#34;duration&#34;: &#34;31 ms&#34;, &#34;resultsTableRow&#34;: [&#34;&lt;td class=\&#34;col-result\&#34;&gt;Passed&lt;/td&gt;&#34;, &#34;&lt;td&gt;not a parametrized test&lt;/td&gt;&#34;, &#34;&lt;td class=\&#34;col-testId\&#34;&gt;tests/test_html_reporter.py::test_html_report_doc_string_column&lt;/td&gt;&#34;, &#34;&lt;td&gt;Ensure that doc string for test is added to HTML Report&lt;/td&gt;&#34;, &#34;&lt;td class=\&#34;col-duration\&#34;&gt;31 ms&lt;/td&gt;&#34;, &#34;&lt;td class=\&#34;col-links\&#34;&gt;&lt;/td&gt;&#34;], &#34;log&#34;: &#34;----------------------------- Captured stdout call -----------------------------\n============================================================================================================ test session starts ============================================================================================================\nplatform darwin -- Python 3.11.3, pytest-8.3.4, pluggy-1.5.0 -- /Users/keith/dev/build/gh/pytest-baseline/.tox/py311/bin/python\ncachedir: .pytest_cache\nmetadata: {&amp;#x27;Python&amp;#x27;: &amp;#x27;3.11.3&amp;#x27;, &amp;#x27;Platform&amp;#x27;: &amp;#x27;macOS-15.1.1-arm64-arm-64bit&amp;#x27;, &amp;#x27;Packages&amp;#x27;: {&amp;#x27;pytest&amp;#x27;: &amp;#x27;8.3.4&amp;#x27;, &amp;#x27;pluggy&amp;#x27;: &amp;#x27;1.5.0&amp;#x27;}, &amp;#x27;Plugins&amp;#x27;: {&amp;#x27;html&amp;#x27;: &amp;#x27;4.1.1&amp;#x27;, &amp;#x27;metadata&amp;#x27;: &amp;#x27;3.1.1&amp;#x27;, &amp;#x27;baseline&amp;#x27;: &amp;#x27;0.1.0&amp;#x27;}, &amp;#x27;Environment&amp;#x27;: &amp;#x27;DEFAULT&amp;#x27;, &amp;#x27;Invoking Command&amp;#x27;: &amp;#x27;pytest --html /private/var/folders/7f/h47244dn38j_zznm8g288dkr0000gn/T/pytest-of-keith/pytest-30/test_html_report_doc_string_column0/report.html -v --basetemp=/private/var/folders/7f/h47244dn38j_zznm8g288dkr0000gn/T/pytest-of-keith/pytest-30/basetemp&amp;#x27;, &amp;#x27;Start Time&amp;#x27;: &amp;#x27;2024-12-30T16:02:53&amp;#x27;}\nrootdir: /private/var/folders/7f/h47244dn38j_zznm8g288dkr0000gn/T/pytest-of-keith/pytest-30/test_html_report_doc_string_column0\nplugins: html-4.1.1, metadata-3.1.1, baseline-0.1.0\ncollecting ... collected 1 item\n\ntest_html_report_doc_string_column.py::test_something PASSED                                                                                                                                                                          [100%]\n\n------------------------------------- Generated html report: file:///private/var/folders/7f/h47244dn38j_zznm8g288dkr0000gn/T/pytest-of-keith/pytest-30/test_html_report_doc_string_column0/report.html --------------------------------------\n============================================================================================================= 1 passed in 0.01s =============================================================================================================\n&#34;}], &#34;tests/test_html_reporter.py::test_html_report_extra_link_basic&#34;: [{&#34;extras&#34;: [], &#34;result&#34;: &#34;Passed&#34;, &#34;testId&#34;: &#34;tests/test_html_reporter.py::test_html_report_extra_link_basic&#34;, &#34;duration&#34;: &#34;35 ms&#34;, &#34;resultsTableRow&#34;: [&#34;&lt;td class=\&#34;col-result\&#34;&gt;Passed&lt;/td&gt;&#34;, &#34;&lt;td&gt;not a parametrized test&lt;/td&gt;&#34;, &#34;&lt;td class=\&#34;col-testId\&#34;&gt;tests/test_html_reporter.py::test_html_report_extra_link_basic&lt;/td&gt;&#34;, &#34;&lt;td&gt;Ensure that `pytest_baseline_fixtures_add_to_report` hook basic\n    functionality works\n    &lt;/td&gt;&#34;, &#34;&lt;td class=\&#34;col-duration\&#34;&gt;35 ms&lt;/td&gt;&#34;, &#34;&lt;td class=\&#34;col-links\&#34;&gt;&lt;/td&gt;&#34;], &#34;log&#34;: &#34;----------------------------- Captured stdout call -----------------------------\n============================================================================================================ test session starts ============================================================================================================\nplatform darwin -- Python 3.11.3, pytest-8.3.4, pluggy-1.5.0 -- /Users/keith/dev/build/gh/pytest-baseline/.tox/py311/bin/python\ncachedir: .pytest_cache\nmetadata: {&amp;#x27;Python&amp;#x27;: &amp;#x27;3.11.3&amp;#x27;, &amp;#x27;Platform&amp;#x27;: &amp;#x27;macOS-15.1.1-arm64-arm-64bit&amp;#x27;, &amp;#x27;Packages&amp;#x27;: {&amp;#x27;pytest&amp;#x27;: &amp;#x27;8.3.4&amp;#x27;, &amp;#x27;pluggy&amp;#x27;: &amp;#x27;1.5.0&amp;#x27;}, &amp;#x27;Plugins&amp;#x27;: {&amp;#x27;html&amp;#x27;: &amp;#x27;4.1.1&amp;#x27;, &amp;#x27;metadata&amp;#x27;: &amp;#x27;3.1.1&amp;#x27;, &amp;#x27;baseline&amp;#x27;: &amp;#x27;0.1.0&amp;#x27;}, &amp;#x27;Environment&amp;#x27;: &amp;#x27;DEFAULT&amp;#x27;, &amp;#x27;Invoking Command&amp;#x27;: &amp;#x27;pytest --html /private/var/folders/7f/h47244dn38j_zznm8g288dkr0000gn/T/pytest-of-keith/pytest-30/test_html_report_extra_link_basic0/report.html -v --basetemp=/private/var/folders/7f/h47244dn38j_zznm8g288dkr0000gn/T/pytest-of-keith/pytest-30/basetemp&amp;#x27;, &amp;#x27;Start Time&amp;#x27;: &amp;#x27;2024-12-30T16:02:53&amp;#x27;}\nrootdir: /private/var/folders/7f/h47244dn38j_zznm8g288dkr0000gn/T/pytest-of-keith/pytest-30/test_html_report_extra_link_basic0\nplugins: html-4.1.1, metadata-3.1.1, baseline-0.1.0\ncollecting ... collected 1 item\n\ntest_html_report_extra_link_basic.py::test_something PASSED                                                                                                                                                                           [100%]\n\n============================================================================================================= warnings summary ==============================================================================================================\ntest_html_report_extra_link_basic.py::test_something\n  /Users/keith/dev/build/gh/pytest-baseline/.tox/py311/lib/python3.11/site-packages/pytest_html/plugin.py:133: DeprecationWarning: The &amp;#x27;report.extra&amp;#x27; attribute is deprecated and will be removed in a future release, use &amp;#x27;report.extras&amp;#x27; instead.\n    warnings.warn(\n\n-- Docs: https://docs.pytest.org/en/stable/how-to/capture-warnings.html\n-------------------------------------- Generated html report: file:///private/var/folders/7f/h47244dn38j_zznm8g288dkr0000gn/T/pytest-of-keith/pytest-30/test_html_report_extra_link_basic0/report.html --------------------------------------\n======================================================================================================= 1 passed, 1 warning in 0.01s ========================================================================================================\n&#34;}], &#34;tests/test_html_reporter.py::test_html_report_extra_link_sub_dict&#34;: [{&#34;extras&#34;: [], &#34;result&#34;: &#34;Passed&#34;, &#34;testId&#34;: &#34;tests/test_html_reporter.py::test_html_report_extra_link_sub_dict&#34;, &#34;duration&#34;: &#34;35 ms&#34;, &#34;resultsTableRow&#34;: [&#34;&lt;td class=\&#34;col-result\&#34;&gt;Passed&lt;/td&gt;&#34;, &#34;&lt;td&gt;not a parametrized test&lt;/td&gt;&#34;, &#34;&lt;td class=\&#34;col-testId\&#34;&gt;tests/test_html_reporter.py::test_html_report_extra_link_sub_dict&lt;/td&gt;&#34;, &#34;&lt;td&gt;Ensure that `pytest_baseline_fixtures_add_to_report` hook\n    functionality works with the sub dictionary feature enabled\n    &lt;/td&gt;&#34;, &#34;&lt;td class=\&#34;col-duration\&#34;&gt;35 ms&lt;/td&gt;&#34;, &#34;&lt;td class=\&#34;col-links\&#34;&gt;&lt;/td&gt;&#34;], &#34;log&#34;: &#34;----------------------------- Captured stdout call -----------------------------\n============================================================================================================ test session starts ============================================================================================================\nplatform darwin -- Python 3.11.3, pytest-8.3.4, pluggy-1.5.0 -- /Users/keith/dev/build/gh/pytest-baseline/.tox/py311/bin/python\ncachedir: .pytest_cache\nmetadata: {&amp;#x27;Python&amp;#x27;: &amp;#x27;3.11.3&amp;#x27;, &amp;#x27;Platform&amp;#x27;: &amp;#x27;macOS-15.1.1-arm64-arm-64bit&amp;#x27;, &amp;#x27;Packages&amp;#x27;: {&amp;#x27;pytest&amp;#x27;: &amp;#x27;8.3.4&amp;#x27;, &amp;#x27;pluggy&amp;#x27;: &amp;#x27;1.5.0&amp;#x27;}, &amp;#x27;Plugins&amp;#x27;: {&amp;#x27;html&amp;#x27;: &amp;#x27;4.1.1&amp;#x27;, &amp;#x27;metadata&amp;#x27;: &amp;#x27;3.1.1&amp;#x27;, &amp;#x27;baseline&amp;#x27;: &amp;#x27;0.1.0&amp;#x27;}, &amp;#x27;Environment&amp;#x27;: &amp;#x27;DEFAULT&amp;#x27;, &amp;#x27;Invoking Command&amp;#x27;: &amp;#x27;pytest --html /private/var/folders/7f/h47244dn38j_zznm8g288dkr0000gn/T/pytest-of-keith/pytest-30/test_html_report_extra_link_sub_dict0/report.html -v --basetemp=/private/var/folders/7f/h47244dn38j_zznm8g288dkr0000gn/T/pytest-of-keith/pytest-30/basete&amp;#x27;, &amp;#x27;Start Time&amp;#x27;: &amp;#x27;2024-12-30T16:02:53&amp;#x27;}\nrootdir: /private/var/folders/7f/h47244dn38j_zznm8g288dkr0000gn/T/pytest-of-keith/pytest-30/test_html_report_extra_link_sub_dict0\nplugins: html-4.1.1, metadata-3.1.1, baseline-0.1.0\ncollecting ... collected 1 item\n\ntest_html_report_extra_link_sub_dict.py::test_something PASSED                                                                                                                                                                        [100%]\n\n============================================================================================================= warnings summary ==============================================================================================================\ntest_html_report_extra_link_sub_dict.py::test_something\n  /Users/keith/dev/build/gh/pytest-baseline/.tox/py311/lib/python3.11/site-packages/pytest_html/plugin.py:133: DeprecationWarning: The &amp;#x27;report.extra&amp;#x27; attribute is deprecated and will be removed in a future release, use &amp;#x27;report.extras&amp;#x27; instead.\n    warnings.warn(\n\n-- Docs: https://docs.pytest.org/en/stable/how-to/capture-warnings.html\n------------------------------------ Generated html report: file:///private/var/folders/7f/h47244dn38j_zznm8g288dkr0000gn/T/pytest-of-keith/pytest-30/test_html_report_extra_link_sub_dict0/report.html -------------------------------------\n======================================================================================================= 1 passed, 1 warning in 0.01s ========================================================================================================\n&#34;}], &#34;tests/test_html_reporter.py::test_html_report_extra_link_multiple&#34;: [{&#34;extras&#34;: [], &#34;result&#34;: &#34;Passed&#34;, &#34;testId&#34;: &#34;tests/test_html_reporter.py::test_html_report_extra_link_multiple&#34;, &#34;duration&#34;: &#34;44 ms&#34;, &#34;resultsTableRow&#34;: [&#34;&lt;td class=\&#34;col-result\&#34;&gt;Passed&lt;/td&gt;&#34;, &#34;&lt;td&gt;not a parametrized test&lt;/td&gt;&#34;, &#34;&lt;td class=\&#34;col-testId\&#34;&gt;tests/test_html_reporter.py::test_html_report_extra_link_multiple&lt;/td&gt;&#34;, &#34;&lt;td&gt;Ensure that `pytest_baseline_fixtures_add_to_report` hook\n    functionality works with multiple different fixtures are used\n    &lt;/td&gt;&#34;, &#34;&lt;td class=\&#34;col-duration\&#34;&gt;44 ms&lt;/td&gt;&#34;, &#34;&lt;td class=\&#34;col-links\&#34;&gt;&lt;/td&gt;&#34;], &#34;log&#34;: &#34;----------------------------- Captured stdout call -----------------------------\n============================================================================================================ test session starts ============================================================================================================\nplatform darwin -- Python 3.11.3, pytest-8.3.4, pluggy-1.5.0 -- /Users/keith/dev/build/gh/pytest-baseline/.tox/py311/bin/python\ncachedir: .pytest_cache\nmetadata: {&amp;#x27;Python&amp;#x27;: &amp;#x27;3.11.3&amp;#x27;, &amp;#x27;Platform&amp;#x27;: &amp;#x27;macOS-15.1.1-arm64-arm-64bit&amp;#x27;, &amp;#x27;Packages&amp;#x27;: {&amp;#x27;pytest&amp;#x27;: &amp;#x27;8.3.4&amp;#x27;, &amp;#x27;pluggy&amp;#x27;: &amp;#x27;1.5.0&amp;#x27;}, &amp;#x27;Plugins&amp;#x27;: {&amp;#x27;html&amp;#x27;: &amp;#x27;4.1.1&amp;#x27;, &amp;#x27;metadata&amp;#x27;: &amp;#x27;3.1.1&amp;#x27;, &amp;#x27;baseline&amp;#x27;: &amp;#x27;0.1.0&amp;#x27;}, &amp;#x27;Environment&amp;#x27;: &amp;#x27;DEFAULT&amp;#x27;, &amp;#x27;Invoking Command&amp;#x27;: &amp;#x27;pytest --html /private/var/folders/7f/h47244dn38j_zznm8g288dkr0000gn/T/pytest-of-keith/pytest-30/test_html_report_extra_link_multiple0/report.html -v --basetemp=/private/var/folders/7f/h47244dn38j_zznm8g288dkr0000gn/T/pytest-of-keith/pytest-30/basete&amp;#x27;, &amp;#x27;Start Time&amp;#x27;: &amp;#x27;2024-12-30T16:02:53&amp;#x27;}\nrootdir: /private/var/folders/7f/h47244dn38j_zznm8g288dkr0000gn/T/pytest-of-keith/pytest-30/test_html_report_extra_link_multiple0\nplugins: html-4.1.1, metadata-3.1.1, baseline-0.1.0\ncollecting ... collected 1 item\n\ntest_html_report_extra_link_multiple.py::test_something api_config\ndict_keys([&amp;#x27;base_url&amp;#x27;])\nfixture_extra\ndict_keys([&amp;#x27;DictKey1&amp;#x27;, &amp;#x27;DictKey2&amp;#x27;, &amp;#x27;DictKey3&amp;#x27;])\nfixture_extra\ndict_keys([&amp;#x27;SubDictKey1.1&amp;#x27;, &amp;#x27;SubDictKey1.2&amp;#x27;])\nfixture_extra\ndict_keys([&amp;#x27;SubDictKey2.1&amp;#x27;, &amp;#x27;DoNotIncudeKey&amp;#x27;])\nfixture_extra\ndict_keys([&amp;#x27;SubDictKey3.1&amp;#x27;, &amp;#x27;SubDictKey3.2&amp;#x27;])\nPASSED                                                                                                                                                                        [100%]\n\n============================================================================================================= warnings summary ==============================================================================================================\ntest_html_report_extra_link_multiple.py::test_something\n  /Users/keith/dev/build/gh/pytest-baseline/.tox/py311/lib/python3.11/site-packages/pytest_html/plugin.py:133: DeprecationWarning: The &amp;#x27;report.extra&amp;#x27; attribute is deprecated and will be removed in a future release, use &amp;#x27;report.extras&amp;#x27; instead.\n    warnings.warn(\n\n-- Docs: https://docs.pytest.org/en/stable/how-to/capture-warnings.html\n------------------------------------ Generated html report: file:///private/var/folders/7f/h47244dn38j_zznm8g288dkr0000gn/T/pytest-of-keith/pytest-30/test_html_report_extra_link_multiple0/report.html -------------------------------------\n======================================================================================================= 1 passed, 1 warning in 0.01s ========================================================================================================\n&#34;}], &#34;tests/test_html_reporter.py::test_html_report_extra_link_multiple_not_printed&#34;: [{&#34;extras&#34;: [], &#34;result&#34;: &#34;Passed&#34;, &#34;testId&#34;: &#34;tests/test_html_reporter.py::test_html_report_extra_link_multiple_not_printed&#34;, &#34;duration&#34;: &#34;33 ms&#34;, &#34;resultsTableRow&#34;: [&#34;&lt;td class=\&#34;col-result\&#34;&gt;Passed&lt;/td&gt;&#34;, &#34;&lt;td&gt;not a parametrized test&lt;/td&gt;&#34;, &#34;&lt;td class=\&#34;col-testId\&#34;&gt;tests/test_html_reporter.py::test_html_report_extra_link_multiple_not_printed&lt;/td&gt;&#34;, &#34;&lt;td&gt;Ensure that `pytest_baseline_fixtures_add_to_report` hook\n    functionality works with simple text (not Dict) with other fixtures of\n    different types\n    &lt;/td&gt;&#34;, &#34;&lt;td class=\&#34;col-duration\&#34;&gt;33 ms&lt;/td&gt;&#34;, &#34;&lt;td class=\&#34;col-links\&#34;&gt;&lt;/td&gt;&#34;], &#34;log&#34;: &#34;----------------------------- Captured stdout call -----------------------------\n============================================================================================================ test session starts ============================================================================================================\nplatform darwin -- Python 3.11.3, pytest-8.3.4, pluggy-1.5.0 -- /Users/keith/dev/build/gh/pytest-baseline/.tox/py311/bin/python\ncachedir: .pytest_cache\nmetadata: {&amp;#x27;Python&amp;#x27;: &amp;#x27;3.11.3&amp;#x27;, &amp;#x27;Platform&amp;#x27;: &amp;#x27;macOS-15.1.1-arm64-arm-64bit&amp;#x27;, &amp;#x27;Packages&amp;#x27;: {&amp;#x27;pytest&amp;#x27;: &amp;#x27;8.3.4&amp;#x27;, &amp;#x27;pluggy&amp;#x27;: &amp;#x27;1.5.0&amp;#x27;}, &amp;#x27;Plugins&amp;#x27;: {&amp;#x27;html&amp;#x27;: &amp;#x27;4.1.1&amp;#x27;, &amp;#x27;metadata&amp;#x27;: &amp;#x27;3.1.1&amp;#x27;, &amp;#x27;baseline&amp;#x27;: &amp;#x27;0.1.0&amp;#x27;}, &amp;#x27;Environment&amp;#x27;: &amp;#x27;DEFAULT&amp;#x27;, &amp;#x27;Invoking Command&amp;#x27;: &amp;#x27;pytest --html /private/var/folders/7f/h47244dn38j_zznm8g288dkr0000gn/T/pytest-of-keith/pytest-30/test_html_report_extra_link_multiple_not_printed0/report.html -v --basetemp=/private/var/folders/7f/h47244dn38j_zznm8g288dkr0000gn/T/pytest-of-keith/pyte&amp;#x27;, &amp;#x27;Start Time&amp;#x27;: &amp;#x27;2024-12-30T16:02:53&amp;#x27;}\nrootdir: /private/var/folders/7f/h47244dn38j_zznm8g288dkr0000gn/T/pytest-of-keith/pytest-30/test_html_report_extra_link_multiple_not_printed0\nplugins: html-4.1.1, metadata-3.1.1, baseline-0.1.0\ncollecting ... collected 1 item\n\ntest_html_report_extra_link_multiple_not_printed.py::test_something PASSED                                                                                                                                                            [100%]\n\n============================================================================================================= warnings summary ==============================================================================================================\ntest_html_report_extra_link_multiple_not_printed.py::test_something\n  /Users/keith/dev/build/gh/pytest-baseline/.tox/py311/lib/python3.11/site-packages/pytest_html/plugin.py:133: DeprecationWarning: The &amp;#x27;report.extra&amp;#x27; attribute is deprecated and will be removed in a future release, use &amp;#x27;report.extras&amp;#x27; instead.\n    warnings.warn(\n\n-- Docs: https://docs.pytest.org/en/stable/how-to/capture-warnings.html\n------------------------------ Generated html report: file:///private/var/folders/7f/h47244dn38j_zznm8g288dkr0000gn/T/pytest-of-keith/pytest-30/test_html_report_extra_link_multiple_not_printed0/report.html -------------------------------\n======================================================================================================= 1 passed, 1 warning in 0.01s ========================================================================================================\n&#34;}], &#34;tests/test_html_reporter.py::test_html_report_environment&#34;: [{&#34;extras&#34;: [], &#34;result&#34;: &#34;Passed&#34;, &#34;testId&#34;: &#34;tests/test_html_reporter.py::test_html_report_environment&#34;, &#34;duration&#34;: &#34;32 ms&#34;, &#34;resultsTableRow&#34;: [&#34;&lt;td class=\&#34;col-result\&#34;&gt;Passed&lt;/td&gt;&#34;, &#34;&lt;td&gt;not a parametrized test&lt;/td&gt;&#34;, &#34;&lt;td class=\&#34;col-testId\&#34;&gt;tests/test_html_reporter.py::test_html_report_environment&lt;/td&gt;&#34;, &#34;&lt;td&gt;Ensure that title of HTML Report is modified with date and env, this\n    also validates that the file name is modified\n    &lt;/td&gt;&#34;, &#34;&lt;td class=\&#34;col-duration\&#34;&gt;32 ms&lt;/td&gt;&#34;, &#34;&lt;td class=\&#34;col-links\&#34;&gt;&lt;/td&gt;&#34;], &#34;log&#34;: &#34;----------------------------- Captured stdout call -----------------------------\n============================================================================================================ test session starts ============================================================================================================\nplatform darwin -- Python 3.11.3, pytest-8.3.4, pluggy-1.5.0 -- /Users/keith/dev/build/gh/pytest-baseline/.tox/py311/bin/python\ncachedir: .pytest_cache\nmetadata: {&amp;#x27;Python&amp;#x27;: &amp;#x27;3.11.3&amp;#x27;, &amp;#x27;Platform&amp;#x27;: &amp;#x27;macOS-15.1.1-arm64-arm-64bit&amp;#x27;, &amp;#x27;Packages&amp;#x27;: {&amp;#x27;pytest&amp;#x27;: &amp;#x27;8.3.4&amp;#x27;, &amp;#x27;pluggy&amp;#x27;: &amp;#x27;1.5.0&amp;#x27;}, &amp;#x27;Plugins&amp;#x27;: {&amp;#x27;html&amp;#x27;: &amp;#x27;4.1.1&amp;#x27;, &amp;#x27;metadata&amp;#x27;: &amp;#x27;3.1.1&amp;#x27;, &amp;#x27;baseline&amp;#x27;: &amp;#x27;0.1.0&amp;#x27;}, &amp;#x27;Environment&amp;#x27;: &amp;#x27;local&amp;#x27;, &amp;#x27;Invoking Command&amp;#x27;: &amp;#x27;pytest --html /private/var/folders/7f/h47244dn38j_zznm8g288dkr0000gn/T/pytest-of-keith/pytest-30/test_html_report_environment0/report-{date}-{env}.html -v --env=local --basetemp=/private/var/folders/7f/h47244dn38j_zznm8g288dkr0000gn/T/pytest-of-keith&amp;#x27;, &amp;#x27;Start Time&amp;#x27;: &amp;#x27;2024-12-30T16:02:53&amp;#x27;}\nrootdir: /private/var/folders/7f/h47244dn38j_zznm8g288dkr0000gn/T/pytest-of-keith/pytest-30/test_html_report_environment0\nplugins: html-4.1.1, metadata-3.1.1, baseline-0.1.0\ncollecting ... collected 1 item\n\ntest_html_report_environment.py::test_something PASSED                                                                                                                                                                                [100%]\n\n----------------------------- Generated html report: file:///private/var/folders/7f/h47244dn38j_zznm8g288dkr0000gn/T/pytest-of-keith/pytest-30/test_html_report_environment0/report-2024-12-30T16-02-local.html -----------------------------\n============================================================================================================= 1 passed in 0.01s =============================================================================================================\n&#34;}]}, &#34;renderCollapsed&#34;: [&#34;passed&#34;], &#34;initialSort&#34;: &#34;result&#34;, &#34;title&#34;: &#34;report.html&#34;}"></div>
    <script>
      (function(){function r(e,n,t){function o(i,f){if(!n[i]){if(!e[i]){var c="function"==typeof require&&require;if(!f&&c)return c(i,!0);if(u)return u(i,!0);var a=new Error("Cannot find module '"+i+"'");throw a.code="MODULE_NOT_FOUND",a}var p=n[i]={exports:{}};e[i][0].call(p.exports,function(r){var n=e[i][1][r];return o(n||r)},p,p.exports,r,e,n,t)}return n[i].exports}for(var u="function"==typeof require&&require,i=0;i<t.length;i++)o(t[i]);return o}return r})()({1:[function(require,module,exports){
const { getCollapsedCategory, setCollapsedIds } = require('./storage.js')

class DataManager {
    setManager(data) {
        const collapsedCategories = [...getCollapsedCategory(data.renderCollapsed)]
        const collapsedIds = []
        const tests = Object.values(data.tests).flat().map((test, index) => {
            const collapsed = collapsedCategories.includes(test.result.toLowerCase())
            const id = `test_${index}`
            if (collapsed) {
                collapsedIds.push(id)
            }
            return {
                ...test,
                id,
                collapsed,
            }
        })
        const dataBlob = { ...data, tests }
        this.data = { ...dataBlob }
        this.renderData = { ...dataBlob }
        setCollapsedIds(collapsedIds)
    }

    get allData() {
        return { ...this.data }
    }

    resetRender() {
        this.renderData = { ...this.data }
    }

    setRender(data) {
        this.renderData.tests = [...data]
    }

    toggleCollapsedItem(id) {
        this.renderData.tests = this.renderData.tests.map((test) =>
            test.id === id ? { ...test, collapsed: !test.collapsed } : test,
        )
    }

    set allCollapsed(collapsed) {
        this.renderData = { ...this.renderData, tests: [...this.renderData.tests.map((test) => (
            { ...test, collapsed }
        ))] }
    }

    get testSubset() {
        return [...this.renderData.tests]
    }

    get environment() {
        return this.renderData.environment
    }

    get initialSort() {
        return this.data.initialSort
    }
}

module.exports = {
    manager: new DataManager(),
}

},{"./storage.js":8}],2:[function(require,module,exports){
const mediaViewer = require('./mediaviewer.js')
const templateEnvRow = document.getElementById('template_environment_row')
const templateResult = document.getElementById('template_results-table__tbody')

function htmlToElements(html) {
    const temp = document.createElement('template')
    temp.innerHTML = html
    return temp.content.childNodes
}

const find = (selector, elem) => {
    if (!elem) {
        elem = document
    }
    return elem.querySelector(selector)
}

const findAll = (selector, elem) => {
    if (!elem) {
        elem = document
    }
    return [...elem.querySelectorAll(selector)]
}

const dom = {
    getStaticRow: (key, value) => {
        const envRow = templateEnvRow.content.cloneNode(true)
        const isObj = typeof value === 'object' && value !== null
        const values = isObj ? Object.keys(value).map((k) => `${k}: ${value[k]}`) : null

        const valuesElement = htmlToElements(
            values ? `<ul>${values.map((val) => `<li>${val}</li>`).join('')}<ul>` : `<div>${value}</div>`)[0]
        const td = findAll('td', envRow)
        td[0].textContent = key
        td[1].appendChild(valuesElement)

        return envRow
    },
    getResultTBody: ({ testId, id, log, extras, resultsTableRow, tableHtml, result, collapsed }) => {
        const resultBody = templateResult.content.cloneNode(true)
        resultBody.querySelector('tbody').classList.add(result.toLowerCase())
        resultBody.querySelector('tbody').id = testId
        resultBody.querySelector('.collapsible').dataset.id = id

        resultsTableRow.forEach((html) => {
            const t = document.createElement('template')
            t.innerHTML = html
            resultBody.querySelector('.collapsible').appendChild(t.content)
        })

        if (log) {
            // Wrap lines starting with "E" with span.error to color those lines red
            const wrappedLog = log.replace(/^E.*$/gm, (match) => `<span class="error">${match}</span>`)
            resultBody.querySelector('.log').innerHTML = wrappedLog
        } else {
            resultBody.querySelector('.log').remove()
        }

        if (collapsed) {
            resultBody.querySelector('.collapsible > td')?.classList.add('collapsed')
            resultBody.querySelector('.extras-row').classList.add('hidden')
        } else {
            resultBody.querySelector('.collapsible > td')?.classList.remove('collapsed')
        }

        const media = []
        extras?.forEach(({ name, format_type, content }) => {
            if (['image', 'video'].includes(format_type)) {
                media.push({ path: content, name, format_type })
            }

            if (format_type === 'html') {
                resultBody.querySelector('.extraHTML').insertAdjacentHTML('beforeend', `<div>${content}</div>`)
            }
        })
        mediaViewer.setup(resultBody, media)

        // Add custom html from the pytest_html_results_table_html hook
        tableHtml?.forEach((item) => {
            resultBody.querySelector('td[class="extra"]').insertAdjacentHTML('beforeend', item)
        })

        return resultBody
    },
}

module.exports = {
    dom,
    htmlToElements,
    find,
    findAll,
}

},{"./mediaviewer.js":6}],3:[function(require,module,exports){
const { manager } = require('./datamanager.js')
const { doSort } = require('./sort.js')
const storageModule = require('./storage.js')

const getFilteredSubSet = (filter) =>
    manager.allData.tests.filter(({ result }) => filter.includes(result.toLowerCase()))

const doInitFilter = () => {
    const currentFilter = storageModule.getVisible()
    const filteredSubset = getFilteredSubSet(currentFilter)
    manager.setRender(filteredSubset)
}

const doFilter = (type, show) => {
    if (show) {
        storageModule.showCategory(type)
    } else {
        storageModule.hideCategory(type)
    }

    const currentFilter = storageModule.getVisible()
    const filteredSubset = getFilteredSubSet(currentFilter)
    manager.setRender(filteredSubset)

    const sortColumn = storageModule.getSort()
    doSort(sortColumn, true)
}

module.exports = {
    doFilter,
    doInitFilter,
}

},{"./datamanager.js":1,"./sort.js":7,"./storage.js":8}],4:[function(require,module,exports){
const { redraw, bindEvents, renderStatic } = require('./main.js')
const { doInitFilter } = require('./filter.js')
const { doInitSort } = require('./sort.js')
const { manager } = require('./datamanager.js')
const data = JSON.parse(document.getElementById('data-container').dataset.jsonblob)

function init() {
    manager.setManager(data)
    doInitFilter()
    doInitSort()
    renderStatic()
    redraw()
    bindEvents()
}

init()

},{"./datamanager.js":1,"./filter.js":3,"./main.js":5,"./sort.js":7}],5:[function(require,module,exports){
const { dom, find, findAll } = require('./dom.js')
const { manager } = require('./datamanager.js')
const { doSort } = require('./sort.js')
const { doFilter } = require('./filter.js')
const {
    getVisible,
    getCollapsedIds,
    setCollapsedIds,
    getSort,
    getSortDirection,
    possibleFilters,
} = require('./storage.js')

const removeChildren = (node) => {
    while (node.firstChild) {
        node.removeChild(node.firstChild)
    }
}

const renderStatic = () => {
    const renderEnvironmentTable = () => {
        const environment = manager.environment
        const rows = Object.keys(environment).map((key) => dom.getStaticRow(key, environment[key]))
        const table = document.getElementById('environment')
        removeChildren(table)
        rows.forEach((row) => table.appendChild(row))
    }
    renderEnvironmentTable()
}

const addItemToggleListener = (elem) => {
    elem.addEventListener('click', ({ target }) => {
        const id = target.parentElement.dataset.id
        manager.toggleCollapsedItem(id)

        const collapsedIds = getCollapsedIds()
        if (collapsedIds.includes(id)) {
            const updated = collapsedIds.filter((item) => item !== id)
            setCollapsedIds(updated)
        } else {
            collapsedIds.push(id)
            setCollapsedIds(collapsedIds)
        }
        redraw()
    })
}

const renderContent = (tests) => {
    const sortAttr = getSort(manager.initialSort)
    const sortAsc = JSON.parse(getSortDirection())
    const rows = tests.map(dom.getResultTBody)
    const table = document.getElementById('results-table')
    const tableHeader = document.getElementById('results-table-head')

    const newTable = document.createElement('table')
    newTable.id = 'results-table'

    // remove all sorting classes and set the relevant
    findAll('.sortable', tableHeader).forEach((elem) => elem.classList.remove('asc', 'desc'))
    tableHeader.querySelector(`.sortable[data-column-type="${sortAttr}"]`)?.classList.add(sortAsc ? 'desc' : 'asc')
    newTable.appendChild(tableHeader)

    if (!rows.length) {
        const emptyTable = document.getElementById('template_results-table__body--empty').content.cloneNode(true)
        newTable.appendChild(emptyTable)
    } else {
        rows.forEach((row) => {
            if (!!row) {
                findAll('.collapsible td:not(.col-links', row).forEach(addItemToggleListener)
                find('.logexpander', row).addEventListener('click',
                    (evt) => evt.target.parentNode.classList.toggle('expanded'),
                )
                newTable.appendChild(row)
            }
        })
    }

    table.replaceWith(newTable)
}

const renderDerived = () => {
    const currentFilter = getVisible()
    possibleFilters.forEach((result) => {
        const input = document.querySelector(`input[data-test-result="${result}"]`)
        input.checked = currentFilter.includes(result)
    })
}

const bindEvents = () => {
    const filterColumn = (evt) => {
        const { target: element } = evt
        const { testResult } = element.dataset

        doFilter(testResult, element.checked)
        const collapsedIds = getCollapsedIds()
        const updated = manager.renderData.tests.map((test) => {
            return {
                ...test,
                collapsed: collapsedIds.includes(test.id),
            }
        })
        manager.setRender(updated)
        redraw()
    }

    const header = document.getElementById('environment-header')
    header.addEventListener('click', () => {
        const table = document.getElementById('environment')
        table.classList.toggle('hidden')
        header.classList.toggle('collapsed')
    })

    findAll('input[name="filter_checkbox"]').forEach((elem) => {
        elem.addEventListener('click', filterColumn)
    })

    findAll('.sortable').forEach((elem) => {
        elem.addEventListener('click', (evt) => {
            const { target: element } = evt
            const { columnType } = element.dataset
            doSort(columnType)
            redraw()
        })
    })

    document.getElementById('show_all_details').addEventListener('click', () => {
        manager.allCollapsed = false
        setCollapsedIds([])
        redraw()
    })
    document.getElementById('hide_all_details').addEventListener('click', () => {
        manager.allCollapsed = true
        const allIds = manager.renderData.tests.map((test) => test.id)
        setCollapsedIds(allIds)
        redraw()
    })
}

const redraw = () => {
    const { testSubset } = manager

    renderContent(testSubset)
    renderDerived()
}

module.exports = {
    redraw,
    bindEvents,
    renderStatic,
}

},{"./datamanager.js":1,"./dom.js":2,"./filter.js":3,"./sort.js":7,"./storage.js":8}],6:[function(require,module,exports){
class MediaViewer {
    constructor(assets) {
        this.assets = assets
        this.index = 0
    }

    nextActive() {
        this.index = this.index === this.assets.length - 1 ? 0 : this.index + 1
        return [this.activeFile, this.index]
    }

    prevActive() {
        this.index = this.index === 0 ? this.assets.length - 1 : this.index -1
        return [this.activeFile, this.index]
    }

    get currentIndex() {
        return this.index
    }

    get activeFile() {
        return this.assets[this.index]
    }
}


const setup = (resultBody, assets) => {
    if (!assets.length) {
        resultBody.querySelector('.media').classList.add('hidden')
        return
    }

    const mediaViewer = new MediaViewer(assets)
    const container = resultBody.querySelector('.media-container')
    const leftArrow = resultBody.querySelector('.media-container__nav--left')
    const rightArrow = resultBody.querySelector('.media-container__nav--right')
    const mediaName = resultBody.querySelector('.media__name')
    const counter = resultBody.querySelector('.media__counter')
    const imageEl = resultBody.querySelector('img')
    const sourceEl = resultBody.querySelector('source')
    const videoEl = resultBody.querySelector('video')

    const setImg = (media, index) => {
        if (media?.format_type === 'image') {
            imageEl.src = media.path

            imageEl.classList.remove('hidden')
            videoEl.classList.add('hidden')
        } else if (media?.format_type === 'video') {
            sourceEl.src = media.path

            videoEl.classList.remove('hidden')
            imageEl.classList.add('hidden')
        }

        mediaName.innerText = media?.name
        counter.innerText = `${index + 1} / ${assets.length}`
    }
    setImg(mediaViewer.activeFile, mediaViewer.currentIndex)

    const moveLeft = () => {
        const [media, index] = mediaViewer.prevActive()
        setImg(media, index)
    }
    const doRight = () => {
        const [media, index] = mediaViewer.nextActive()
        setImg(media, index)
    }
    const openImg = () => {
        window.open(mediaViewer.activeFile.path, '_blank')
    }
    if (assets.length === 1) {
        container.classList.add('media-container--fullscreen')
    } else {
        leftArrow.addEventListener('click', moveLeft)
        rightArrow.addEventListener('click', doRight)
    }
    imageEl.addEventListener('click', openImg)
}

module.exports = {
    setup,
}

},{}],7:[function(require,module,exports){
const { manager } = require('./datamanager.js')
const storageModule = require('./storage.js')

const genericSort = (list, key, ascending, customOrder) => {
    let sorted
    if (customOrder) {
        sorted = list.sort((a, b) => {
            const aValue = a.result.toLowerCase()
            const bValue = b.result.toLowerCase()

            const aIndex = customOrder.findIndex((item) => item.toLowerCase() === aValue)
            const bIndex = customOrder.findIndex((item) => item.toLowerCase() === bValue)

            // Compare the indices to determine the sort order
            return aIndex - bIndex
        })
    } else {
        sorted = list.sort((a, b) => a[key] === b[key] ? 0 : a[key] > b[key] ? 1 : -1)
    }

    if (ascending) {
        sorted.reverse()
    }
    return sorted
}

const durationSort = (list, ascending) => {
    const parseDuration = (duration) => {
        if (duration.includes(':')) {
            // If it's in the format "HH:mm:ss"
            const [hours, minutes, seconds] = duration.split(':').map(Number)
            return (hours * 3600 + minutes * 60 + seconds) * 1000
        } else {
            // If it's in the format "nnn ms"
            return parseInt(duration)
        }
    }
    const sorted = list.sort((a, b) => parseDuration(a['duration']) - parseDuration(b['duration']))
    if (ascending) {
        sorted.reverse()
    }
    return sorted
}

const doInitSort = () => {
    const type = storageModule.getSort(manager.initialSort)
    const ascending = storageModule.getSortDirection()
    const list = manager.testSubset
    const initialOrder = ['Error', 'Failed', 'Rerun', 'XFailed', 'XPassed', 'Skipped', 'Passed']

    storageModule.setSort(type)
    storageModule.setSortDirection(ascending)

    if (type?.toLowerCase() === 'original') {
        manager.setRender(list)
    } else {
        let sortedList
        switch (type) {
        case 'duration':
            sortedList = durationSort(list, ascending)
            break
        case 'result':
            sortedList = genericSort(list, type, ascending, initialOrder)
            break
        default:
            sortedList = genericSort(list, type, ascending)
            break
        }
        manager.setRender(sortedList)
    }
}

const doSort = (type, skipDirection) => {
    const newSortType = storageModule.getSort(manager.initialSort) !== type
    const currentAsc = storageModule.getSortDirection()
    let ascending
    if (skipDirection) {
        ascending = currentAsc
    } else {
        ascending = newSortType ? false : !currentAsc
    }
    storageModule.setSort(type)
    storageModule.setSortDirection(ascending)

    const list = manager.testSubset
    const sortedList = type === 'duration' ? durationSort(list, ascending) : genericSort(list, type, ascending)
    manager.setRender(sortedList)
}

module.exports = {
    doInitSort,
    doSort,
}

},{"./datamanager.js":1,"./storage.js":8}],8:[function(require,module,exports){
const possibleFilters = [
    'passed',
    'skipped',
    'failed',
    'error',
    'xfailed',
    'xpassed',
    'rerun',
]

const getVisible = () => {
    const url = new URL(window.location.href)
    const settings = new URLSearchParams(url.search).get('visible')
    const lower = (item) => {
        const lowerItem = item.toLowerCase()
        if (possibleFilters.includes(lowerItem)) {
            return lowerItem
        }
        return null
    }
    return settings === null ?
        possibleFilters :
        [...new Set(settings?.split(',').map(lower).filter((item) => item))]
}

const hideCategory = (categoryToHide) => {
    const url = new URL(window.location.href)
    const visibleParams = new URLSearchParams(url.search).get('visible')
    const currentVisible = visibleParams ? visibleParams.split(',') : [...possibleFilters]
    const settings = [...new Set(currentVisible)].filter((f) => f !== categoryToHide).join(',')

    url.searchParams.set('visible', settings)
    window.history.pushState({}, null, unescape(url.href))
}

const showCategory = (categoryToShow) => {
    if (typeof window === 'undefined') {
        return
    }
    const url = new URL(window.location.href)
    const currentVisible = new URLSearchParams(url.search).get('visible')?.split(',').filter(Boolean) ||
        [...possibleFilters]
    const settings = [...new Set([categoryToShow, ...currentVisible])]
    const noFilter = possibleFilters.length === settings.length || !settings.length

    noFilter ? url.searchParams.delete('visible') : url.searchParams.set('visible', settings.join(','))
    window.history.pushState({}, null, unescape(url.href))
}

const getSort = (initialSort) => {
    const url = new URL(window.location.href)
    let sort = new URLSearchParams(url.search).get('sort')
    if (!sort) {
        sort = initialSort || 'result'
    }
    return sort
}

const setSort = (type) => {
    const url = new URL(window.location.href)
    url.searchParams.set('sort', type)
    window.history.pushState({}, null, unescape(url.href))
}

const getCollapsedCategory = (renderCollapsed) => {
    let categories
    if (typeof window !== 'undefined') {
        const url = new URL(window.location.href)
        const collapsedItems = new URLSearchParams(url.search).get('collapsed')
        switch (true) {
        case !renderCollapsed && collapsedItems === null:
            categories = ['passed']
            break
        case collapsedItems?.length === 0 || /^["']{2}$/.test(collapsedItems):
            categories = []
            break
        case /^all$/.test(collapsedItems) || collapsedItems === null && /^all$/.test(renderCollapsed):
            categories = [...possibleFilters]
            break
        default:
            categories = collapsedItems?.split(',').map((item) => item.toLowerCase()) || renderCollapsed
            break
        }
    } else {
        categories = []
    }
    return categories
}

const getSortDirection = () => JSON.parse(sessionStorage.getItem('sortAsc')) || false
const setSortDirection = (ascending) => sessionStorage.setItem('sortAsc', ascending)

const getCollapsedIds = () => JSON.parse(sessionStorage.getItem('collapsedIds')) || []
const setCollapsedIds = (list) => sessionStorage.setItem('collapsedIds', JSON.stringify(list))

module.exports = {
    getVisible,
    hideCategory,
    showCategory,
    getCollapsedIds,
    setCollapsedIds,
    getSort,
    setSort,
    getSortDirection,
    setSortDirection,
    getCollapsedCategory,
    possibleFilters,
}

},{}]},{},[4]);
    </script>
  </footer>
</html>